2025-12-27 14:12:52.150 [TestNG-tests-1] INFO  testCases.TC_002AccountRegistrationTestDDTxlsx - Starting test...
2025-12-27 14:13:17.660 [TestNG-tests-1] INFO  testCases.TC_002AccountRegistrationTestDDTxlsx - Navigated to: https://demoqa.com/
2025-12-27 14:13:17.683 [TestNG-tests-1] INFO  utilities.RegisterDataProvider - Reading Register data from Excel: testData/register_user.xlsx, Sheet: Sheet1
2025-12-27 14:13:17.686 [TestNG-tests-1] INFO  utilities.ExcelUtils - Opening Excel file: testData/register_user.xlsx
2025-12-27 14:13:18.843 [TestNG-tests-1] INFO  utilities.ExcelUtils - Loaded sheet: Sheet1
2025-12-27 14:13:18.843 [TestNG-tests-1] INFO  utilities.ExcelUtils - Row count retrieved: 7
2025-12-27 14:13:18.868 [TestNG-tests-1] INFO  utilities.RegisterDataProvider - Loaded Row 1 -> UserName: hafiz_ahsan1, ExpectedResult: Fail
2025-12-27 14:13:18.869 [TestNG-tests-1] INFO  utilities.RegisterDataProvider - Loaded Row 2 -> UserName: hafiz_ahsan2, ExpectedResult: Fail
2025-12-27 14:13:18.869 [TestNG-tests-1] INFO  utilities.RegisterDataProvider - Loaded Row 3 -> UserName: hafiz_ahsan3, ExpectedResult: Fail
2025-12-27 14:13:18.870 [TestNG-tests-1] INFO  utilities.RegisterDataProvider - Loaded Row 4 -> UserName: hafiz_ahsan4, ExpectedResult: Fail
2025-12-27 14:13:18.870 [TestNG-tests-1] INFO  utilities.RegisterDataProvider - Loaded Row 5 -> UserName: hafiz_ahsan, ExpectedResult: Fail
2025-12-27 14:13:18.871 [TestNG-tests-1] INFO  utilities.RegisterDataProvider - Loaded Row 6 -> UserName: hafiz@gmail.com, ExpectedResult: Pass
2025-12-27 14:13:18.871 [TestNG-tests-1] INFO  utilities.ExcelUtils - Workbook closed.
2025-12-27 14:13:18.871 [TestNG-tests-1] INFO  utilities.RegisterDataProvider - Excel workbook closed.
2025-12-27 14:13:18.897 [TestNG-tests-1] INFO  testCases.TC_002AccountRegistrationTestDDTxlsx - ===== Starting Account Login DDT Test for: hafiz_ahsan1 =====
2025-12-27 14:13:18.897 [TestNG-tests-1] INFO  utilities.ExcelUtils - Opening Excel file: testData/register_user.xlsx
2025-12-27 14:13:18.948 [TestNG-tests-1] INFO  utilities.ExcelUtils - Loaded sheet: Sheet1
2025-12-27 14:13:19.101 [TestNG-tests-1] INFO  testCases.TC_002AccountRegistrationTestDDTxlsx - Confirmation message received: Book Store Application
2025-12-27 14:13:19.110 [TestNG-tests-1] INFO  testCases.TC_002AccountRegistrationTestDDTxlsx - HomePage validation passed
2025-12-27 14:13:19.290 [TestNG-tests-1] INFO  testCases.TC_002AccountRegistrationTestDDTxlsx - Clicked on Book Store Application
2025-12-27 14:13:19.360 [TestNG-tests-1] INFO  testCases.TC_002AccountRegistrationTestDDTxlsx - Confirmation message received: Book Store
2025-12-27 14:13:19.360 [TestNG-tests-1] INFO  testCases.TC_002AccountRegistrationTestDDTxlsx - BooksPage validation passed
2025-12-27 14:13:19.438 [TestNG-tests-1] INFO  testCases.TC_002AccountRegistrationTestDDTxlsx - Clicked on Login in Side-Bar
2025-12-27 14:13:19.521 [TestNG-tests-1] INFO  testCases.TC_002AccountRegistrationTestDDTxlsx - Confirmation message received: Login in Book Store
2025-12-27 14:13:19.521 [TestNG-tests-1] INFO  testCases.TC_002AccountRegistrationTestDDTxlsx - LoginPage validation passed
2025-12-27 14:13:19.609 [TestNG-tests-1] INFO  testCases.TC_002AccountRegistrationTestDDTxlsx - Clicked on New User button
2025-12-27 14:13:19.678 [TestNG-tests-1] INFO  testCases.TC_002AccountRegistrationTestDDTxlsx - Confirmation message received: Register to Book Store
2025-12-27 14:13:19.678 [TestNG-tests-1] INFO  testCases.TC_002AccountRegistrationTestDDTxlsx - RegisterPage validation passed
2025-12-27 14:13:19.678 [TestNG-tests-1] INFO  testCases.TC_002AccountRegistrationTestDDTxlsx - Adding New User Info
2025-12-27 14:13:31.509 [TestNG-tests-1] ERROR testCases.TC_002AccountRegistrationTestDDTxlsx - ðŸš¨ Exception during test for user: hafiz_ahsan1 - element click intercepted: Element <button id="register" type="button" class="btn btn-primary">...</button> is not clickable at point (797, 363). Other element would receive the click: <iframe title="recaptcha challenge expires in two minutes" name="c-9kjldj3jyjsq" frameborder="0" scrolling="no" sandbox="allow-forms allow-popups allow-same-origin allow-scripts allow-top-navigation allow-modals allow-popups-to-escape-sandbox allow-storage-access-by-user-activation" src="https://www.google.com/recaptcha/api2/bframe?hl=en&amp;v=7gg7H51Q-naNfhmCP3_R47ho&amp;k=6LdsKacZAAAAAIxY1X8GuHZljebmKWs8JGp97UK7&amp;bft=0dAFcWeA6bb81ezIkCMVwxYoWIOiL7OCPMeezGV3uWVWjLDGs4QBNV3WB_27xG25HPSo-jyEDgKARL8zi39h6xJN_tXV_JhWU4BA" style="width: 387px; height: 567px;"></iframe>
  (Session info: chrome=143.0.7499.111)
Build info: version: '4.38.0', revision: '6b412e825c*'
System info: os.name: 'Windows 11', os.arch: 'amd64', os.version: '10.0', java.version: '21.0.3'
Driver info: org.openqa.selenium.chrome.ChromeDriver
Command: [7ebeff14ef1450b56cfe64a68e6604a9, clickElement {id=f.957D338B9A7B767F878044036F265985.d.6CF15B0CE2A932739D7EF5449D19D2F4.e.56}]
Capabilities {acceptInsecureCerts: false, browserName: chrome, browserVersion: 143.0.7499.111, chrome: {chromedriverVersion: 143.0.7499.169 (164b20aab62..., userDataDir: C:\Users\HAFIZM~2\AppData\L...}, fedcm:accounts: true, goog:chromeOptions: {debuggerAddress: localhost:64359}, goog:processID: 21088, networkConnectionEnabled: false, pageLoadStrategy: normal, platformName: windows, proxy: Proxy(), se:cdp: ws://localhost:64359/devtoo..., se:cdpVersion: 143.0.7499.111, setWindowRect: true, strictFileInteractability: false, timeouts: {implicit: 0, pageLoad: 300000, script: 30000}, unhandledPromptBehavior: dismiss and notify, webauthn:extension:credBlob: true, webauthn:extension:largeBlob: true, webauthn:extension:minPinLength: true, webauthn:extension:prf: true, webauthn:virtualAuthenticators: true}
Element: [[ChromeDriver: chrome on windows (7ebeff14ef1450b56cfe64a68e6604a9)] -> xpath: //button[@id='register']]
Session ID: 7ebeff14ef1450b56cfe64a68e6604a9
2025-12-27 14:13:31.746 [TestNG-tests-1] INFO  utilities.ExcelUtils - Written data to Excel [1][5]: Fail
2025-12-27 14:13:31.779 [TestNG-tests-1] INFO  utilities.ExcelUtils - Written data to Excel [1][6]: Test Failed
2025-12-27 14:13:31.779 [TestNG-tests-1] INFO  utilities.ExcelUtils - Workbook closed.
2025-12-27 14:13:31.983 [TestNG-tests-1] INFO  utilities.ScreenshotUtil - Screenshot saved to: D:\SeleniumLearning\DemoQa/screenshots/accountRegistration_20251227141331.png
2025-12-27 14:13:31.999 [TestNG-tests-1] INFO  testCases.TC_002AccountRegistrationTestDDTxlsx - ===== Starting Account Login DDT Test for: hafiz_ahsan2 =====
2025-12-27 14:13:31.999 [TestNG-tests-1] INFO  utilities.ExcelUtils - Opening Excel file: testData/register_user.xlsx
2025-12-27 14:13:32.050 [TestNG-tests-1] INFO  utilities.ExcelUtils - Loaded sheet: Sheet1
2025-12-27 14:13:52.108 [TestNG-tests-1] INFO  testCases.TC_002AccountRegistrationTestDDTxlsx - Confirmation message received: null
2025-12-27 14:13:52.121 [TestNG-tests-1] INFO  utilities.ExcelUtils - Workbook closed.
2025-12-27 14:13:52.315 [TestNG-tests-1] INFO  utilities.ScreenshotUtil - Screenshot saved to: D:\SeleniumLearning\DemoQa/screenshots/accountRegistration_20251227141352.png
2025-12-27 14:13:52.321 [TestNG-tests-1] INFO  testCases.TC_002AccountRegistrationTestDDTxlsx - ===== Starting Account Login DDT Test for: hafiz_ahsan3 =====
2025-12-27 14:13:52.322 [TestNG-tests-1] INFO  utilities.ExcelUtils - Opening Excel file: testData/register_user.xlsx
2025-12-27 14:13:52.362 [TestNG-tests-1] INFO  utilities.ExcelUtils - Loaded sheet: Sheet1
2025-12-27 14:14:12.472 [TestNG-tests-1] INFO  testCases.TC_002AccountRegistrationTestDDTxlsx - Confirmation message received: null
2025-12-27 14:14:12.472 [TestNG-tests-1] INFO  utilities.ExcelUtils - Workbook closed.
2025-12-27 14:14:12.594 [TestNG-tests-1] INFO  utilities.ScreenshotUtil - Screenshot saved to: D:\SeleniumLearning\DemoQa/screenshots/accountRegistration_20251227141412.png
2025-12-27 14:14:12.607 [TestNG-tests-1] INFO  testCases.TC_002AccountRegistrationTestDDTxlsx - ===== Starting Account Login DDT Test for: hafiz_ahsan4 =====
2025-12-27 14:14:12.607 [TestNG-tests-1] INFO  utilities.ExcelUtils - Opening Excel file: testData/register_user.xlsx
2025-12-27 14:14:12.641 [TestNG-tests-1] INFO  utilities.ExcelUtils - Loaded sheet: Sheet1
2025-12-27 14:14:32.736 [TestNG-tests-1] INFO  testCases.TC_002AccountRegistrationTestDDTxlsx - Confirmation message received: null
2025-12-27 14:14:32.736 [TestNG-tests-1] INFO  utilities.ExcelUtils - Workbook closed.
2025-12-27 14:14:32.859 [TestNG-tests-1] INFO  utilities.ScreenshotUtil - Screenshot saved to: D:\SeleniumLearning\DemoQa/screenshots/accountRegistration_20251227141432.png
2025-12-27 14:14:32.875 [TestNG-tests-1] INFO  testCases.TC_002AccountRegistrationTestDDTxlsx - ===== Starting Account Login DDT Test for: hafiz_ahsan =====
2025-12-27 14:14:32.876 [TestNG-tests-1] INFO  utilities.ExcelUtils - Opening Excel file: testData/register_user.xlsx
2025-12-27 14:14:32.902 [TestNG-tests-1] INFO  utilities.ExcelUtils - Loaded sheet: Sheet1
2025-12-27 14:14:53.011 [TestNG-tests-1] INFO  testCases.TC_002AccountRegistrationTestDDTxlsx - Confirmation message received: null
2025-12-27 14:14:53.011 [TestNG-tests-1] INFO  utilities.ExcelUtils - Workbook closed.
2025-12-27 14:14:53.148 [TestNG-tests-1] INFO  utilities.ScreenshotUtil - Screenshot saved to: D:\SeleniumLearning\DemoQa/screenshots/accountRegistration_20251227141453.png
2025-12-27 14:14:53.153 [TestNG-tests-1] INFO  testCases.TC_002AccountRegistrationTestDDTxlsx - ===== Starting Account Login DDT Test for: hafiz@gmail.com =====
2025-12-27 14:14:53.154 [TestNG-tests-1] INFO  utilities.ExcelUtils - Opening Excel file: testData/register_user.xlsx
2025-12-27 14:14:53.186 [TestNG-tests-1] INFO  utilities.ExcelUtils - Loaded sheet: Sheet1
2025-12-27 14:15:13.266 [TestNG-tests-1] INFO  testCases.TC_002AccountRegistrationTestDDTxlsx - Confirmation message received: null
2025-12-27 14:15:13.266 [TestNG-tests-1] INFO  utilities.ExcelUtils - Workbook closed.
2025-12-27 14:15:13.402 [TestNG-tests-1] INFO  utilities.ScreenshotUtil - Screenshot saved to: D:\SeleniumLearning\DemoQa/screenshots/accountRegistration_20251227141513.png
2025-12-27 14:15:13.680 [TestNG-tests-1] INFO  testCases.TC_002AccountRegistrationTestDDTxlsx - Browser closed successfully.
2025-12-27 14:15:14.062 [TestNG-tests-1] INFO  utilities.EmailReportSender - Sender email: ahsan.clariv@gmail.com
2025-12-27 14:15:14.062 [TestNG-tests-1] INFO  utilities.EmailReportSender - Sender password: mstv vggb nbmk kehz
2025-12-27 14:15:14.062 [TestNG-tests-1] INFO  utilities.EmailReportSender - SMTP properties: {mail.smtp.port=587, mail.smtp.auth=true, mail.smtp.starttls.enable=true, mail.smtp.host=smtp.gmail.com}
2025-12-27 14:15:19.046 [TestNG-tests-1] INFO  utilities.EmailReportSender - Report sent successfully to hafizgee07@gmail.com
2025-12-27 14:28:27.865 [TestNG-tests-1] INFO  testCases.TC_002AccountRegistrationTestDDTxlsx - Starting test...
2025-12-27 14:28:42.714 [TestNG-tests-1] INFO  testCases.TC_002AccountRegistrationTestDDTxlsx - Navigated to: https://demoqa.com/
2025-12-27 14:28:42.734 [TestNG-tests-1] INFO  utilities.RegisterDataProvider - Reading Register data from Excel: testData/register_user.xlsx, Sheet: Sheet1
2025-12-27 14:28:42.737 [TestNG-tests-1] INFO  utilities.ExcelUtils - Opening Excel file: testData/register_user.xlsx
2025-12-27 14:28:43.763 [TestNG-tests-1] INFO  utilities.ExcelUtils - Loaded sheet: Sheet1
2025-12-27 14:28:43.763 [TestNG-tests-1] INFO  utilities.ExcelUtils - Row count retrieved: 7
2025-12-27 14:28:43.775 [TestNG-tests-1] INFO  utilities.RegisterDataProvider - Loaded Row 1 -> UserName: hafiz_ahsan1, ExpectedResult: Fail
2025-12-27 14:28:43.778 [TestNG-tests-1] INFO  utilities.RegisterDataProvider - Loaded Row 2 -> UserName: hafiz_ahsan2, ExpectedResult: Fail
2025-12-27 14:28:43.779 [TestNG-tests-1] INFO  utilities.RegisterDataProvider - Loaded Row 3 -> UserName: hafiz_ahsan3, ExpectedResult: Fail
2025-12-27 14:28:43.781 [TestNG-tests-1] INFO  utilities.RegisterDataProvider - Loaded Row 4 -> UserName: hafiz_ahsan4, ExpectedResult: Fail
2025-12-27 14:28:43.785 [TestNG-tests-1] INFO  utilities.RegisterDataProvider - Loaded Row 5 -> UserName: hafiz_ahsan, ExpectedResult: Fail
2025-12-27 14:28:43.788 [TestNG-tests-1] INFO  utilities.RegisterDataProvider - Loaded Row 6 -> UserName: hafiz@gmail.com, ExpectedResult: Pass
2025-12-27 14:28:43.789 [TestNG-tests-1] INFO  utilities.ExcelUtils - Workbook closed.
2025-12-27 14:28:43.789 [TestNG-tests-1] INFO  utilities.RegisterDataProvider - Excel workbook closed.
2025-12-27 14:28:43.847 [TestNG-tests-1] INFO  testCases.TC_002AccountRegistrationTestDDTxlsx - ===== Starting Registration DDT Test for: hafiz_ahsan1 =====
2025-12-27 14:28:43.848 [TestNG-tests-1] INFO  utilities.ExcelUtils - Opening Excel file: testData/register_user.xlsx
2025-12-27 14:28:43.947 [TestNG-tests-1] INFO  utilities.ExcelUtils - Loaded sheet: Sheet1
2025-12-27 14:28:54.846 [TestNG-tests-1] INFO  testCases.TC_002AccountRegistrationTestDDTxlsx - Registration form submitted
2025-12-27 14:29:00.029 [TestNG-tests-1] ERROR testCases.TC_002AccountRegistrationTestDDTxlsx -  Exception for user: hafiz_ahsan1 | Expected condition failed: waiting for alert to be present (tried for 5 second(s) with 500 milliseconds interval)
Build info: version: '4.38.0', revision: '6b412e825c*'
System info: os.name: 'Windows 11', os.arch: 'amd64', os.version: '10.0', java.version: '21.0.3'
Driver info: org.openqa.selenium.chrome.ChromeDriver
Capabilities {acceptInsecureCerts: false, browserName: chrome, browserVersion: 143.0.7499.111, chrome: {chromedriverVersion: 143.0.7499.169 (164b20aab62..., userDataDir: C:\Users\HAFIZM~2\AppData\L...}, fedcm:accounts: true, goog:chromeOptions: {debuggerAddress: localhost:58552}, goog:processID: 31184, networkConnectionEnabled: false, pageLoadStrategy: normal, platformName: windows, proxy: Proxy(), se:cdp: ws://localhost:58552/devtoo..., se:cdpVersion: 143.0.7499.111, setWindowRect: true, strictFileInteractability: false, timeouts: {implicit: 0, pageLoad: 300000, script: 30000}, unhandledPromptBehavior: dismiss and notify, webauthn:extension:credBlob: true, webauthn:extension:largeBlob: true, webauthn:extension:minPinLength: true, webauthn:extension:prf: true, webauthn:virtualAuthenticators: true}
Session ID: bae63c5c52da8c95cba4cbe3eab61dd5
2025-12-27 14:29:00.190 [TestNG-tests-1] INFO  utilities.ExcelUtils - Written data to Excel [1][5]: Fail
2025-12-27 14:29:00.221 [TestNG-tests-1] INFO  utilities.ExcelUtils - Written data to Excel [1][6]: Execution Error
2025-12-27 14:29:00.221 [TestNG-tests-1] INFO  utilities.ExcelUtils - Workbook closed.
2025-12-27 14:29:00.440 [TestNG-tests-1] INFO  utilities.ScreenshotUtil - Screenshot saved to: D:\SeleniumLearning\DemoQa/screenshots/accountRegistration_20251227142900.png
2025-12-27 14:29:00.440 [TestNG-tests-1] INFO  testCases.TC_002AccountRegistrationTestDDTxlsx - ===== Starting Registration DDT Test for: hafiz_ahsan2 =====
2025-12-27 14:29:00.440 [TestNG-tests-1] INFO  utilities.ExcelUtils - Opening Excel file: testData/register_user.xlsx
2025-12-27 14:29:00.496 [TestNG-tests-1] INFO  utilities.ExcelUtils - Loaded sheet: Sheet1
2025-12-27 14:29:32.417 [TestNG-tests-1] ERROR testCases.TC_002AccountRegistrationTestDDTxlsx -  Exception for user: hafiz_ahsan2 | element click intercepted: Element <button id="register" type="button" class="btn btn-primary">...</button> is not clickable at point (797, 550). Other element would receive the click: <iframe id="google_ads_iframe_/21849154601,22343295815/Ad.Plus-Anchor_0" name="google_ads_iframe_/21849154601,22343295815/Ad.Plus-Anchor_0" title="3rd party ad content" width="970" height="100" scrolling="no" marginwidth="0" marginheight="0" frameborder="0" aria-label="Advertisement" tabindex="0" allow="private-state-token-redemption;attribution-reporting" data-load-complete="true" style="border: 0px; vertical-align: bottom;" data-google-container-id="1"></iframe>
  (Session info: chrome=143.0.7499.111)
Build info: version: '4.38.0', revision: '6b412e825c*'
System info: os.name: 'Windows 11', os.arch: 'amd64', os.version: '10.0', java.version: '21.0.3'
Driver info: org.openqa.selenium.chrome.ChromeDriver
Command: [bae63c5c52da8c95cba4cbe3eab61dd5, clickElement {id=f.A3B24E15FA0941C6FB110EBCBC159178.d.4D4CC3C11C78C7BF080224467BAE3303.e.100}]
Capabilities {acceptInsecureCerts: false, browserName: chrome, browserVersion: 143.0.7499.111, chrome: {chromedriverVersion: 143.0.7499.169 (164b20aab62..., userDataDir: C:\Users\HAFIZM~2\AppData\L...}, fedcm:accounts: true, goog:chromeOptions: {debuggerAddress: localhost:58552}, goog:processID: 31184, networkConnectionEnabled: false, pageLoadStrategy: normal, platformName: windows, proxy: Proxy(), se:cdp: ws://localhost:58552/devtoo..., se:cdpVersion: 143.0.7499.111, setWindowRect: true, strictFileInteractability: false, timeouts: {implicit: 0, pageLoad: 300000, script: 30000}, unhandledPromptBehavior: dismiss and notify, webauthn:extension:credBlob: true, webauthn:extension:largeBlob: true, webauthn:extension:minPinLength: true, webauthn:extension:prf: true, webauthn:virtualAuthenticators: true}
Element: [[ChromeDriver: chrome on windows (bae63c5c52da8c95cba4cbe3eab61dd5)] -> xpath: //button[@id='register']]
Session ID: bae63c5c52da8c95cba4cbe3eab61dd5
2025-12-27 14:29:32.431 [TestNG-tests-1] INFO  utilities.ExcelUtils - Written data to Excel [2][5]: Fail
2025-12-27 14:29:32.449 [TestNG-tests-1] INFO  utilities.ExcelUtils - Written data to Excel [2][6]: Execution Error
2025-12-27 14:29:32.449 [TestNG-tests-1] INFO  utilities.ExcelUtils - Workbook closed.
2025-12-27 14:29:32.670 [TestNG-tests-1] INFO  utilities.ScreenshotUtil - Screenshot saved to: D:\SeleniumLearning\DemoQa/screenshots/accountRegistration_20251227142932.png
2025-12-27 14:29:32.674 [TestNG-tests-1] INFO  testCases.TC_002AccountRegistrationTestDDTxlsx - ===== Starting Registration DDT Test for: hafiz_ahsan3 =====
2025-12-27 14:29:32.674 [TestNG-tests-1] INFO  utilities.ExcelUtils - Opening Excel file: testData/register_user.xlsx
2025-12-27 14:29:32.698 [TestNG-tests-1] INFO  utilities.ExcelUtils - Loaded sheet: Sheet1
2025-12-27 14:30:04.731 [TestNG-tests-1] ERROR testCases.TC_002AccountRegistrationTestDDTxlsx -  Exception for user: hafiz_ahsan3 | element click intercepted: Element <button id="register" type="button" class="btn btn-primary">...</button> is not clickable at point (797, 545). Other element would receive the click: <iframe id="google_ads_iframe_/21849154601,22343295815/Ad.Plus-Anchor_0" name="google_ads_iframe_/21849154601,22343295815/Ad.Plus-Anchor_0" title="3rd party ad content" width="970" height="100" scrolling="no" marginwidth="0" marginheight="0" frameborder="0" aria-label="Advertisement" tabindex="0" allow="private-state-token-redemption;attribution-reporting" data-load-complete="true" style="border: 0px; vertical-align: bottom;" data-google-container-id="1"></iframe>
  (Session info: chrome=143.0.7499.111)
Build info: version: '4.38.0', revision: '6b412e825c*'
System info: os.name: 'Windows 11', os.arch: 'amd64', os.version: '10.0', java.version: '21.0.3'
Driver info: org.openqa.selenium.chrome.ChromeDriver
Command: [bae63c5c52da8c95cba4cbe3eab61dd5, clickElement {id=f.A3B24E15FA0941C6FB110EBCBC159178.d.4D4CC3C11C78C7BF080224467BAE3303.e.120}]
Capabilities {acceptInsecureCerts: false, browserName: chrome, browserVersion: 143.0.7499.111, chrome: {chromedriverVersion: 143.0.7499.169 (164b20aab62..., userDataDir: C:\Users\HAFIZM~2\AppData\L...}, fedcm:accounts: true, goog:chromeOptions: {debuggerAddress: localhost:58552}, goog:processID: 31184, networkConnectionEnabled: false, pageLoadStrategy: normal, platformName: windows, proxy: Proxy(), se:cdp: ws://localhost:58552/devtoo..., se:cdpVersion: 143.0.7499.111, setWindowRect: true, strictFileInteractability: false, timeouts: {implicit: 0, pageLoad: 300000, script: 30000}, unhandledPromptBehavior: dismiss and notify, webauthn:extension:credBlob: true, webauthn:extension:largeBlob: true, webauthn:extension:minPinLength: true, webauthn:extension:prf: true, webauthn:virtualAuthenticators: true}
Element: [[ChromeDriver: chrome on windows (bae63c5c52da8c95cba4cbe3eab61dd5)] -> xpath: //button[@id='register']]
Session ID: bae63c5c52da8c95cba4cbe3eab61dd5
2025-12-27 14:30:04.747 [TestNG-tests-1] INFO  utilities.ExcelUtils - Written data to Excel [3][5]: Fail
2025-12-27 14:30:04.763 [TestNG-tests-1] INFO  utilities.ExcelUtils - Written data to Excel [3][6]: Execution Error
2025-12-27 14:30:04.763 [TestNG-tests-1] INFO  utilities.ExcelUtils - Workbook closed.
2025-12-27 14:30:04.993 [TestNG-tests-1] INFO  utilities.ScreenshotUtil - Screenshot saved to: D:\SeleniumLearning\DemoQa/screenshots/accountRegistration_20251227143004.png
2025-12-27 14:30:04.993 [TestNG-tests-1] INFO  testCases.TC_002AccountRegistrationTestDDTxlsx - ===== Starting Registration DDT Test for: hafiz_ahsan4 =====
2025-12-27 14:30:04.998 [TestNG-tests-1] INFO  utilities.ExcelUtils - Opening Excel file: testData/register_user.xlsx
2025-12-27 14:30:05.034 [TestNG-tests-1] INFO  utilities.ExcelUtils - Loaded sheet: Sheet1
2025-12-27 14:30:36.986 [TestNG-tests-1] ERROR testCases.TC_002AccountRegistrationTestDDTxlsx -  Exception for user: hafiz_ahsan4 | element click intercepted: Element <button id="register" type="button" class="btn btn-primary">...</button> is not clickable at point (797, 549). Other element would receive the click: <iframe id="google_ads_iframe_/21849154601,22343295815/Ad.Plus-Anchor_0" name="google_ads_iframe_/21849154601,22343295815/Ad.Plus-Anchor_0" title="3rd party ad content" width="970" height="100" scrolling="no" marginwidth="0" marginheight="0" frameborder="0" aria-label="Advertisement" tabindex="0" allow="private-state-token-redemption;attribution-reporting" data-load-complete="true" style="border: 0px; vertical-align: bottom;" data-google-container-id="1"></iframe>
  (Session info: chrome=143.0.7499.111)
Build info: version: '4.38.0', revision: '6b412e825c*'
System info: os.name: 'Windows 11', os.arch: 'amd64', os.version: '10.0', java.version: '21.0.3'
Driver info: org.openqa.selenium.chrome.ChromeDriver
Command: [bae63c5c52da8c95cba4cbe3eab61dd5, clickElement {id=f.A3B24E15FA0941C6FB110EBCBC159178.d.4D4CC3C11C78C7BF080224467BAE3303.e.141}]
Capabilities {acceptInsecureCerts: false, browserName: chrome, browserVersion: 143.0.7499.111, chrome: {chromedriverVersion: 143.0.7499.169 (164b20aab62..., userDataDir: C:\Users\HAFIZM~2\AppData\L...}, fedcm:accounts: true, goog:chromeOptions: {debuggerAddress: localhost:58552}, goog:processID: 31184, networkConnectionEnabled: false, pageLoadStrategy: normal, platformName: windows, proxy: Proxy(), se:cdp: ws://localhost:58552/devtoo..., se:cdpVersion: 143.0.7499.111, setWindowRect: true, strictFileInteractability: false, timeouts: {implicit: 0, pageLoad: 300000, script: 30000}, unhandledPromptBehavior: dismiss and notify, webauthn:extension:credBlob: true, webauthn:extension:largeBlob: true, webauthn:extension:minPinLength: true, webauthn:extension:prf: true, webauthn:virtualAuthenticators: true}
Element: [[ChromeDriver: chrome on windows (bae63c5c52da8c95cba4cbe3eab61dd5)] -> xpath: //button[@id='register']]
Session ID: bae63c5c52da8c95cba4cbe3eab61dd5
2025-12-27 14:30:37.025 [TestNG-tests-1] INFO  utilities.ExcelUtils - Written data to Excel [4][5]: Fail
2025-12-27 14:30:37.046 [TestNG-tests-1] INFO  utilities.ExcelUtils - Written data to Excel [4][6]: Execution Error
2025-12-27 14:30:37.046 [TestNG-tests-1] INFO  utilities.ExcelUtils - Workbook closed.
2025-12-27 14:30:37.320 [TestNG-tests-1] INFO  utilities.ScreenshotUtil - Screenshot saved to: D:\SeleniumLearning\DemoQa/screenshots/accountRegistration_20251227143037.png
2025-12-27 14:30:37.326 [TestNG-tests-1] INFO  testCases.TC_002AccountRegistrationTestDDTxlsx - ===== Starting Registration DDT Test for: hafiz_ahsan =====
2025-12-27 14:30:37.326 [TestNG-tests-1] INFO  utilities.ExcelUtils - Opening Excel file: testData/register_user.xlsx
2025-12-27 14:30:37.365 [TestNG-tests-1] INFO  utilities.ExcelUtils - Loaded sheet: Sheet1
2025-12-27 14:31:09.422 [TestNG-tests-1] ERROR testCases.TC_002AccountRegistrationTestDDTxlsx -  Exception for user: hafiz_ahsan | element click intercepted: Element <button id="register" type="button" class="btn btn-primary">...</button> is not clickable at point (797, 547). Other element would receive the click: <iframe id="google_ads_iframe_/21849154601,22343295815/Ad.Plus-Anchor_0" name="google_ads_iframe_/21849154601,22343295815/Ad.Plus-Anchor_0" title="3rd party ad content" width="970" height="100" scrolling="no" marginwidth="0" marginheight="0" frameborder="0" aria-label="Advertisement" tabindex="0" allow="private-state-token-redemption;attribution-reporting" data-load-complete="true" style="border: 0px; vertical-align: bottom;" data-google-container-id="1"></iframe>
  (Session info: chrome=143.0.7499.111)
Build info: version: '4.38.0', revision: '6b412e825c*'
System info: os.name: 'Windows 11', os.arch: 'amd64', os.version: '10.0', java.version: '21.0.3'
Driver info: org.openqa.selenium.chrome.ChromeDriver
Command: [bae63c5c52da8c95cba4cbe3eab61dd5, clickElement {id=f.A3B24E15FA0941C6FB110EBCBC159178.d.4D4CC3C11C78C7BF080224467BAE3303.e.162}]
Capabilities {acceptInsecureCerts: false, browserName: chrome, browserVersion: 143.0.7499.111, chrome: {chromedriverVersion: 143.0.7499.169 (164b20aab62..., userDataDir: C:\Users\HAFIZM~2\AppData\L...}, fedcm:accounts: true, goog:chromeOptions: {debuggerAddress: localhost:58552}, goog:processID: 31184, networkConnectionEnabled: false, pageLoadStrategy: normal, platformName: windows, proxy: Proxy(), se:cdp: ws://localhost:58552/devtoo..., se:cdpVersion: 143.0.7499.111, setWindowRect: true, strictFileInteractability: false, timeouts: {implicit: 0, pageLoad: 300000, script: 30000}, unhandledPromptBehavior: dismiss and notify, webauthn:extension:credBlob: true, webauthn:extension:largeBlob: true, webauthn:extension:minPinLength: true, webauthn:extension:prf: true, webauthn:virtualAuthenticators: true}
Element: [[ChromeDriver: chrome on windows (bae63c5c52da8c95cba4cbe3eab61dd5)] -> xpath: //button[@id='register']]
Session ID: bae63c5c52da8c95cba4cbe3eab61dd5
2025-12-27 14:31:09.453 [TestNG-tests-1] INFO  utilities.ExcelUtils - Written data to Excel [5][5]: Fail
2025-12-27 14:31:09.491 [TestNG-tests-1] INFO  utilities.ExcelUtils - Written data to Excel [5][6]: Execution Error
2025-12-27 14:31:09.491 [TestNG-tests-1] INFO  utilities.ExcelUtils - Workbook closed.
2025-12-27 14:31:09.698 [TestNG-tests-1] INFO  utilities.ScreenshotUtil - Screenshot saved to: D:\SeleniumLearning\DemoQa/screenshots/accountRegistration_20251227143109.png
2025-12-27 14:31:09.698 [TestNG-tests-1] INFO  testCases.TC_002AccountRegistrationTestDDTxlsx - ===== Starting Registration DDT Test for: hafiz@gmail.com =====
2025-12-27 14:31:09.698 [TestNG-tests-1] INFO  utilities.ExcelUtils - Opening Excel file: testData/register_user.xlsx
2025-12-27 14:31:09.718 [TestNG-tests-1] INFO  utilities.ExcelUtils - Loaded sheet: Sheet1
2025-12-27 14:31:41.722 [TestNG-tests-1] ERROR testCases.TC_002AccountRegistrationTestDDTxlsx -  Exception for user: hafiz@gmail.com | element click intercepted: Element <button id="register" type="button" class="btn btn-primary">...</button> is not clickable at point (797, 544). Other element would receive the click: <iframe id="google_ads_iframe_/21849154601,22343295815/Ad.Plus-Anchor_0" name="google_ads_iframe_/21849154601,22343295815/Ad.Plus-Anchor_0" title="3rd party ad content" width="970" height="100" scrolling="no" marginwidth="0" marginheight="0" frameborder="0" aria-label="Advertisement" tabindex="0" allow="private-state-token-redemption;attribution-reporting" data-load-complete="true" style="border: 0px; vertical-align: bottom;" data-google-container-id="1"></iframe>
  (Session info: chrome=143.0.7499.111)
Build info: version: '4.38.0', revision: '6b412e825c*'
System info: os.name: 'Windows 11', os.arch: 'amd64', os.version: '10.0', java.version: '21.0.3'
Driver info: org.openqa.selenium.chrome.ChromeDriver
Command: [bae63c5c52da8c95cba4cbe3eab61dd5, clickElement {id=f.A3B24E15FA0941C6FB110EBCBC159178.d.4D4CC3C11C78C7BF080224467BAE3303.e.181}]
Capabilities {acceptInsecureCerts: false, browserName: chrome, browserVersion: 143.0.7499.111, chrome: {chromedriverVersion: 143.0.7499.169 (164b20aab62..., userDataDir: C:\Users\HAFIZM~2\AppData\L...}, fedcm:accounts: true, goog:chromeOptions: {debuggerAddress: localhost:58552}, goog:processID: 31184, networkConnectionEnabled: false, pageLoadStrategy: normal, platformName: windows, proxy: Proxy(), se:cdp: ws://localhost:58552/devtoo..., se:cdpVersion: 143.0.7499.111, setWindowRect: true, strictFileInteractability: false, timeouts: {implicit: 0, pageLoad: 300000, script: 30000}, unhandledPromptBehavior: dismiss and notify, webauthn:extension:credBlob: true, webauthn:extension:largeBlob: true, webauthn:extension:minPinLength: true, webauthn:extension:prf: true, webauthn:virtualAuthenticators: true}
Element: [[ChromeDriver: chrome on windows (bae63c5c52da8c95cba4cbe3eab61dd5)] -> xpath: //button[@id='register']]
Session ID: bae63c5c52da8c95cba4cbe3eab61dd5
2025-12-27 14:31:41.745 [TestNG-tests-1] INFO  utilities.ExcelUtils - Written data to Excel [6][5]: Fail
2025-12-27 14:31:41.762 [TestNG-tests-1] INFO  utilities.ExcelUtils - Written data to Excel [6][6]: Execution Error
2025-12-27 14:31:41.763 [TestNG-tests-1] INFO  utilities.ExcelUtils - Workbook closed.
2025-12-27 14:31:41.964 [TestNG-tests-1] INFO  utilities.ScreenshotUtil - Screenshot saved to: D:\SeleniumLearning\DemoQa/screenshots/accountRegistration_20251227143141.png
2025-12-27 14:31:42.289 [TestNG-tests-1] INFO  testCases.TC_002AccountRegistrationTestDDTxlsx - Browser closed successfully.
2025-12-27 14:31:42.925 [TestNG-tests-1] INFO  utilities.EmailReportSender - Sender email: ahsan.clariv@gmail.com
2025-12-27 14:31:42.925 [TestNG-tests-1] INFO  utilities.EmailReportSender - Sender password: mstv vggb nbmk kehz
2025-12-27 14:31:42.926 [TestNG-tests-1] INFO  utilities.EmailReportSender - SMTP properties: {mail.smtp.port=587, mail.smtp.auth=true, mail.smtp.starttls.enable=true, mail.smtp.host=smtp.gmail.com}
2025-12-27 14:31:46.953 [TestNG-tests-1] INFO  utilities.EmailReportSender - Report sent successfully to hafizgee07@gmail.com
2025-12-27 14:41:44.036 [TestNG-tests-1] INFO  testCases.TC_002AccountRegistrationTestDDTxlsx - Starting test...
2025-12-27 14:42:02.934 [TestNG-tests-1] INFO  testCases.TC_002AccountRegistrationTestDDTxlsx - Navigated to: https://demoqa.com/
2025-12-27 14:42:02.955 [TestNG-tests-1] INFO  utilities.RegisterDataProvider - Reading Register data from Excel: testData/register_user.xlsx, Sheet: Sheet1
2025-12-27 14:42:02.957 [TestNG-tests-1] INFO  utilities.ExcelUtils - Opening Excel file: testData/register_user.xlsx
2025-12-27 14:42:04.104 [TestNG-tests-1] INFO  utilities.ExcelUtils - Loaded sheet: Sheet1
2025-12-27 14:42:04.106 [TestNG-tests-1] INFO  utilities.ExcelUtils - Row count retrieved: 7
2025-12-27 14:42:04.123 [TestNG-tests-1] INFO  utilities.RegisterDataProvider - Loaded Row 1 -> UserName: hafiz_ahsan1, ExpectedResult: Fail
2025-12-27 14:42:04.128 [TestNG-tests-1] INFO  utilities.RegisterDataProvider - Loaded Row 2 -> UserName: hafiz_ahsan2, ExpectedResult: Fail
2025-12-27 14:42:04.130 [TestNG-tests-1] INFO  utilities.RegisterDataProvider - Loaded Row 3 -> UserName: hafiz_ahsan3, ExpectedResult: Fail
2025-12-27 14:42:04.132 [TestNG-tests-1] INFO  utilities.RegisterDataProvider - Loaded Row 4 -> UserName: hafiz_ahsan4, ExpectedResult: Fail
2025-12-27 14:42:04.134 [TestNG-tests-1] INFO  utilities.RegisterDataProvider - Loaded Row 5 -> UserName: hafiz_ahsan, ExpectedResult: Fail
2025-12-27 14:42:04.134 [TestNG-tests-1] INFO  utilities.RegisterDataProvider - Loaded Row 6 -> UserName: hafiz@gmail.com, ExpectedResult: Pass
2025-12-27 14:42:04.134 [TestNG-tests-1] INFO  utilities.ExcelUtils - Workbook closed.
2025-12-27 14:42:04.134 [TestNG-tests-1] INFO  utilities.RegisterDataProvider - Excel workbook closed.
2025-12-27 14:42:04.229 [TestNG-tests-1] INFO  testCases.TC_002AccountRegistrationTestDDTxlsx - ===== Starting Registration DDT Test for: hafiz_ahsan1 =====
2025-12-27 14:42:04.229 [TestNG-tests-1] INFO  utilities.ExcelUtils - Opening Excel file: testData/register_user.xlsx
2025-12-27 14:42:04.299 [TestNG-tests-1] INFO  utilities.ExcelUtils - Loaded sheet: Sheet1
2025-12-27 14:42:20.553 [TestNG-tests-1] ERROR testCases.TC_002AccountRegistrationTestDDTxlsx - Exception for user: hafiz_ahsan1 | Expected condition failed: waiting for alert to be present (tried for 5 second(s) with 500 milliseconds interval)
Build info: version: '4.38.0', revision: '6b412e825c*'
System info: os.name: 'Windows 11', os.arch: 'amd64', os.version: '10.0', java.version: '21.0.3'
Driver info: org.openqa.selenium.chrome.ChromeDriver
Capabilities {acceptInsecureCerts: false, browserName: chrome, browserVersion: 143.0.7499.111, chrome: {chromedriverVersion: 143.0.7499.169 (164b20aab62..., userDataDir: C:\Users\HAFIZM~2\AppData\L...}, fedcm:accounts: true, goog:chromeOptions: {debuggerAddress: localhost:55571}, goog:processID: 27712, networkConnectionEnabled: false, pageLoadStrategy: normal, platformName: windows, proxy: Proxy(), se:cdp: ws://localhost:55571/devtoo..., se:cdpVersion: 143.0.7499.111, setWindowRect: true, strictFileInteractability: false, timeouts: {implicit: 0, pageLoad: 300000, script: 30000}, unhandledPromptBehavior: dismiss and notify, webauthn:extension:credBlob: true, webauthn:extension:largeBlob: true, webauthn:extension:minPinLength: true, webauthn:extension:prf: true, webauthn:virtualAuthenticators: true}
Session ID: e8a5ffbdfea750f8423fc0a433d87ec9
2025-12-27 14:42:20.745 [TestNG-tests-1] INFO  utilities.ExcelUtils - Written data to Excel [1][5]: Fail
2025-12-27 14:42:20.761 [TestNG-tests-1] INFO  utilities.ExcelUtils - Written data to Excel [1][6]: Execution Error
2025-12-27 14:42:20.761 [TestNG-tests-1] INFO  utilities.ExcelUtils - Workbook closed.
2025-12-27 14:42:21.846 [TestNG-tests-1] INFO  testCases.TC_002AccountRegistrationTestDDTxlsx - ===== Starting Registration DDT Test for: hafiz_ahsan2 =====
2025-12-27 14:42:21.846 [TestNG-tests-1] INFO  utilities.ExcelUtils - Opening Excel file: testData/register_user.xlsx
2025-12-27 14:42:21.901 [TestNG-tests-1] INFO  utilities.ExcelUtils - Loaded sheet: Sheet1
2025-12-27 14:42:33.827 [TestNG-tests-1] ERROR testCases.TC_002AccountRegistrationTestDDTxlsx - Exception for user: hafiz_ahsan2 | element click intercepted: Element <button id="register" type="button" class="btn btn-primary">...</button> is not clickable at point (797, 501). Other element would receive the click: <iframe id="google_ads_iframe_/21849154601,22343295815/Ad.Plus-Anchor_0" name="google_ads_iframe_/21849154601,22343295815/Ad.Plus-Anchor_0" title="3rd party ad content" width="970" height="100" scrolling="no" marginwidth="0" marginheight="0" frameborder="0" aria-label="Advertisement" tabindex="0" allow="private-state-token-redemption;attribution-reporting" data-load-complete="true" style="border: 0px; vertical-align: bottom;" data-google-container-id="1"></iframe>
  (Session info: chrome=143.0.7499.111)
Build info: version: '4.38.0', revision: '6b412e825c*'
System info: os.name: 'Windows 11', os.arch: 'amd64', os.version: '10.0', java.version: '21.0.3'
Driver info: org.openqa.selenium.chrome.ChromeDriver
Command: [e8a5ffbdfea750f8423fc0a433d87ec9, clickElement {id=f.7E32A797CD896CA218BC6CE6A5EB589E.d.7C19939CA5295E3E73C203EB99E66BE1.e.144}]
Capabilities {acceptInsecureCerts: false, browserName: chrome, browserVersion: 143.0.7499.111, chrome: {chromedriverVersion: 143.0.7499.169 (164b20aab62..., userDataDir: C:\Users\HAFIZM~2\AppData\L...}, fedcm:accounts: true, goog:chromeOptions: {debuggerAddress: localhost:55571}, goog:processID: 27712, networkConnectionEnabled: false, pageLoadStrategy: normal, platformName: windows, proxy: Proxy(), se:cdp: ws://localhost:55571/devtoo..., se:cdpVersion: 143.0.7499.111, setWindowRect: true, strictFileInteractability: false, timeouts: {implicit: 0, pageLoad: 300000, script: 30000}, unhandledPromptBehavior: dismiss and notify, webauthn:extension:credBlob: true, webauthn:extension:largeBlob: true, webauthn:extension:minPinLength: true, webauthn:extension:prf: true, webauthn:virtualAuthenticators: true}
Element: [[ChromeDriver: chrome on windows (e8a5ffbdfea750f8423fc0a433d87ec9)] -> xpath: //button[@id='register']]
Session ID: e8a5ffbdfea750f8423fc0a433d87ec9
2025-12-27 14:42:33.875 [TestNG-tests-1] INFO  utilities.ExcelUtils - Written data to Excel [2][5]: Fail
2025-12-27 14:42:33.915 [TestNG-tests-1] INFO  utilities.ExcelUtils - Written data to Excel [2][6]: Execution Error
2025-12-27 14:42:33.915 [TestNG-tests-1] INFO  utilities.ExcelUtils - Workbook closed.
2025-12-27 14:42:34.786 [TestNG-tests-1] INFO  testCases.TC_002AccountRegistrationTestDDTxlsx - ===== Starting Registration DDT Test for: hafiz_ahsan3 =====
2025-12-27 14:42:34.787 [TestNG-tests-1] INFO  utilities.ExcelUtils - Opening Excel file: testData/register_user.xlsx
2025-12-27 14:42:34.835 [TestNG-tests-1] INFO  utilities.ExcelUtils - Loaded sheet: Sheet1
2025-12-27 14:42:50.844 [TestNG-tests-1] ERROR testCases.TC_002AccountRegistrationTestDDTxlsx - Exception for user: hafiz_ahsan3 | Expected condition failed: waiting for alert to be present (tried for 5 second(s) with 500 milliseconds interval)
Build info: version: '4.38.0', revision: '6b412e825c*'
System info: os.name: 'Windows 11', os.arch: 'amd64', os.version: '10.0', java.version: '21.0.3'
Driver info: org.openqa.selenium.chrome.ChromeDriver
Capabilities {acceptInsecureCerts: false, browserName: chrome, browserVersion: 143.0.7499.111, chrome: {chromedriverVersion: 143.0.7499.169 (164b20aab62..., userDataDir: C:\Users\HAFIZM~2\AppData\L...}, fedcm:accounts: true, goog:chromeOptions: {debuggerAddress: localhost:55571}, goog:processID: 27712, networkConnectionEnabled: false, pageLoadStrategy: normal, platformName: windows, proxy: Proxy(), se:cdp: ws://localhost:55571/devtoo..., se:cdpVersion: 143.0.7499.111, setWindowRect: true, strictFileInteractability: false, timeouts: {implicit: 0, pageLoad: 300000, script: 30000}, unhandledPromptBehavior: dismiss and notify, webauthn:extension:credBlob: true, webauthn:extension:largeBlob: true, webauthn:extension:minPinLength: true, webauthn:extension:prf: true, webauthn:virtualAuthenticators: true}
Session ID: e8a5ffbdfea750f8423fc0a433d87ec9
2025-12-27 14:42:50.876 [TestNG-tests-1] INFO  utilities.ExcelUtils - Written data to Excel [3][5]: Fail
2025-12-27 14:42:50.912 [TestNG-tests-1] INFO  utilities.ExcelUtils - Written data to Excel [3][6]: Execution Error
2025-12-27 14:42:50.912 [TestNG-tests-1] INFO  utilities.ExcelUtils - Workbook closed.
2025-12-27 14:42:52.047 [TestNG-tests-1] INFO  testCases.TC_002AccountRegistrationTestDDTxlsx - ===== Starting Registration DDT Test for: hafiz_ahsan4 =====
2025-12-27 14:42:52.048 [TestNG-tests-1] INFO  utilities.ExcelUtils - Opening Excel file: testData/register_user.xlsx
2025-12-27 14:42:52.097 [TestNG-tests-1] INFO  utilities.ExcelUtils - Loaded sheet: Sheet1
2025-12-27 14:43:08.030 [TestNG-tests-1] ERROR testCases.TC_002AccountRegistrationTestDDTxlsx - Exception for user: hafiz_ahsan4 | Expected condition failed: waiting for alert to be present (tried for 5 second(s) with 500 milliseconds interval)
Build info: version: '4.38.0', revision: '6b412e825c*'
System info: os.name: 'Windows 11', os.arch: 'amd64', os.version: '10.0', java.version: '21.0.3'
Driver info: org.openqa.selenium.chrome.ChromeDriver
Capabilities {acceptInsecureCerts: false, browserName: chrome, browserVersion: 143.0.7499.111, chrome: {chromedriverVersion: 143.0.7499.169 (164b20aab62..., userDataDir: C:\Users\HAFIZM~2\AppData\L...}, fedcm:accounts: true, goog:chromeOptions: {debuggerAddress: localhost:55571}, goog:processID: 27712, networkConnectionEnabled: false, pageLoadStrategy: normal, platformName: windows, proxy: Proxy(), se:cdp: ws://localhost:55571/devtoo..., se:cdpVersion: 143.0.7499.111, setWindowRect: true, strictFileInteractability: false, timeouts: {implicit: 0, pageLoad: 300000, script: 30000}, unhandledPromptBehavior: dismiss and notify, webauthn:extension:credBlob: true, webauthn:extension:largeBlob: true, webauthn:extension:minPinLength: true, webauthn:extension:prf: true, webauthn:virtualAuthenticators: true}
Session ID: e8a5ffbdfea750f8423fc0a433d87ec9
2025-12-27 14:43:08.075 [TestNG-tests-1] INFO  utilities.ExcelUtils - Written data to Excel [4][5]: Fail
2025-12-27 14:43:08.095 [TestNG-tests-1] INFO  utilities.ExcelUtils - Written data to Excel [4][6]: Execution Error
2025-12-27 14:43:08.095 [TestNG-tests-1] INFO  utilities.ExcelUtils - Workbook closed.
2025-12-27 14:43:09.163 [TestNG-tests-1] INFO  testCases.TC_002AccountRegistrationTestDDTxlsx - ===== Starting Registration DDT Test for: hafiz_ahsan =====
2025-12-27 14:43:09.163 [TestNG-tests-1] INFO  utilities.ExcelUtils - Opening Excel file: testData/register_user.xlsx
2025-12-27 14:43:09.194 [TestNG-tests-1] INFO  utilities.ExcelUtils - Loaded sheet: Sheet1
2025-12-27 14:43:25.604 [TestNG-tests-1] ERROR testCases.TC_002AccountRegistrationTestDDTxlsx - Exception for user: hafiz_ahsan | Expected condition failed: waiting for alert to be present (tried for 5 second(s) with 500 milliseconds interval)
Build info: version: '4.38.0', revision: '6b412e825c*'
System info: os.name: 'Windows 11', os.arch: 'amd64', os.version: '10.0', java.version: '21.0.3'
Driver info: org.openqa.selenium.chrome.ChromeDriver
Capabilities {acceptInsecureCerts: false, browserName: chrome, browserVersion: 143.0.7499.111, chrome: {chromedriverVersion: 143.0.7499.169 (164b20aab62..., userDataDir: C:\Users\HAFIZM~2\AppData\L...}, fedcm:accounts: true, goog:chromeOptions: {debuggerAddress: localhost:55571}, goog:processID: 27712, networkConnectionEnabled: false, pageLoadStrategy: normal, platformName: windows, proxy: Proxy(), se:cdp: ws://localhost:55571/devtoo..., se:cdpVersion: 143.0.7499.111, setWindowRect: true, strictFileInteractability: false, timeouts: {implicit: 0, pageLoad: 300000, script: 30000}, unhandledPromptBehavior: dismiss and notify, webauthn:extension:credBlob: true, webauthn:extension:largeBlob: true, webauthn:extension:minPinLength: true, webauthn:extension:prf: true, webauthn:virtualAuthenticators: true}
Session ID: e8a5ffbdfea750f8423fc0a433d87ec9
2025-12-27 14:43:25.645 [TestNG-tests-1] INFO  utilities.ExcelUtils - Written data to Excel [5][5]: Fail
2025-12-27 14:43:25.665 [TestNG-tests-1] INFO  utilities.ExcelUtils - Written data to Excel [5][6]: Execution Error
2025-12-27 14:43:25.665 [TestNG-tests-1] INFO  utilities.ExcelUtils - Workbook closed.
2025-12-27 14:43:26.862 [TestNG-tests-1] INFO  testCases.TC_002AccountRegistrationTestDDTxlsx - ===== Starting Registration DDT Test for: hafiz@gmail.com =====
2025-12-27 14:43:26.862 [TestNG-tests-1] INFO  utilities.ExcelUtils - Opening Excel file: testData/register_user.xlsx
2025-12-27 14:43:26.894 [TestNG-tests-1] INFO  utilities.ExcelUtils - Loaded sheet: Sheet1
2025-12-27 14:43:38.914 [TestNG-tests-1] INFO  utilities.ExcelUtils - Written data to Excel [6][5]: Pass
2025-12-27 14:43:38.937 [TestNG-tests-1] INFO  utilities.ExcelUtils - Written data to Excel [6][6]: Test Passed
2025-12-27 14:43:38.937 [TestNG-tests-1] INFO  utilities.ExcelUtils - Workbook closed.
2025-12-27 14:43:40.341 [TestNG-tests-1] INFO  testCases.TC_002AccountRegistrationTestDDTxlsx - Browser closed successfully.
2025-12-27 14:43:40.848 [TestNG-tests-1] INFO  utilities.EmailReportSender - Sender email: ahsan.clariv@gmail.com
2025-12-27 14:43:40.848 [TestNG-tests-1] INFO  utilities.EmailReportSender - Sender password: mstv vggb nbmk kehz
2025-12-27 14:43:40.848 [TestNG-tests-1] INFO  utilities.EmailReportSender - SMTP properties: {mail.smtp.port=587, mail.smtp.auth=true, mail.smtp.starttls.enable=true, mail.smtp.host=smtp.gmail.com}
2025-12-27 14:43:44.743 [TestNG-tests-1] INFO  utilities.EmailReportSender - Report sent successfully to hafizgee07@gmail.com
2025-12-27 15:06:00.861 [TestNG-tests-1] INFO  testCases.TC_002AccountRegistrationTestDDTxlsx - Starting test...
2025-12-27 15:07:01.118 [TestNG-tests-1] INFO  testCases.TC_002AccountRegistrationTestDDTxlsx - Navigated to: https://demoqa.com/
2025-12-27 15:07:01.145 [TestNG-tests-1] INFO  utilities.RegisterDataProvider - Reading Register data from Excel: testData/register_user.xlsx, Sheet: Sheet1
2025-12-27 15:07:01.152 [TestNG-tests-1] INFO  utilities.ExcelUtils - Opening Excel file: testData/register_user.xlsx
2025-12-27 15:07:01.788 [TestNG-tests-1] INFO  utilities.ExcelUtils - Loaded sheet: Sheet1
2025-12-27 15:07:01.788 [TestNG-tests-1] INFO  utilities.ExcelUtils - Row count retrieved: 7
2025-12-27 15:07:01.804 [TestNG-tests-1] INFO  utilities.RegisterDataProvider - Loaded Row 1 -> UserName: hafiz_ahsan1, ExpectedResult: Fail
2025-12-27 15:07:01.804 [TestNG-tests-1] INFO  utilities.RegisterDataProvider - Loaded Row 2 -> UserName: hafiz_ahsan2, ExpectedResult: Fail
2025-12-27 15:07:01.804 [TestNG-tests-1] INFO  utilities.RegisterDataProvider - Loaded Row 3 -> UserName: hafiz_ahsan3, ExpectedResult: Fail
2025-12-27 15:07:01.804 [TestNG-tests-1] INFO  utilities.RegisterDataProvider - Loaded Row 4 -> UserName: hafiz_ahsan4, ExpectedResult: Fail
2025-12-27 15:07:01.804 [TestNG-tests-1] INFO  utilities.RegisterDataProvider - Loaded Row 5 -> UserName: hafiz_ahsan, ExpectedResult: Fail
2025-12-27 15:07:01.804 [TestNG-tests-1] INFO  utilities.RegisterDataProvider - Loaded Row 6 -> UserName: hafiz@gmail.com, ExpectedResult: Pass
2025-12-27 15:07:01.804 [TestNG-tests-1] INFO  utilities.ExcelUtils - Workbook closed.
2025-12-27 15:07:01.804 [TestNG-tests-1] INFO  utilities.RegisterDataProvider - Excel workbook closed.
2025-12-27 15:07:01.833 [TestNG-tests-1] INFO  testCases.TC_002AccountRegistrationTestDDTxlsx - ===== Starting Registration DDT Test for: hafiz_ahsan1 =====
2025-12-27 15:07:01.833 [TestNG-tests-1] INFO  utilities.ExcelUtils - Opening Excel file: testData/register_user.xlsx
2025-12-27 15:07:01.854 [TestNG-tests-1] INFO  utilities.ExcelUtils - Loaded sheet: Sheet1
2025-12-27 15:07:12.145 [TestNG-tests-1] ERROR testCases.TC_002AccountRegistrationTestDDTxlsx - Exception for user: hafiz_ahsan1 | Cannot invoke "String.equals(Object)" because "actual" is null
2025-12-27 15:07:12.145 [TestNG-tests-1] ERROR utilities.ExcelUtils - Failed to write data to Excel file
java.io.FileNotFoundException: testData\register_user.xlsx (The process cannot access the file because it is being used by another process)
	at java.base/java.io.FileOutputStream.open0(Native Method)
	at java.base/java.io.FileOutputStream.open(FileOutputStream.java:289)
	at java.base/java.io.FileOutputStream.<init>(FileOutputStream.java:230)
	at java.base/java.io.FileOutputStream.<init>(FileOutputStream.java:118)
	at utilities.ExcelUtils.setCellData(ExcelUtils.java:132)
	at testCases.TC_002AccountRegistrationTestDDTxlsx.accountRegistration(TC_002AccountRegistrationTestDDTxlsx.java:86)
	at java.base/jdk.internal.reflect.DirectMethodHandleAccessor.invoke(DirectMethodHandleAccessor.java:103)
	at java.base/java.lang.reflect.Method.invoke(Method.java:580)
	at org.testng.internal.invokers.MethodInvocationHelper.invokeMethod(MethodInvocationHelper.java:141)
	at org.testng.internal.invokers.TestInvoker.invokeMethod(TestInvoker.java:687)
	at org.testng.internal.invokers.TestInvoker.invokeTestMethod(TestInvoker.java:230)
	at org.testng.internal.invokers.MethodRunner.runInSequence(MethodRunner.java:63)
	at org.testng.internal.invokers.TestInvoker$MethodInvocationAgent.invoke(TestInvoker.java:995)
	at org.testng.internal.invokers.TestInvoker.invokeTestMethods(TestInvoker.java:203)
	at org.testng.internal.invokers.TestMethodWorker.invokeTestMethods(TestMethodWorker.java:154)
	at org.testng.internal.invokers.TestMethodWorker.run(TestMethodWorker.java:134)
	at java.base/java.util.ArrayList.forEach(ArrayList.java:1596)
	at org.testng.TestRunner.privateRun(TestRunner.java:741)
	at org.testng.TestRunner.run(TestRunner.java:616)
	at org.testng.SuiteRunner.runTest(SuiteRunner.java:421)
	at org.testng.SuiteRunner$SuiteWorker.run(SuiteRunner.java:463)
	at org.testng.internal.thread.ThreadUtil.lambda$execute$0(ThreadUtil.java:64)
	at java.base/java.util.concurrent.FutureTask.run$$$capture(FutureTask.java:317)
	at java.base/java.util.concurrent.FutureTask.run(FutureTask.java)
	at java.base/java.util.concurrent.ThreadPoolExecutor.runWorker(ThreadPoolExecutor.java:1144)
	at java.base/java.util.concurrent.ThreadPoolExecutor$Worker.run(ThreadPoolExecutor.java:642)
	at java.base/java.lang.Thread.run(Thread.java:1583)
2025-12-27 15:07:12.161 [TestNG-tests-1] INFO  utilities.ExcelUtils - Workbook closed.
2025-12-27 15:07:12.177 [TestNG-tests-1] ERROR utilities.ScreenshotUtil - Failed to capture screenshot
org.openqa.selenium.NoSuchWindowException: no such window: target window already closed
from unknown error: web view not found
  (Session info: chrome=143.0.7499.111)
Build info: version: '4.38.0', revision: '6b412e825c*'
System info: os.name: 'Windows 11', os.arch: 'amd64', os.version: '10.0', java.version: '21.0.3'
Driver info: org.openqa.selenium.chrome.ChromeDriver
Command: [5bd88ceeb2024bac64b607827a710c10, screenshot {}]
Capabilities {acceptInsecureCerts: false, browserName: chrome, browserVersion: 143.0.7499.111, chrome: {chromedriverVersion: 143.0.7499.169 (164b20aab62..., userDataDir: C:\Users\HAFIZM~2\AppData\L...}, fedcm:accounts: true, goog:chromeOptions: {debuggerAddress: localhost:53665}, goog:processID: 8512, networkConnectionEnabled: false, pageLoadStrategy: normal, platformName: windows, proxy: Proxy(), se:cdp: ws://localhost:53665/devtoo..., se:cdpVersion: 143.0.7499.111, setWindowRect: true, strictFileInteractability: false, timeouts: {implicit: 0, pageLoad: 300000, script: 30000}, unhandledPromptBehavior: dismiss and notify, webauthn:extension:credBlob: true, webauthn:extension:largeBlob: true, webauthn:extension:minPinLength: true, webauthn:extension:prf: true, webauthn:virtualAuthenticators: true}
Session ID: 5bd88ceeb2024bac64b607827a710c10
	at java.base/jdk.internal.reflect.DirectConstructorHandleAccessor.newInstance(DirectConstructorHandleAccessor.java:62)
	at java.base/java.lang.reflect.Constructor.newInstanceWithCaller(Constructor.java:502)
	at java.base/java.lang.reflect.Constructor.newInstance(Constructor.java:486)
	at org.openqa.selenium.remote.ErrorCodec.decode(ErrorCodec.java:167)
	at org.openqa.selenium.remote.codec.w3c.W3CHttpResponseCodec.decode(W3CHttpResponseCodec.java:138)
	at org.openqa.selenium.remote.codec.w3c.W3CHttpResponseCodec.decode(W3CHttpResponseCodec.java:50)
	at org.openqa.selenium.remote.HttpCommandExecutor.execute(HttpCommandExecutor.java:215)
	at org.openqa.selenium.remote.service.DriverCommandExecutor.invokeExecute(DriverCommandExecutor.java:216)
	at org.openqa.selenium.remote.service.DriverCommandExecutor.execute(DriverCommandExecutor.java:174)
	at org.openqa.selenium.remote.RemoteWebDriver.execute(RemoteWebDriver.java:557)
	at org.openqa.selenium.remote.RemoteWebDriver.execute(RemoteWebDriver.java:634)
	at org.openqa.selenium.remote.RemoteWebDriver.execute(RemoteWebDriver.java:638)
	at org.openqa.selenium.remote.RemoteWebDriver.getScreenshotAs(RemoteWebDriver.java:346)
	at utilities.ScreenshotUtil.captureScreenshot(ScreenshotUtil.java:33)
	at utilities.ExtentReportListener.onTestFailure(ExtentReportListener.java:97)
	at org.testng.internal.TestListenerHelper.runTestListeners(TestListenerHelper.java:115)
	at org.testng.internal.invokers.TestInvoker.runTestResultListener(TestInvoker.java:285)
	at org.testng.internal.invokers.TestInvoker.invokeMethod(TestInvoker.java:777)
	at org.testng.internal.invokers.TestInvoker.invokeTestMethod(TestInvoker.java:230)
	at org.testng.internal.invokers.MethodRunner.runInSequence(MethodRunner.java:63)
	at org.testng.internal.invokers.TestInvoker$MethodInvocationAgent.invoke(TestInvoker.java:995)
	at org.testng.internal.invokers.TestInvoker.invokeTestMethods(TestInvoker.java:203)
	at org.testng.internal.invokers.TestMethodWorker.invokeTestMethods(TestMethodWorker.java:154)
	at org.testng.internal.invokers.TestMethodWorker.run(TestMethodWorker.java:134)
	at java.base/java.util.ArrayList.forEach(ArrayList.java:1596)
	at org.testng.TestRunner.privateRun(TestRunner.java:741)
	at org.testng.TestRunner.run(TestRunner.java:616)
	at org.testng.SuiteRunner.runTest(SuiteRunner.java:421)
	at org.testng.SuiteRunner$SuiteWorker.run(SuiteRunner.java:463)
	at org.testng.internal.thread.ThreadUtil.lambda$execute$0(ThreadUtil.java:64)
	at java.base/java.util.concurrent.FutureTask.run$$$capture(FutureTask.java:317)
	at java.base/java.util.concurrent.FutureTask.run(FutureTask.java)
	at java.base/java.util.concurrent.ThreadPoolExecutor.runWorker(ThreadPoolExecutor.java:1144)
	at java.base/java.util.concurrent.ThreadPoolExecutor$Worker.run(ThreadPoolExecutor.java:642)
	at java.base/java.lang.Thread.run(Thread.java:1583)
2025-12-27 15:07:12.184 [TestNG-tests-1] INFO  testCases.TC_002AccountRegistrationTestDDTxlsx - ===== Starting Registration DDT Test for: hafiz_ahsan2 =====
2025-12-27 15:07:12.184 [TestNG-tests-1] INFO  utilities.ExcelUtils - Opening Excel file: testData/register_user.xlsx
2025-12-27 15:07:12.206 [TestNG-tests-1] INFO  utilities.ExcelUtils - Loaded sheet: Sheet1
2025-12-27 15:07:22.451 [TestNG-tests-1] ERROR testCases.TC_002AccountRegistrationTestDDTxlsx - Exception for user: hafiz_ahsan2 | Cannot invoke "String.equals(Object)" because "actual" is null
2025-12-27 15:07:22.451 [TestNG-tests-1] ERROR utilities.ExcelUtils - Failed to write data to Excel file
java.io.FileNotFoundException: testData\register_user.xlsx (The process cannot access the file because it is being used by another process)
	at java.base/java.io.FileOutputStream.open0(Native Method)
	at java.base/java.io.FileOutputStream.open(FileOutputStream.java:289)
	at java.base/java.io.FileOutputStream.<init>(FileOutputStream.java:230)
	at java.base/java.io.FileOutputStream.<init>(FileOutputStream.java:118)
	at utilities.ExcelUtils.setCellData(ExcelUtils.java:132)
	at testCases.TC_002AccountRegistrationTestDDTxlsx.accountRegistration(TC_002AccountRegistrationTestDDTxlsx.java:86)
	at java.base/jdk.internal.reflect.DirectMethodHandleAccessor.invoke(DirectMethodHandleAccessor.java:103)
	at java.base/java.lang.reflect.Method.invoke(Method.java:580)
	at org.testng.internal.invokers.MethodInvocationHelper.invokeMethod(MethodInvocationHelper.java:141)
	at org.testng.internal.invokers.TestInvoker.invokeMethod(TestInvoker.java:687)
	at org.testng.internal.invokers.TestInvoker.invokeTestMethod(TestInvoker.java:230)
	at org.testng.internal.invokers.MethodRunner.runInSequence(MethodRunner.java:63)
	at org.testng.internal.invokers.TestInvoker$MethodInvocationAgent.invoke(TestInvoker.java:995)
	at org.testng.internal.invokers.TestInvoker.invokeTestMethods(TestInvoker.java:203)
	at org.testng.internal.invokers.TestMethodWorker.invokeTestMethods(TestMethodWorker.java:154)
	at org.testng.internal.invokers.TestMethodWorker.run(TestMethodWorker.java:134)
	at java.base/java.util.ArrayList.forEach(ArrayList.java:1596)
	at org.testng.TestRunner.privateRun(TestRunner.java:741)
	at org.testng.TestRunner.run(TestRunner.java:616)
	at org.testng.SuiteRunner.runTest(SuiteRunner.java:421)
	at org.testng.SuiteRunner$SuiteWorker.run(SuiteRunner.java:463)
	at org.testng.internal.thread.ThreadUtil.lambda$execute$0(ThreadUtil.java:64)
	at java.base/java.util.concurrent.FutureTask.run$$$capture(FutureTask.java:317)
	at java.base/java.util.concurrent.FutureTask.run(FutureTask.java)
	at java.base/java.util.concurrent.ThreadPoolExecutor.runWorker(ThreadPoolExecutor.java:1144)
	at java.base/java.util.concurrent.ThreadPoolExecutor$Worker.run(ThreadPoolExecutor.java:642)
	at java.base/java.lang.Thread.run(Thread.java:1583)
2025-12-27 15:07:22.451 [TestNG-tests-1] INFO  utilities.ExcelUtils - Workbook closed.
2025-12-27 15:07:22.467 [TestNG-tests-1] ERROR utilities.ScreenshotUtil - Failed to capture screenshot
org.openqa.selenium.NoSuchWindowException: no such window: target window already closed
from unknown error: web view not found
  (Session info: chrome=143.0.7499.111)
Build info: version: '4.38.0', revision: '6b412e825c*'
System info: os.name: 'Windows 11', os.arch: 'amd64', os.version: '10.0', java.version: '21.0.3'
Driver info: org.openqa.selenium.chrome.ChromeDriver
Command: [5bd88ceeb2024bac64b607827a710c10, screenshot {}]
Capabilities {acceptInsecureCerts: false, browserName: chrome, browserVersion: 143.0.7499.111, chrome: {chromedriverVersion: 143.0.7499.169 (164b20aab62..., userDataDir: C:\Users\HAFIZM~2\AppData\L...}, fedcm:accounts: true, goog:chromeOptions: {debuggerAddress: localhost:53665}, goog:processID: 8512, networkConnectionEnabled: false, pageLoadStrategy: normal, platformName: windows, proxy: Proxy(), se:cdp: ws://localhost:53665/devtoo..., se:cdpVersion: 143.0.7499.111, setWindowRect: true, strictFileInteractability: false, timeouts: {implicit: 0, pageLoad: 300000, script: 30000}, unhandledPromptBehavior: dismiss and notify, webauthn:extension:credBlob: true, webauthn:extension:largeBlob: true, webauthn:extension:minPinLength: true, webauthn:extension:prf: true, webauthn:virtualAuthenticators: true}
Session ID: 5bd88ceeb2024bac64b607827a710c10
	at java.base/jdk.internal.reflect.DirectConstructorHandleAccessor.newInstance(DirectConstructorHandleAccessor.java:62)
	at java.base/java.lang.reflect.Constructor.newInstanceWithCaller(Constructor.java:502)
	at java.base/java.lang.reflect.Constructor.newInstance(Constructor.java:486)
	at org.openqa.selenium.remote.ErrorCodec.decode(ErrorCodec.java:167)
	at org.openqa.selenium.remote.codec.w3c.W3CHttpResponseCodec.decode(W3CHttpResponseCodec.java:138)
	at org.openqa.selenium.remote.codec.w3c.W3CHttpResponseCodec.decode(W3CHttpResponseCodec.java:50)
	at org.openqa.selenium.remote.HttpCommandExecutor.execute(HttpCommandExecutor.java:215)
	at org.openqa.selenium.remote.service.DriverCommandExecutor.invokeExecute(DriverCommandExecutor.java:216)
	at org.openqa.selenium.remote.service.DriverCommandExecutor.execute(DriverCommandExecutor.java:174)
	at org.openqa.selenium.remote.RemoteWebDriver.execute(RemoteWebDriver.java:557)
	at org.openqa.selenium.remote.RemoteWebDriver.execute(RemoteWebDriver.java:634)
	at org.openqa.selenium.remote.RemoteWebDriver.execute(RemoteWebDriver.java:638)
	at org.openqa.selenium.remote.RemoteWebDriver.getScreenshotAs(RemoteWebDriver.java:346)
	at utilities.ScreenshotUtil.captureScreenshot(ScreenshotUtil.java:33)
	at utilities.ExtentReportListener.onTestFailure(ExtentReportListener.java:97)
	at org.testng.internal.TestListenerHelper.runTestListeners(TestListenerHelper.java:115)
	at org.testng.internal.invokers.TestInvoker.runTestResultListener(TestInvoker.java:285)
	at org.testng.internal.invokers.TestInvoker.invokeMethod(TestInvoker.java:777)
	at org.testng.internal.invokers.TestInvoker.invokeTestMethod(TestInvoker.java:230)
	at org.testng.internal.invokers.MethodRunner.runInSequence(MethodRunner.java:63)
	at org.testng.internal.invokers.TestInvoker$MethodInvocationAgent.invoke(TestInvoker.java:995)
	at org.testng.internal.invokers.TestInvoker.invokeTestMethods(TestInvoker.java:203)
	at org.testng.internal.invokers.TestMethodWorker.invokeTestMethods(TestMethodWorker.java:154)
	at org.testng.internal.invokers.TestMethodWorker.run(TestMethodWorker.java:134)
	at java.base/java.util.ArrayList.forEach(ArrayList.java:1596)
	at org.testng.TestRunner.privateRun(TestRunner.java:741)
	at org.testng.TestRunner.run(TestRunner.java:616)
	at org.testng.SuiteRunner.runTest(SuiteRunner.java:421)
	at org.testng.SuiteRunner$SuiteWorker.run(SuiteRunner.java:463)
	at org.testng.internal.thread.ThreadUtil.lambda$execute$0(ThreadUtil.java:64)
	at java.base/java.util.concurrent.FutureTask.run$$$capture(FutureTask.java:317)
	at java.base/java.util.concurrent.FutureTask.run(FutureTask.java)
	at java.base/java.util.concurrent.ThreadPoolExecutor.runWorker(ThreadPoolExecutor.java:1144)
	at java.base/java.util.concurrent.ThreadPoolExecutor$Worker.run(ThreadPoolExecutor.java:642)
	at java.base/java.lang.Thread.run(Thread.java:1583)
2025-12-27 15:07:22.475 [TestNG-tests-1] INFO  testCases.TC_002AccountRegistrationTestDDTxlsx - ===== Starting Registration DDT Test for: hafiz_ahsan3 =====
2025-12-27 15:07:22.475 [TestNG-tests-1] INFO  utilities.ExcelUtils - Opening Excel file: testData/register_user.xlsx
2025-12-27 15:07:22.493 [TestNG-tests-1] INFO  utilities.ExcelUtils - Loaded sheet: Sheet1
2025-12-27 15:07:32.778 [TestNG-tests-1] ERROR testCases.TC_002AccountRegistrationTestDDTxlsx - Exception for user: hafiz_ahsan3 | Cannot invoke "String.equals(Object)" because "actual" is null
2025-12-27 15:07:32.783 [TestNG-tests-1] ERROR utilities.ExcelUtils - Failed to write data to Excel file
java.io.FileNotFoundException: testData\register_user.xlsx (The process cannot access the file because it is being used by another process)
	at java.base/java.io.FileOutputStream.open0(Native Method)
	at java.base/java.io.FileOutputStream.open(FileOutputStream.java:289)
	at java.base/java.io.FileOutputStream.<init>(FileOutputStream.java:230)
	at java.base/java.io.FileOutputStream.<init>(FileOutputStream.java:118)
	at utilities.ExcelUtils.setCellData(ExcelUtils.java:132)
	at testCases.TC_002AccountRegistrationTestDDTxlsx.accountRegistration(TC_002AccountRegistrationTestDDTxlsx.java:86)
	at java.base/jdk.internal.reflect.DirectMethodHandleAccessor.invoke(DirectMethodHandleAccessor.java:103)
	at java.base/java.lang.reflect.Method.invoke(Method.java:580)
	at org.testng.internal.invokers.MethodInvocationHelper.invokeMethod(MethodInvocationHelper.java:141)
	at org.testng.internal.invokers.TestInvoker.invokeMethod(TestInvoker.java:687)
	at org.testng.internal.invokers.TestInvoker.invokeTestMethod(TestInvoker.java:230)
	at org.testng.internal.invokers.MethodRunner.runInSequence(MethodRunner.java:63)
	at org.testng.internal.invokers.TestInvoker$MethodInvocationAgent.invoke(TestInvoker.java:995)
	at org.testng.internal.invokers.TestInvoker.invokeTestMethods(TestInvoker.java:203)
	at org.testng.internal.invokers.TestMethodWorker.invokeTestMethods(TestMethodWorker.java:154)
	at org.testng.internal.invokers.TestMethodWorker.run(TestMethodWorker.java:134)
	at java.base/java.util.ArrayList.forEach(ArrayList.java:1596)
	at org.testng.TestRunner.privateRun(TestRunner.java:741)
	at org.testng.TestRunner.run(TestRunner.java:616)
	at org.testng.SuiteRunner.runTest(SuiteRunner.java:421)
	at org.testng.SuiteRunner$SuiteWorker.run(SuiteRunner.java:463)
	at org.testng.internal.thread.ThreadUtil.lambda$execute$0(ThreadUtil.java:64)
	at java.base/java.util.concurrent.FutureTask.run$$$capture(FutureTask.java:317)
	at java.base/java.util.concurrent.FutureTask.run(FutureTask.java)
	at java.base/java.util.concurrent.ThreadPoolExecutor.runWorker(ThreadPoolExecutor.java:1144)
	at java.base/java.util.concurrent.ThreadPoolExecutor$Worker.run(ThreadPoolExecutor.java:642)
	at java.base/java.lang.Thread.run(Thread.java:1583)
2025-12-27 15:07:32.785 [TestNG-tests-1] INFO  utilities.ExcelUtils - Workbook closed.
2025-12-27 15:07:32.798 [TestNG-tests-1] ERROR utilities.ScreenshotUtil - Failed to capture screenshot
org.openqa.selenium.NoSuchWindowException: no such window: target window already closed
from unknown error: web view not found
  (Session info: chrome=143.0.7499.111)
Build info: version: '4.38.0', revision: '6b412e825c*'
System info: os.name: 'Windows 11', os.arch: 'amd64', os.version: '10.0', java.version: '21.0.3'
Driver info: org.openqa.selenium.chrome.ChromeDriver
Command: [5bd88ceeb2024bac64b607827a710c10, screenshot {}]
Capabilities {acceptInsecureCerts: false, browserName: chrome, browserVersion: 143.0.7499.111, chrome: {chromedriverVersion: 143.0.7499.169 (164b20aab62..., userDataDir: C:\Users\HAFIZM~2\AppData\L...}, fedcm:accounts: true, goog:chromeOptions: {debuggerAddress: localhost:53665}, goog:processID: 8512, networkConnectionEnabled: false, pageLoadStrategy: normal, platformName: windows, proxy: Proxy(), se:cdp: ws://localhost:53665/devtoo..., se:cdpVersion: 143.0.7499.111, setWindowRect: true, strictFileInteractability: false, timeouts: {implicit: 0, pageLoad: 300000, script: 30000}, unhandledPromptBehavior: dismiss and notify, webauthn:extension:credBlob: true, webauthn:extension:largeBlob: true, webauthn:extension:minPinLength: true, webauthn:extension:prf: true, webauthn:virtualAuthenticators: true}
Session ID: 5bd88ceeb2024bac64b607827a710c10
	at java.base/jdk.internal.reflect.DirectConstructorHandleAccessor.newInstance(DirectConstructorHandleAccessor.java:62)
	at java.base/java.lang.reflect.Constructor.newInstanceWithCaller(Constructor.java:502)
	at java.base/java.lang.reflect.Constructor.newInstance(Constructor.java:486)
	at org.openqa.selenium.remote.ErrorCodec.decode(ErrorCodec.java:167)
	at org.openqa.selenium.remote.codec.w3c.W3CHttpResponseCodec.decode(W3CHttpResponseCodec.java:138)
	at org.openqa.selenium.remote.codec.w3c.W3CHttpResponseCodec.decode(W3CHttpResponseCodec.java:50)
	at org.openqa.selenium.remote.HttpCommandExecutor.execute(HttpCommandExecutor.java:215)
	at org.openqa.selenium.remote.service.DriverCommandExecutor.invokeExecute(DriverCommandExecutor.java:216)
	at org.openqa.selenium.remote.service.DriverCommandExecutor.execute(DriverCommandExecutor.java:174)
	at org.openqa.selenium.remote.RemoteWebDriver.execute(RemoteWebDriver.java:557)
	at org.openqa.selenium.remote.RemoteWebDriver.execute(RemoteWebDriver.java:634)
	at org.openqa.selenium.remote.RemoteWebDriver.execute(RemoteWebDriver.java:638)
	at org.openqa.selenium.remote.RemoteWebDriver.getScreenshotAs(RemoteWebDriver.java:346)
	at utilities.ScreenshotUtil.captureScreenshot(ScreenshotUtil.java:33)
	at utilities.ExtentReportListener.onTestFailure(ExtentReportListener.java:97)
	at org.testng.internal.TestListenerHelper.runTestListeners(TestListenerHelper.java:115)
	at org.testng.internal.invokers.TestInvoker.runTestResultListener(TestInvoker.java:285)
	at org.testng.internal.invokers.TestInvoker.invokeMethod(TestInvoker.java:777)
	at org.testng.internal.invokers.TestInvoker.invokeTestMethod(TestInvoker.java:230)
	at org.testng.internal.invokers.MethodRunner.runInSequence(MethodRunner.java:63)
	at org.testng.internal.invokers.TestInvoker$MethodInvocationAgent.invoke(TestInvoker.java:995)
	at org.testng.internal.invokers.TestInvoker.invokeTestMethods(TestInvoker.java:203)
	at org.testng.internal.invokers.TestMethodWorker.invokeTestMethods(TestMethodWorker.java:154)
	at org.testng.internal.invokers.TestMethodWorker.run(TestMethodWorker.java:134)
	at java.base/java.util.ArrayList.forEach(ArrayList.java:1596)
	at org.testng.TestRunner.privateRun(TestRunner.java:741)
	at org.testng.TestRunner.run(TestRunner.java:616)
	at org.testng.SuiteRunner.runTest(SuiteRunner.java:421)
	at org.testng.SuiteRunner$SuiteWorker.run(SuiteRunner.java:463)
	at org.testng.internal.thread.ThreadUtil.lambda$execute$0(ThreadUtil.java:64)
	at java.base/java.util.concurrent.FutureTask.run$$$capture(FutureTask.java:317)
	at java.base/java.util.concurrent.FutureTask.run(FutureTask.java)
	at java.base/java.util.concurrent.ThreadPoolExecutor.runWorker(ThreadPoolExecutor.java:1144)
	at java.base/java.util.concurrent.ThreadPoolExecutor$Worker.run(ThreadPoolExecutor.java:642)
	at java.base/java.lang.Thread.run(Thread.java:1583)
2025-12-27 15:07:32.808 [TestNG-tests-1] INFO  testCases.TC_002AccountRegistrationTestDDTxlsx - ===== Starting Registration DDT Test for: hafiz_ahsan4 =====
2025-12-27 15:07:32.808 [TestNG-tests-1] INFO  utilities.ExcelUtils - Opening Excel file: testData/register_user.xlsx
2025-12-27 15:07:32.842 [TestNG-tests-1] INFO  utilities.ExcelUtils - Loaded sheet: Sheet1
2025-12-27 15:07:43.133 [TestNG-tests-1] ERROR testCases.TC_002AccountRegistrationTestDDTxlsx - Exception for user: hafiz_ahsan4 | Cannot invoke "String.equals(Object)" because "actual" is null
2025-12-27 15:07:43.135 [TestNG-tests-1] ERROR utilities.ExcelUtils - Failed to write data to Excel file
java.io.FileNotFoundException: testData\register_user.xlsx (The process cannot access the file because it is being used by another process)
	at java.base/java.io.FileOutputStream.open0(Native Method)
	at java.base/java.io.FileOutputStream.open(FileOutputStream.java:289)
	at java.base/java.io.FileOutputStream.<init>(FileOutputStream.java:230)
	at java.base/java.io.FileOutputStream.<init>(FileOutputStream.java:118)
	at utilities.ExcelUtils.setCellData(ExcelUtils.java:132)
	at testCases.TC_002AccountRegistrationTestDDTxlsx.accountRegistration(TC_002AccountRegistrationTestDDTxlsx.java:86)
	at java.base/jdk.internal.reflect.DirectMethodHandleAccessor.invoke(DirectMethodHandleAccessor.java:103)
	at java.base/java.lang.reflect.Method.invoke(Method.java:580)
	at org.testng.internal.invokers.MethodInvocationHelper.invokeMethod(MethodInvocationHelper.java:141)
	at org.testng.internal.invokers.TestInvoker.invokeMethod(TestInvoker.java:687)
	at org.testng.internal.invokers.TestInvoker.invokeTestMethod(TestInvoker.java:230)
	at org.testng.internal.invokers.MethodRunner.runInSequence(MethodRunner.java:63)
	at org.testng.internal.invokers.TestInvoker$MethodInvocationAgent.invoke(TestInvoker.java:995)
	at org.testng.internal.invokers.TestInvoker.invokeTestMethods(TestInvoker.java:203)
	at org.testng.internal.invokers.TestMethodWorker.invokeTestMethods(TestMethodWorker.java:154)
	at org.testng.internal.invokers.TestMethodWorker.run(TestMethodWorker.java:134)
	at java.base/java.util.ArrayList.forEach(ArrayList.java:1596)
	at org.testng.TestRunner.privateRun(TestRunner.java:741)
	at org.testng.TestRunner.run(TestRunner.java:616)
	at org.testng.SuiteRunner.runTest(SuiteRunner.java:421)
	at org.testng.SuiteRunner$SuiteWorker.run(SuiteRunner.java:463)
	at org.testng.internal.thread.ThreadUtil.lambda$execute$0(ThreadUtil.java:64)
	at java.base/java.util.concurrent.FutureTask.run$$$capture(FutureTask.java:317)
	at java.base/java.util.concurrent.FutureTask.run(FutureTask.java)
	at java.base/java.util.concurrent.ThreadPoolExecutor.runWorker(ThreadPoolExecutor.java:1144)
	at java.base/java.util.concurrent.ThreadPoolExecutor$Worker.run(ThreadPoolExecutor.java:642)
	at java.base/java.lang.Thread.run(Thread.java:1583)
2025-12-27 15:07:43.137 [TestNG-tests-1] INFO  utilities.ExcelUtils - Workbook closed.
2025-12-27 15:07:43.146 [TestNG-tests-1] ERROR utilities.ScreenshotUtil - Failed to capture screenshot
org.openqa.selenium.NoSuchWindowException: no such window: target window already closed
from unknown error: web view not found
  (Session info: chrome=143.0.7499.111)
Build info: version: '4.38.0', revision: '6b412e825c*'
System info: os.name: 'Windows 11', os.arch: 'amd64', os.version: '10.0', java.version: '21.0.3'
Driver info: org.openqa.selenium.chrome.ChromeDriver
Command: [5bd88ceeb2024bac64b607827a710c10, screenshot {}]
Capabilities {acceptInsecureCerts: false, browserName: chrome, browserVersion: 143.0.7499.111, chrome: {chromedriverVersion: 143.0.7499.169 (164b20aab62..., userDataDir: C:\Users\HAFIZM~2\AppData\L...}, fedcm:accounts: true, goog:chromeOptions: {debuggerAddress: localhost:53665}, goog:processID: 8512, networkConnectionEnabled: false, pageLoadStrategy: normal, platformName: windows, proxy: Proxy(), se:cdp: ws://localhost:53665/devtoo..., se:cdpVersion: 143.0.7499.111, setWindowRect: true, strictFileInteractability: false, timeouts: {implicit: 0, pageLoad: 300000, script: 30000}, unhandledPromptBehavior: dismiss and notify, webauthn:extension:credBlob: true, webauthn:extension:largeBlob: true, webauthn:extension:minPinLength: true, webauthn:extension:prf: true, webauthn:virtualAuthenticators: true}
Session ID: 5bd88ceeb2024bac64b607827a710c10
	at java.base/jdk.internal.reflect.DirectConstructorHandleAccessor.newInstance(DirectConstructorHandleAccessor.java:62)
	at java.base/java.lang.reflect.Constructor.newInstanceWithCaller(Constructor.java:502)
	at java.base/java.lang.reflect.Constructor.newInstance(Constructor.java:486)
	at org.openqa.selenium.remote.ErrorCodec.decode(ErrorCodec.java:167)
	at org.openqa.selenium.remote.codec.w3c.W3CHttpResponseCodec.decode(W3CHttpResponseCodec.java:138)
	at org.openqa.selenium.remote.codec.w3c.W3CHttpResponseCodec.decode(W3CHttpResponseCodec.java:50)
	at org.openqa.selenium.remote.HttpCommandExecutor.execute(HttpCommandExecutor.java:215)
	at org.openqa.selenium.remote.service.DriverCommandExecutor.invokeExecute(DriverCommandExecutor.java:216)
	at org.openqa.selenium.remote.service.DriverCommandExecutor.execute(DriverCommandExecutor.java:174)
	at org.openqa.selenium.remote.RemoteWebDriver.execute(RemoteWebDriver.java:557)
	at org.openqa.selenium.remote.RemoteWebDriver.execute(RemoteWebDriver.java:634)
	at org.openqa.selenium.remote.RemoteWebDriver.execute(RemoteWebDriver.java:638)
	at org.openqa.selenium.remote.RemoteWebDriver.getScreenshotAs(RemoteWebDriver.java:346)
	at utilities.ScreenshotUtil.captureScreenshot(ScreenshotUtil.java:33)
	at utilities.ExtentReportListener.onTestFailure(ExtentReportListener.java:97)
	at org.testng.internal.TestListenerHelper.runTestListeners(TestListenerHelper.java:115)
	at org.testng.internal.invokers.TestInvoker.runTestResultListener(TestInvoker.java:285)
	at org.testng.internal.invokers.TestInvoker.invokeMethod(TestInvoker.java:777)
	at org.testng.internal.invokers.TestInvoker.invokeTestMethod(TestInvoker.java:230)
	at org.testng.internal.invokers.MethodRunner.runInSequence(MethodRunner.java:63)
	at org.testng.internal.invokers.TestInvoker$MethodInvocationAgent.invoke(TestInvoker.java:995)
	at org.testng.internal.invokers.TestInvoker.invokeTestMethods(TestInvoker.java:203)
	at org.testng.internal.invokers.TestMethodWorker.invokeTestMethods(TestMethodWorker.java:154)
	at org.testng.internal.invokers.TestMethodWorker.run(TestMethodWorker.java:134)
	at java.base/java.util.ArrayList.forEach(ArrayList.java:1596)
	at org.testng.TestRunner.privateRun(TestRunner.java:741)
	at org.testng.TestRunner.run(TestRunner.java:616)
	at org.testng.SuiteRunner.runTest(SuiteRunner.java:421)
	at org.testng.SuiteRunner$SuiteWorker.run(SuiteRunner.java:463)
	at org.testng.internal.thread.ThreadUtil.lambda$execute$0(ThreadUtil.java:64)
	at java.base/java.util.concurrent.FutureTask.run$$$capture(FutureTask.java:317)
	at java.base/java.util.concurrent.FutureTask.run(FutureTask.java)
	at java.base/java.util.concurrent.ThreadPoolExecutor.runWorker(ThreadPoolExecutor.java:1144)
	at java.base/java.util.concurrent.ThreadPoolExecutor$Worker.run(ThreadPoolExecutor.java:642)
	at java.base/java.lang.Thread.run(Thread.java:1583)
2025-12-27 15:07:43.151 [TestNG-tests-1] INFO  testCases.TC_002AccountRegistrationTestDDTxlsx - ===== Starting Registration DDT Test for: hafiz_ahsan =====
2025-12-27 15:07:43.152 [TestNG-tests-1] INFO  utilities.ExcelUtils - Opening Excel file: testData/register_user.xlsx
2025-12-27 15:07:43.186 [TestNG-tests-1] INFO  utilities.ExcelUtils - Loaded sheet: Sheet1
2025-12-27 15:07:53.430 [TestNG-tests-1] ERROR testCases.TC_002AccountRegistrationTestDDTxlsx - Exception for user: hafiz_ahsan | Cannot invoke "String.equals(Object)" because "actual" is null
2025-12-27 15:07:53.439 [TestNG-tests-1] ERROR utilities.ExcelUtils - Failed to write data to Excel file
java.io.FileNotFoundException: testData\register_user.xlsx (The process cannot access the file because it is being used by another process)
	at java.base/java.io.FileOutputStream.open0(Native Method)
	at java.base/java.io.FileOutputStream.open(FileOutputStream.java:289)
	at java.base/java.io.FileOutputStream.<init>(FileOutputStream.java:230)
	at java.base/java.io.FileOutputStream.<init>(FileOutputStream.java:118)
	at utilities.ExcelUtils.setCellData(ExcelUtils.java:132)
	at testCases.TC_002AccountRegistrationTestDDTxlsx.accountRegistration(TC_002AccountRegistrationTestDDTxlsx.java:86)
	at java.base/jdk.internal.reflect.DirectMethodHandleAccessor.invoke(DirectMethodHandleAccessor.java:103)
	at java.base/java.lang.reflect.Method.invoke(Method.java:580)
	at org.testng.internal.invokers.MethodInvocationHelper.invokeMethod(MethodInvocationHelper.java:141)
	at org.testng.internal.invokers.TestInvoker.invokeMethod(TestInvoker.java:687)
	at org.testng.internal.invokers.TestInvoker.invokeTestMethod(TestInvoker.java:230)
	at org.testng.internal.invokers.MethodRunner.runInSequence(MethodRunner.java:63)
	at org.testng.internal.invokers.TestInvoker$MethodInvocationAgent.invoke(TestInvoker.java:995)
	at org.testng.internal.invokers.TestInvoker.invokeTestMethods(TestInvoker.java:203)
	at org.testng.internal.invokers.TestMethodWorker.invokeTestMethods(TestMethodWorker.java:154)
	at org.testng.internal.invokers.TestMethodWorker.run(TestMethodWorker.java:134)
	at java.base/java.util.ArrayList.forEach(ArrayList.java:1596)
	at org.testng.TestRunner.privateRun(TestRunner.java:741)
	at org.testng.TestRunner.run(TestRunner.java:616)
	at org.testng.SuiteRunner.runTest(SuiteRunner.java:421)
	at org.testng.SuiteRunner$SuiteWorker.run(SuiteRunner.java:463)
	at org.testng.internal.thread.ThreadUtil.lambda$execute$0(ThreadUtil.java:64)
	at java.base/java.util.concurrent.FutureTask.run$$$capture(FutureTask.java:317)
	at java.base/java.util.concurrent.FutureTask.run(FutureTask.java)
	at java.base/java.util.concurrent.ThreadPoolExecutor.runWorker(ThreadPoolExecutor.java:1144)
	at java.base/java.util.concurrent.ThreadPoolExecutor$Worker.run(ThreadPoolExecutor.java:642)
	at java.base/java.lang.Thread.run(Thread.java:1583)
2025-12-27 15:07:53.439 [TestNG-tests-1] INFO  utilities.ExcelUtils - Workbook closed.
2025-12-27 15:07:53.446 [TestNG-tests-1] ERROR utilities.ScreenshotUtil - Failed to capture screenshot
org.openqa.selenium.NoSuchWindowException: no such window: target window already closed
from unknown error: web view not found
  (Session info: chrome=143.0.7499.111)
Build info: version: '4.38.0', revision: '6b412e825c*'
System info: os.name: 'Windows 11', os.arch: 'amd64', os.version: '10.0', java.version: '21.0.3'
Driver info: org.openqa.selenium.chrome.ChromeDriver
Command: [5bd88ceeb2024bac64b607827a710c10, screenshot {}]
Capabilities {acceptInsecureCerts: false, browserName: chrome, browserVersion: 143.0.7499.111, chrome: {chromedriverVersion: 143.0.7499.169 (164b20aab62..., userDataDir: C:\Users\HAFIZM~2\AppData\L...}, fedcm:accounts: true, goog:chromeOptions: {debuggerAddress: localhost:53665}, goog:processID: 8512, networkConnectionEnabled: false, pageLoadStrategy: normal, platformName: windows, proxy: Proxy(), se:cdp: ws://localhost:53665/devtoo..., se:cdpVersion: 143.0.7499.111, setWindowRect: true, strictFileInteractability: false, timeouts: {implicit: 0, pageLoad: 300000, script: 30000}, unhandledPromptBehavior: dismiss and notify, webauthn:extension:credBlob: true, webauthn:extension:largeBlob: true, webauthn:extension:minPinLength: true, webauthn:extension:prf: true, webauthn:virtualAuthenticators: true}
Session ID: 5bd88ceeb2024bac64b607827a710c10
	at java.base/jdk.internal.reflect.DirectConstructorHandleAccessor.newInstance(DirectConstructorHandleAccessor.java:62)
	at java.base/java.lang.reflect.Constructor.newInstanceWithCaller(Constructor.java:502)
	at java.base/java.lang.reflect.Constructor.newInstance(Constructor.java:486)
	at org.openqa.selenium.remote.ErrorCodec.decode(ErrorCodec.java:167)
	at org.openqa.selenium.remote.codec.w3c.W3CHttpResponseCodec.decode(W3CHttpResponseCodec.java:138)
	at org.openqa.selenium.remote.codec.w3c.W3CHttpResponseCodec.decode(W3CHttpResponseCodec.java:50)
	at org.openqa.selenium.remote.HttpCommandExecutor.execute(HttpCommandExecutor.java:215)
	at org.openqa.selenium.remote.service.DriverCommandExecutor.invokeExecute(DriverCommandExecutor.java:216)
	at org.openqa.selenium.remote.service.DriverCommandExecutor.execute(DriverCommandExecutor.java:174)
	at org.openqa.selenium.remote.RemoteWebDriver.execute(RemoteWebDriver.java:557)
	at org.openqa.selenium.remote.RemoteWebDriver.execute(RemoteWebDriver.java:634)
	at org.openqa.selenium.remote.RemoteWebDriver.execute(RemoteWebDriver.java:638)
	at org.openqa.selenium.remote.RemoteWebDriver.getScreenshotAs(RemoteWebDriver.java:346)
	at utilities.ScreenshotUtil.captureScreenshot(ScreenshotUtil.java:33)
	at utilities.ExtentReportListener.onTestFailure(ExtentReportListener.java:97)
	at org.testng.internal.TestListenerHelper.runTestListeners(TestListenerHelper.java:115)
	at org.testng.internal.invokers.TestInvoker.runTestResultListener(TestInvoker.java:285)
	at org.testng.internal.invokers.TestInvoker.invokeMethod(TestInvoker.java:777)
	at org.testng.internal.invokers.TestInvoker.invokeTestMethod(TestInvoker.java:230)
	at org.testng.internal.invokers.MethodRunner.runInSequence(MethodRunner.java:63)
	at org.testng.internal.invokers.TestInvoker$MethodInvocationAgent.invoke(TestInvoker.java:995)
	at org.testng.internal.invokers.TestInvoker.invokeTestMethods(TestInvoker.java:203)
	at org.testng.internal.invokers.TestMethodWorker.invokeTestMethods(TestMethodWorker.java:154)
	at org.testng.internal.invokers.TestMethodWorker.run(TestMethodWorker.java:134)
	at java.base/java.util.ArrayList.forEach(ArrayList.java:1596)
	at org.testng.TestRunner.privateRun(TestRunner.java:741)
	at org.testng.TestRunner.run(TestRunner.java:616)
	at org.testng.SuiteRunner.runTest(SuiteRunner.java:421)
	at org.testng.SuiteRunner$SuiteWorker.run(SuiteRunner.java:463)
	at org.testng.internal.thread.ThreadUtil.lambda$execute$0(ThreadUtil.java:64)
	at java.base/java.util.concurrent.FutureTask.run$$$capture(FutureTask.java:317)
	at java.base/java.util.concurrent.FutureTask.run(FutureTask.java)
	at java.base/java.util.concurrent.ThreadPoolExecutor.runWorker(ThreadPoolExecutor.java:1144)
	at java.base/java.util.concurrent.ThreadPoolExecutor$Worker.run(ThreadPoolExecutor.java:642)
	at java.base/java.lang.Thread.run(Thread.java:1583)
2025-12-27 15:07:53.463 [TestNG-tests-1] INFO  testCases.TC_002AccountRegistrationTestDDTxlsx - ===== Starting Registration DDT Test for: hafiz@gmail.com =====
2025-12-27 15:07:53.463 [TestNG-tests-1] INFO  utilities.ExcelUtils - Opening Excel file: testData/register_user.xlsx
2025-12-27 15:07:53.499 [TestNG-tests-1] INFO  utilities.ExcelUtils - Loaded sheet: Sheet1
2025-12-27 15:08:03.840 [TestNG-tests-1] ERROR testCases.TC_002AccountRegistrationTestDDTxlsx - Exception for user: hafiz@gmail.com | Cannot invoke "String.equals(Object)" because "actual" is null
2025-12-27 15:08:03.846 [TestNG-tests-1] ERROR utilities.ExcelUtils - Failed to write data to Excel file
java.io.FileNotFoundException: testData\register_user.xlsx (The process cannot access the file because it is being used by another process)
	at java.base/java.io.FileOutputStream.open0(Native Method)
	at java.base/java.io.FileOutputStream.open(FileOutputStream.java:289)
	at java.base/java.io.FileOutputStream.<init>(FileOutputStream.java:230)
	at java.base/java.io.FileOutputStream.<init>(FileOutputStream.java:118)
	at utilities.ExcelUtils.setCellData(ExcelUtils.java:132)
	at testCases.TC_002AccountRegistrationTestDDTxlsx.accountRegistration(TC_002AccountRegistrationTestDDTxlsx.java:86)
	at java.base/jdk.internal.reflect.DirectMethodHandleAccessor.invoke(DirectMethodHandleAccessor.java:103)
	at java.base/java.lang.reflect.Method.invoke(Method.java:580)
	at org.testng.internal.invokers.MethodInvocationHelper.invokeMethod(MethodInvocationHelper.java:141)
	at org.testng.internal.invokers.TestInvoker.invokeMethod(TestInvoker.java:687)
	at org.testng.internal.invokers.TestInvoker.invokeTestMethod(TestInvoker.java:230)
	at org.testng.internal.invokers.MethodRunner.runInSequence(MethodRunner.java:63)
	at org.testng.internal.invokers.TestInvoker$MethodInvocationAgent.invoke(TestInvoker.java:995)
	at org.testng.internal.invokers.TestInvoker.invokeTestMethods(TestInvoker.java:203)
	at org.testng.internal.invokers.TestMethodWorker.invokeTestMethods(TestMethodWorker.java:154)
	at org.testng.internal.invokers.TestMethodWorker.run(TestMethodWorker.java:134)
	at java.base/java.util.ArrayList.forEach(ArrayList.java:1596)
	at org.testng.TestRunner.privateRun(TestRunner.java:741)
	at org.testng.TestRunner.run(TestRunner.java:616)
	at org.testng.SuiteRunner.runTest(SuiteRunner.java:421)
	at org.testng.SuiteRunner$SuiteWorker.run(SuiteRunner.java:463)
	at org.testng.internal.thread.ThreadUtil.lambda$execute$0(ThreadUtil.java:64)
	at java.base/java.util.concurrent.FutureTask.run$$$capture(FutureTask.java:317)
	at java.base/java.util.concurrent.FutureTask.run(FutureTask.java)
	at java.base/java.util.concurrent.ThreadPoolExecutor.runWorker(ThreadPoolExecutor.java:1144)
	at java.base/java.util.concurrent.ThreadPoolExecutor$Worker.run(ThreadPoolExecutor.java:642)
	at java.base/java.lang.Thread.run(Thread.java:1583)
2025-12-27 15:08:03.846 [TestNG-tests-1] INFO  utilities.ExcelUtils - Workbook closed.
2025-12-27 15:08:03.860 [TestNG-tests-1] ERROR utilities.ScreenshotUtil - Failed to capture screenshot
org.openqa.selenium.NoSuchWindowException: no such window: target window already closed
from unknown error: web view not found
  (Session info: chrome=143.0.7499.111)
Build info: version: '4.38.0', revision: '6b412e825c*'
System info: os.name: 'Windows 11', os.arch: 'amd64', os.version: '10.0', java.version: '21.0.3'
Driver info: org.openqa.selenium.chrome.ChromeDriver
Command: [5bd88ceeb2024bac64b607827a710c10, screenshot {}]
Capabilities {acceptInsecureCerts: false, browserName: chrome, browserVersion: 143.0.7499.111, chrome: {chromedriverVersion: 143.0.7499.169 (164b20aab62..., userDataDir: C:\Users\HAFIZM~2\AppData\L...}, fedcm:accounts: true, goog:chromeOptions: {debuggerAddress: localhost:53665}, goog:processID: 8512, networkConnectionEnabled: false, pageLoadStrategy: normal, platformName: windows, proxy: Proxy(), se:cdp: ws://localhost:53665/devtoo..., se:cdpVersion: 143.0.7499.111, setWindowRect: true, strictFileInteractability: false, timeouts: {implicit: 0, pageLoad: 300000, script: 30000}, unhandledPromptBehavior: dismiss and notify, webauthn:extension:credBlob: true, webauthn:extension:largeBlob: true, webauthn:extension:minPinLength: true, webauthn:extension:prf: true, webauthn:virtualAuthenticators: true}
Session ID: 5bd88ceeb2024bac64b607827a710c10
	at java.base/jdk.internal.reflect.DirectConstructorHandleAccessor.newInstance(DirectConstructorHandleAccessor.java:62)
	at java.base/java.lang.reflect.Constructor.newInstanceWithCaller(Constructor.java:502)
	at java.base/java.lang.reflect.Constructor.newInstance(Constructor.java:486)
	at org.openqa.selenium.remote.ErrorCodec.decode(ErrorCodec.java:167)
	at org.openqa.selenium.remote.codec.w3c.W3CHttpResponseCodec.decode(W3CHttpResponseCodec.java:138)
	at org.openqa.selenium.remote.codec.w3c.W3CHttpResponseCodec.decode(W3CHttpResponseCodec.java:50)
	at org.openqa.selenium.remote.HttpCommandExecutor.execute(HttpCommandExecutor.java:215)
	at org.openqa.selenium.remote.service.DriverCommandExecutor.invokeExecute(DriverCommandExecutor.java:216)
	at org.openqa.selenium.remote.service.DriverCommandExecutor.execute(DriverCommandExecutor.java:174)
	at org.openqa.selenium.remote.RemoteWebDriver.execute(RemoteWebDriver.java:557)
	at org.openqa.selenium.remote.RemoteWebDriver.execute(RemoteWebDriver.java:634)
	at org.openqa.selenium.remote.RemoteWebDriver.execute(RemoteWebDriver.java:638)
	at org.openqa.selenium.remote.RemoteWebDriver.getScreenshotAs(RemoteWebDriver.java:346)
	at utilities.ScreenshotUtil.captureScreenshot(ScreenshotUtil.java:33)
	at utilities.ExtentReportListener.onTestFailure(ExtentReportListener.java:97)
	at org.testng.internal.TestListenerHelper.runTestListeners(TestListenerHelper.java:115)
	at org.testng.internal.invokers.TestInvoker.runTestResultListener(TestInvoker.java:285)
	at org.testng.internal.invokers.TestInvoker.invokeMethod(TestInvoker.java:777)
	at org.testng.internal.invokers.TestInvoker.invokeTestMethod(TestInvoker.java:230)
	at org.testng.internal.invokers.MethodRunner.runInSequence(MethodRunner.java:63)
	at org.testng.internal.invokers.TestInvoker$MethodInvocationAgent.invoke(TestInvoker.java:995)
	at org.testng.internal.invokers.TestInvoker.invokeTestMethods(TestInvoker.java:203)
	at org.testng.internal.invokers.TestMethodWorker.invokeTestMethods(TestMethodWorker.java:154)
	at org.testng.internal.invokers.TestMethodWorker.run(TestMethodWorker.java:134)
	at java.base/java.util.ArrayList.forEach(ArrayList.java:1596)
	at org.testng.TestRunner.privateRun(TestRunner.java:741)
	at org.testng.TestRunner.run(TestRunner.java:616)
	at org.testng.SuiteRunner.runTest(SuiteRunner.java:421)
	at org.testng.SuiteRunner$SuiteWorker.run(SuiteRunner.java:463)
	at org.testng.internal.thread.ThreadUtil.lambda$execute$0(ThreadUtil.java:64)
	at java.base/java.util.concurrent.FutureTask.run$$$capture(FutureTask.java:317)
	at java.base/java.util.concurrent.FutureTask.run(FutureTask.java)
	at java.base/java.util.concurrent.ThreadPoolExecutor.runWorker(ThreadPoolExecutor.java:1144)
	at java.base/java.util.concurrent.ThreadPoolExecutor$Worker.run(ThreadPoolExecutor.java:642)
	at java.base/java.lang.Thread.run(Thread.java:1583)
2025-12-27 15:08:04.002 [TestNG-tests-1] INFO  testCases.TC_002AccountRegistrationTestDDTxlsx - Browser closed successfully.
2025-12-27 15:08:04.390 [TestNG-tests-1] INFO  utilities.EmailReportSender - Sender email: ahsan.clariv@gmail.com
2025-12-27 15:08:04.390 [TestNG-tests-1] INFO  utilities.EmailReportSender - Sender password: mstv vggb nbmk kehz
2025-12-27 15:08:04.390 [TestNG-tests-1] INFO  utilities.EmailReportSender - SMTP properties: {mail.smtp.port=587, mail.smtp.auth=true, mail.smtp.starttls.enable=true, mail.smtp.host=smtp.gmail.com}
2025-12-27 15:08:08.891 [TestNG-tests-1] INFO  utilities.EmailReportSender - Report sent successfully to hafizgee07@gmail.com
2025-12-27 15:08:45.782 [TestNG-tests-1] INFO  testCases.TC_002AccountRegistrationTestDDTxlsx - Starting test...
2025-12-27 15:08:59.472 [TestNG-tests-1] INFO  testCases.TC_002AccountRegistrationTestDDTxlsx - Navigated to: https://demoqa.com/
2025-12-27 15:08:59.511 [TestNG-tests-1] INFO  utilities.RegisterDataProvider - Reading Register data from Excel: testData/register_user.xlsx, Sheet: Sheet1
2025-12-27 15:08:59.517 [TestNG-tests-1] INFO  utilities.ExcelUtils - Opening Excel file: testData/register_user.xlsx
2025-12-27 15:09:01.442 [TestNG-tests-1] INFO  utilities.ExcelUtils - Loaded sheet: Sheet1
2025-12-27 15:09:01.442 [TestNG-tests-1] INFO  utilities.ExcelUtils - Row count retrieved: 7
2025-12-27 15:09:01.468 [TestNG-tests-1] INFO  utilities.RegisterDataProvider - Loaded Row 1 -> UserName: hafiz_ahsan1, ExpectedResult: Fail
2025-12-27 15:09:01.468 [TestNG-tests-1] INFO  utilities.RegisterDataProvider - Loaded Row 2 -> UserName: hafiz_ahsan2, ExpectedResult: Fail
2025-12-27 15:09:01.478 [TestNG-tests-1] INFO  utilities.RegisterDataProvider - Loaded Row 3 -> UserName: hafiz_ahsan3, ExpectedResult: Fail
2025-12-27 15:09:01.480 [TestNG-tests-1] INFO  utilities.RegisterDataProvider - Loaded Row 4 -> UserName: hafiz_ahsan4, ExpectedResult: Fail
2025-12-27 15:09:01.482 [TestNG-tests-1] INFO  utilities.RegisterDataProvider - Loaded Row 5 -> UserName: hafiz_ahsan, ExpectedResult: Fail
2025-12-27 15:09:01.485 [TestNG-tests-1] INFO  utilities.RegisterDataProvider - Loaded Row 6 -> UserName: hafiz@gmail.com, ExpectedResult: Pass
2025-12-27 15:09:01.485 [TestNG-tests-1] INFO  utilities.ExcelUtils - Workbook closed.
2025-12-27 15:09:01.485 [TestNG-tests-1] INFO  utilities.RegisterDataProvider - Excel workbook closed.
2025-12-27 15:09:01.597 [TestNG-tests-1] INFO  testCases.TC_002AccountRegistrationTestDDTxlsx - ===== Starting Registration DDT Test for: hafiz_ahsan1 =====
2025-12-27 15:09:01.605 [TestNG-tests-1] INFO  utilities.ExcelUtils - Opening Excel file: testData/register_user.xlsx
2025-12-27 15:09:01.731 [TestNG-tests-1] INFO  utilities.ExcelUtils - Loaded sheet: Sheet1
2025-12-27 15:09:02.010 [TestNG-tests-1] INFO  testCases.TC_002AccountRegistrationTestDDTxlsx - HomePage validation passed
2025-12-27 15:09:02.357 [TestNG-tests-1] INFO  testCases.TC_002AccountRegistrationTestDDTxlsx - BooksPage validation passed
2025-12-27 15:09:02.607 [TestNG-tests-1] INFO  testCases.TC_002AccountRegistrationTestDDTxlsx - LoginPage validation passed
2025-12-27 15:09:02.979 [TestNG-tests-1] INFO  testCases.TC_002AccountRegistrationTestDDTxlsx - RegisterPage validation passed
2025-12-27 15:09:15.341 [TestNG-tests-1] ERROR testCases.TC_002AccountRegistrationTestDDTxlsx - Exception for user: hafiz_ahsan1 | element click intercepted: Element <button id="register" type="button" class="btn btn-primary">...</button> is not clickable at point (797, 546). Other element would receive the click: <iframe id="google_ads_iframe_/21849154601,22343295815/Ad.Plus-Anchor_0" name="google_ads_iframe_/21849154601,22343295815/Ad.Plus-Anchor_0" title="3rd party ad content" width="970" height="100" scrolling="no" marginwidth="0" marginheight="0" frameborder="0" aria-label="Advertisement" tabindex="0" allow="private-state-token-redemption;attribution-reporting" data-load-complete="true" style="border: 0px; vertical-align: bottom;" data-google-container-id="1"></iframe>
  (Session info: chrome=143.0.7499.111)
Build info: version: '4.38.0', revision: '6b412e825c*'
System info: os.name: 'Windows 11', os.arch: 'amd64', os.version: '10.0', java.version: '21.0.3'
Driver info: org.openqa.selenium.chrome.ChromeDriver
Command: [87fa7d43af46e95b510fc1f6136222e0, clickElement {id=f.FD6FA2168A07BFBA829A970B52C788C2.d.CD2DDC6FB392B2BC6B6E5F2B6728D22D.e.59}]
Capabilities {acceptInsecureCerts: false, browserName: chrome, browserVersion: 143.0.7499.111, chrome: {chromedriverVersion: 143.0.7499.169 (164b20aab62..., userDataDir: C:\Users\HAFIZM~2\AppData\L...}, fedcm:accounts: true, goog:chromeOptions: {debuggerAddress: localhost:57762}, goog:processID: 15308, networkConnectionEnabled: false, pageLoadStrategy: normal, platformName: windows, proxy: Proxy(), se:cdp: ws://localhost:57762/devtoo..., se:cdpVersion: 143.0.7499.111, setWindowRect: true, strictFileInteractability: false, timeouts: {implicit: 0, pageLoad: 300000, script: 30000}, unhandledPromptBehavior: dismiss and notify, webauthn:extension:credBlob: true, webauthn:extension:largeBlob: true, webauthn:extension:minPinLength: true, webauthn:extension:prf: true, webauthn:virtualAuthenticators: true}
Element: [[ChromeDriver: chrome on windows (87fa7d43af46e95b510fc1f6136222e0)] -> xpath: //button[@id='register']]
Session ID: 87fa7d43af46e95b510fc1f6136222e0
2025-12-27 15:09:15.351 [TestNG-tests-1] ERROR utilities.ExcelUtils - Failed to write data to Excel file
java.io.FileNotFoundException: testData\register_user.xlsx (The process cannot access the file because it is being used by another process)
	at java.base/java.io.FileOutputStream.open0(Native Method)
	at java.base/java.io.FileOutputStream.open(FileOutputStream.java:289)
	at java.base/java.io.FileOutputStream.<init>(FileOutputStream.java:230)
	at java.base/java.io.FileOutputStream.<init>(FileOutputStream.java:118)
	at utilities.ExcelUtils.setCellData(ExcelUtils.java:132)
	at testCases.TC_002AccountRegistrationTestDDTxlsx.accountRegistration(TC_002AccountRegistrationTestDDTxlsx.java:86)
	at java.base/jdk.internal.reflect.DirectMethodHandleAccessor.invoke(DirectMethodHandleAccessor.java:103)
	at java.base/java.lang.reflect.Method.invoke(Method.java:580)
	at org.testng.internal.invokers.MethodInvocationHelper.invokeMethod(MethodInvocationHelper.java:141)
	at org.testng.internal.invokers.TestInvoker.invokeMethod(TestInvoker.java:687)
	at org.testng.internal.invokers.TestInvoker.invokeTestMethod(TestInvoker.java:230)
	at org.testng.internal.invokers.MethodRunner.runInSequence(MethodRunner.java:63)
	at org.testng.internal.invokers.TestInvoker$MethodInvocationAgent.invoke(TestInvoker.java:995)
	at org.testng.internal.invokers.TestInvoker.invokeTestMethods(TestInvoker.java:203)
	at org.testng.internal.invokers.TestMethodWorker.invokeTestMethods(TestMethodWorker.java:154)
	at org.testng.internal.invokers.TestMethodWorker.run(TestMethodWorker.java:134)
	at java.base/java.util.ArrayList.forEach(ArrayList.java:1596)
	at org.testng.TestRunner.privateRun(TestRunner.java:741)
	at org.testng.TestRunner.run(TestRunner.java:616)
	at org.testng.SuiteRunner.runTest(SuiteRunner.java:421)
	at org.testng.SuiteRunner$SuiteWorker.run(SuiteRunner.java:463)
	at org.testng.internal.thread.ThreadUtil.lambda$execute$0(ThreadUtil.java:64)
	at java.base/java.util.concurrent.FutureTask.run$$$capture(FutureTask.java:317)
	at java.base/java.util.concurrent.FutureTask.run(FutureTask.java)
	at java.base/java.util.concurrent.ThreadPoolExecutor.runWorker(ThreadPoolExecutor.java:1144)
	at java.base/java.util.concurrent.ThreadPoolExecutor$Worker.run(ThreadPoolExecutor.java:642)
	at java.base/java.lang.Thread.run(Thread.java:1583)
2025-12-27 15:09:15.356 [TestNG-tests-1] INFO  utilities.ExcelUtils - Workbook closed.
2025-12-27 15:09:17.647 [TestNG-tests-1] INFO  utilities.ScreenshotUtil - Screenshot saved to: D:\SeleniumLearning\DemoQa/screenshots/accountRegistration_20251227150917.png
2025-12-27 15:09:17.679 [TestNG-tests-1] INFO  testCases.TC_002AccountRegistrationTestDDTxlsx - ===== Starting Registration DDT Test for: hafiz_ahsan2 =====
2025-12-27 15:09:17.682 [TestNG-tests-1] INFO  utilities.ExcelUtils - Opening Excel file: testData/register_user.xlsx
2025-12-27 15:09:17.825 [TestNG-tests-1] INFO  utilities.ExcelUtils - Loaded sheet: Sheet1
2025-12-27 15:09:17.974 [TestNG-tests-1] INFO  testCases.TC_002AccountRegistrationTestDDTxlsx - HomePage validation passed
2025-12-27 15:09:18.322 [TestNG-tests-1] INFO  testCases.TC_002AccountRegistrationTestDDTxlsx - BooksPage validation passed
2025-12-27 15:09:18.575 [TestNG-tests-1] INFO  testCases.TC_002AccountRegistrationTestDDTxlsx - LoginPage validation passed
2025-12-27 15:09:18.811 [TestNG-tests-1] INFO  testCases.TC_002AccountRegistrationTestDDTxlsx - RegisterPage validation passed
2025-12-27 15:09:31.257 [TestNG-tests-1] ERROR testCases.TC_002AccountRegistrationTestDDTxlsx - Exception for user: hafiz_ahsan2 | element click intercepted: Element <button id="register" type="button" class="btn btn-primary">...</button> is not clickable at point (797, 577). Other element would receive the click: <iframe id="google_ads_iframe_/21849154601,22343295815/Ad.Plus-Anchor_0" name="google_ads_iframe_/21849154601,22343295815/Ad.Plus-Anchor_0" title="3rd party ad content" width="970" height="100" scrolling="no" marginwidth="0" marginheight="0" frameborder="0" aria-label="Advertisement" tabindex="0" allow="private-state-token-redemption;attribution-reporting" data-load-complete="true" style="border: 0px; vertical-align: bottom;" data-google-container-id="1"></iframe>
  (Session info: chrome=143.0.7499.111)
Build info: version: '4.38.0', revision: '6b412e825c*'
System info: os.name: 'Windows 11', os.arch: 'amd64', os.version: '10.0', java.version: '21.0.3'
Driver info: org.openqa.selenium.chrome.ChromeDriver
Command: [87fa7d43af46e95b510fc1f6136222e0, clickElement {id=f.FD6FA2168A07BFBA829A970B52C788C2.d.5166E7C48E4E97065B06EB2B1CBCC6AC.e.141}]
Capabilities {acceptInsecureCerts: false, browserName: chrome, browserVersion: 143.0.7499.111, chrome: {chromedriverVersion: 143.0.7499.169 (164b20aab62..., userDataDir: C:\Users\HAFIZM~2\AppData\L...}, fedcm:accounts: true, goog:chromeOptions: {debuggerAddress: localhost:57762}, goog:processID: 15308, networkConnectionEnabled: false, pageLoadStrategy: normal, platformName: windows, proxy: Proxy(), se:cdp: ws://localhost:57762/devtoo..., se:cdpVersion: 143.0.7499.111, setWindowRect: true, strictFileInteractability: false, timeouts: {implicit: 0, pageLoad: 300000, script: 30000}, unhandledPromptBehavior: dismiss and notify, webauthn:extension:credBlob: true, webauthn:extension:largeBlob: true, webauthn:extension:minPinLength: true, webauthn:extension:prf: true, webauthn:virtualAuthenticators: true}
Element: [[ChromeDriver: chrome on windows (87fa7d43af46e95b510fc1f6136222e0)] -> xpath: //button[@id='register']]
Session ID: 87fa7d43af46e95b510fc1f6136222e0
2025-12-27 15:09:31.266 [TestNG-tests-1] ERROR utilities.ExcelUtils - Failed to write data to Excel file
java.io.FileNotFoundException: testData\register_user.xlsx (The process cannot access the file because it is being used by another process)
	at java.base/java.io.FileOutputStream.open0(Native Method)
	at java.base/java.io.FileOutputStream.open(FileOutputStream.java:289)
	at java.base/java.io.FileOutputStream.<init>(FileOutputStream.java:230)
	at java.base/java.io.FileOutputStream.<init>(FileOutputStream.java:118)
	at utilities.ExcelUtils.setCellData(ExcelUtils.java:132)
	at testCases.TC_002AccountRegistrationTestDDTxlsx.accountRegistration(TC_002AccountRegistrationTestDDTxlsx.java:86)
	at java.base/jdk.internal.reflect.DirectMethodHandleAccessor.invoke(DirectMethodHandleAccessor.java:103)
	at java.base/java.lang.reflect.Method.invoke(Method.java:580)
	at org.testng.internal.invokers.MethodInvocationHelper.invokeMethod(MethodInvocationHelper.java:141)
	at org.testng.internal.invokers.TestInvoker.invokeMethod(TestInvoker.java:687)
	at org.testng.internal.invokers.TestInvoker.invokeTestMethod(TestInvoker.java:230)
	at org.testng.internal.invokers.MethodRunner.runInSequence(MethodRunner.java:63)
	at org.testng.internal.invokers.TestInvoker$MethodInvocationAgent.invoke(TestInvoker.java:995)
	at org.testng.internal.invokers.TestInvoker.invokeTestMethods(TestInvoker.java:203)
	at org.testng.internal.invokers.TestMethodWorker.invokeTestMethods(TestMethodWorker.java:154)
	at org.testng.internal.invokers.TestMethodWorker.run(TestMethodWorker.java:134)
	at java.base/java.util.ArrayList.forEach(ArrayList.java:1596)
	at org.testng.TestRunner.privateRun(TestRunner.java:741)
	at org.testng.TestRunner.run(TestRunner.java:616)
	at org.testng.SuiteRunner.runTest(SuiteRunner.java:421)
	at org.testng.SuiteRunner$SuiteWorker.run(SuiteRunner.java:463)
	at org.testng.internal.thread.ThreadUtil.lambda$execute$0(ThreadUtil.java:64)
	at java.base/java.util.concurrent.FutureTask.run$$$capture(FutureTask.java:317)
	at java.base/java.util.concurrent.FutureTask.run(FutureTask.java)
	at java.base/java.util.concurrent.ThreadPoolExecutor.runWorker(ThreadPoolExecutor.java:1144)
	at java.base/java.util.concurrent.ThreadPoolExecutor$Worker.run(ThreadPoolExecutor.java:642)
	at java.base/java.lang.Thread.run(Thread.java:1583)
2025-12-27 15:09:31.270 [TestNG-tests-1] INFO  utilities.ExcelUtils - Workbook closed.
2025-12-27 15:09:33.654 [TestNG-tests-1] INFO  utilities.ScreenshotUtil - Screenshot saved to: D:\SeleniumLearning\DemoQa/screenshots/accountRegistration_20251227150933.png
2025-12-27 15:09:33.681 [TestNG-tests-1] INFO  testCases.TC_002AccountRegistrationTestDDTxlsx - ===== Starting Registration DDT Test for: hafiz_ahsan3 =====
2025-12-27 15:09:33.681 [TestNG-tests-1] INFO  utilities.ExcelUtils - Opening Excel file: testData/register_user.xlsx
2025-12-27 15:09:33.742 [TestNG-tests-1] INFO  utilities.ExcelUtils - Loaded sheet: Sheet1
2025-12-27 15:09:33.887 [TestNG-tests-1] INFO  testCases.TC_002AccountRegistrationTestDDTxlsx - HomePage validation passed
2025-12-27 15:09:34.206 [TestNG-tests-1] INFO  testCases.TC_002AccountRegistrationTestDDTxlsx - BooksPage validation passed
2025-12-27 15:09:34.740 [TestNG-tests-1] INFO  testCases.TC_002AccountRegistrationTestDDTxlsx - LoginPage validation passed
2025-12-27 15:09:34.970 [TestNG-tests-1] INFO  testCases.TC_002AccountRegistrationTestDDTxlsx - RegisterPage validation passed
2025-12-27 15:09:47.129 [TestNG-tests-1] ERROR testCases.TC_002AccountRegistrationTestDDTxlsx - Exception for user: hafiz_ahsan3 | element click intercepted: Element <button id="register" type="button" class="btn btn-primary">...</button> is not clickable at point (797, 447). Other element would receive the click: <div>...</div>
  (Session info: chrome=143.0.7499.111)
Build info: version: '4.38.0', revision: '6b412e825c*'
System info: os.name: 'Windows 11', os.arch: 'amd64', os.version: '10.0', java.version: '21.0.3'
Driver info: org.openqa.selenium.chrome.ChromeDriver
Command: [87fa7d43af46e95b510fc1f6136222e0, clickElement {id=f.FD6FA2168A07BFBA829A970B52C788C2.d.855D74054B15770146EDF0F292B75324.e.232}]
Capabilities {acceptInsecureCerts: false, browserName: chrome, browserVersion: 143.0.7499.111, chrome: {chromedriverVersion: 143.0.7499.169 (164b20aab62..., userDataDir: C:\Users\HAFIZM~2\AppData\L...}, fedcm:accounts: true, goog:chromeOptions: {debuggerAddress: localhost:57762}, goog:processID: 15308, networkConnectionEnabled: false, pageLoadStrategy: normal, platformName: windows, proxy: Proxy(), se:cdp: ws://localhost:57762/devtoo..., se:cdpVersion: 143.0.7499.111, setWindowRect: true, strictFileInteractability: false, timeouts: {implicit: 0, pageLoad: 300000, script: 30000}, unhandledPromptBehavior: dismiss and notify, webauthn:extension:credBlob: true, webauthn:extension:largeBlob: true, webauthn:extension:minPinLength: true, webauthn:extension:prf: true, webauthn:virtualAuthenticators: true}
Element: [[ChromeDriver: chrome on windows (87fa7d43af46e95b510fc1f6136222e0)] -> xpath: //button[@id='register']]
Session ID: 87fa7d43af46e95b510fc1f6136222e0
2025-12-27 15:09:47.131 [TestNG-tests-1] ERROR utilities.ExcelUtils - Failed to write data to Excel file
java.io.FileNotFoundException: testData\register_user.xlsx (The process cannot access the file because it is being used by another process)
	at java.base/java.io.FileOutputStream.open0(Native Method)
	at java.base/java.io.FileOutputStream.open(FileOutputStream.java:289)
	at java.base/java.io.FileOutputStream.<init>(FileOutputStream.java:230)
	at java.base/java.io.FileOutputStream.<init>(FileOutputStream.java:118)
	at utilities.ExcelUtils.setCellData(ExcelUtils.java:132)
	at testCases.TC_002AccountRegistrationTestDDTxlsx.accountRegistration(TC_002AccountRegistrationTestDDTxlsx.java:86)
	at java.base/jdk.internal.reflect.DirectMethodHandleAccessor.invoke(DirectMethodHandleAccessor.java:103)
	at java.base/java.lang.reflect.Method.invoke(Method.java:580)
	at org.testng.internal.invokers.MethodInvocationHelper.invokeMethod(MethodInvocationHelper.java:141)
	at org.testng.internal.invokers.TestInvoker.invokeMethod(TestInvoker.java:687)
	at org.testng.internal.invokers.TestInvoker.invokeTestMethod(TestInvoker.java:230)
	at org.testng.internal.invokers.MethodRunner.runInSequence(MethodRunner.java:63)
	at org.testng.internal.invokers.TestInvoker$MethodInvocationAgent.invoke(TestInvoker.java:995)
	at org.testng.internal.invokers.TestInvoker.invokeTestMethods(TestInvoker.java:203)
	at org.testng.internal.invokers.TestMethodWorker.invokeTestMethods(TestMethodWorker.java:154)
	at org.testng.internal.invokers.TestMethodWorker.run(TestMethodWorker.java:134)
	at java.base/java.util.ArrayList.forEach(ArrayList.java:1596)
	at org.testng.TestRunner.privateRun(TestRunner.java:741)
	at org.testng.TestRunner.run(TestRunner.java:616)
	at org.testng.SuiteRunner.runTest(SuiteRunner.java:421)
	at org.testng.SuiteRunner$SuiteWorker.run(SuiteRunner.java:463)
	at org.testng.internal.thread.ThreadUtil.lambda$execute$0(ThreadUtil.java:64)
	at java.base/java.util.concurrent.FutureTask.run$$$capture(FutureTask.java:317)
	at java.base/java.util.concurrent.FutureTask.run(FutureTask.java)
	at java.base/java.util.concurrent.ThreadPoolExecutor.runWorker(ThreadPoolExecutor.java:1144)
	at java.base/java.util.concurrent.ThreadPoolExecutor$Worker.run(ThreadPoolExecutor.java:642)
	at java.base/java.lang.Thread.run(Thread.java:1583)
2025-12-27 15:09:47.133 [TestNG-tests-1] INFO  utilities.ExcelUtils - Workbook closed.
2025-12-27 15:09:48.861 [TestNG-tests-1] INFO  utilities.ScreenshotUtil - Screenshot saved to: D:\SeleniumLearning\DemoQa/screenshots/accountRegistration_20251227150948.png
2025-12-27 15:09:48.873 [TestNG-tests-1] INFO  testCases.TC_002AccountRegistrationTestDDTxlsx - ===== Starting Registration DDT Test for: hafiz_ahsan4 =====
2025-12-27 15:09:48.873 [TestNG-tests-1] INFO  utilities.ExcelUtils - Opening Excel file: testData/register_user.xlsx
2025-12-27 15:09:49.054 [TestNG-tests-1] INFO  utilities.ExcelUtils - Loaded sheet: Sheet1
2025-12-27 15:09:49.201 [TestNG-tests-1] INFO  testCases.TC_002AccountRegistrationTestDDTxlsx - HomePage validation passed
2025-12-27 15:09:49.433 [TestNG-tests-1] INFO  testCases.TC_002AccountRegistrationTestDDTxlsx - BooksPage validation passed
2025-12-27 15:09:49.875 [TestNG-tests-1] INFO  testCases.TC_002AccountRegistrationTestDDTxlsx - LoginPage validation passed
2025-12-27 15:09:50.599 [TestNG-tests-1] INFO  testCases.TC_002AccountRegistrationTestDDTxlsx - RegisterPage validation passed
2025-12-27 15:10:02.832 [TestNG-tests-1] ERROR testCases.TC_002AccountRegistrationTestDDTxlsx - Exception for user: hafiz_ahsan4 | element click intercepted: Element <button id="register" type="button" class="btn btn-primary">...</button> is not clickable at point (797, 447). Other element would receive the click: <div>...</div>
  (Session info: chrome=143.0.7499.111)
Build info: version: '4.38.0', revision: '6b412e825c*'
System info: os.name: 'Windows 11', os.arch: 'amd64', os.version: '10.0', java.version: '21.0.3'
Driver info: org.openqa.selenium.chrome.ChromeDriver
Command: [87fa7d43af46e95b510fc1f6136222e0, clickElement {id=f.FD6FA2168A07BFBA829A970B52C788C2.d.BE0B984F1C6A8C4A880A9370DA24A214.e.303}]
Capabilities {acceptInsecureCerts: false, browserName: chrome, browserVersion: 143.0.7499.111, chrome: {chromedriverVersion: 143.0.7499.169 (164b20aab62..., userDataDir: C:\Users\HAFIZM~2\AppData\L...}, fedcm:accounts: true, goog:chromeOptions: {debuggerAddress: localhost:57762}, goog:processID: 15308, networkConnectionEnabled: false, pageLoadStrategy: normal, platformName: windows, proxy: Proxy(), se:cdp: ws://localhost:57762/devtoo..., se:cdpVersion: 143.0.7499.111, setWindowRect: true, strictFileInteractability: false, timeouts: {implicit: 0, pageLoad: 300000, script: 30000}, unhandledPromptBehavior: dismiss and notify, webauthn:extension:credBlob: true, webauthn:extension:largeBlob: true, webauthn:extension:minPinLength: true, webauthn:extension:prf: true, webauthn:virtualAuthenticators: true}
Element: [[ChromeDriver: chrome on windows (87fa7d43af46e95b510fc1f6136222e0)] -> xpath: //button[@id='register']]
Session ID: 87fa7d43af46e95b510fc1f6136222e0
2025-12-27 15:10:02.839 [TestNG-tests-1] ERROR utilities.ExcelUtils - Failed to write data to Excel file
java.io.FileNotFoundException: testData\register_user.xlsx (The process cannot access the file because it is being used by another process)
	at java.base/java.io.FileOutputStream.open0(Native Method)
	at java.base/java.io.FileOutputStream.open(FileOutputStream.java:289)
	at java.base/java.io.FileOutputStream.<init>(FileOutputStream.java:230)
	at java.base/java.io.FileOutputStream.<init>(FileOutputStream.java:118)
	at utilities.ExcelUtils.setCellData(ExcelUtils.java:132)
	at testCases.TC_002AccountRegistrationTestDDTxlsx.accountRegistration(TC_002AccountRegistrationTestDDTxlsx.java:86)
	at java.base/jdk.internal.reflect.DirectMethodHandleAccessor.invoke(DirectMethodHandleAccessor.java:103)
	at java.base/java.lang.reflect.Method.invoke(Method.java:580)
	at org.testng.internal.invokers.MethodInvocationHelper.invokeMethod(MethodInvocationHelper.java:141)
	at org.testng.internal.invokers.TestInvoker.invokeMethod(TestInvoker.java:687)
	at org.testng.internal.invokers.TestInvoker.invokeTestMethod(TestInvoker.java:230)
	at org.testng.internal.invokers.MethodRunner.runInSequence(MethodRunner.java:63)
	at org.testng.internal.invokers.TestInvoker$MethodInvocationAgent.invoke(TestInvoker.java:995)
	at org.testng.internal.invokers.TestInvoker.invokeTestMethods(TestInvoker.java:203)
	at org.testng.internal.invokers.TestMethodWorker.invokeTestMethods(TestMethodWorker.java:154)
	at org.testng.internal.invokers.TestMethodWorker.run(TestMethodWorker.java:134)
	at java.base/java.util.ArrayList.forEach(ArrayList.java:1596)
	at org.testng.TestRunner.privateRun(TestRunner.java:741)
	at org.testng.TestRunner.run(TestRunner.java:616)
	at org.testng.SuiteRunner.runTest(SuiteRunner.java:421)
	at org.testng.SuiteRunner$SuiteWorker.run(SuiteRunner.java:463)
	at org.testng.internal.thread.ThreadUtil.lambda$execute$0(ThreadUtil.java:64)
	at java.base/java.util.concurrent.FutureTask.run$$$capture(FutureTask.java:317)
	at java.base/java.util.concurrent.FutureTask.run(FutureTask.java)
	at java.base/java.util.concurrent.ThreadPoolExecutor.runWorker(ThreadPoolExecutor.java:1144)
	at java.base/java.util.concurrent.ThreadPoolExecutor$Worker.run(ThreadPoolExecutor.java:642)
	at java.base/java.lang.Thread.run(Thread.java:1583)
2025-12-27 15:10:02.841 [TestNG-tests-1] INFO  utilities.ExcelUtils - Workbook closed.
2025-12-27 15:10:04.401 [TestNG-tests-1] INFO  utilities.ScreenshotUtil - Screenshot saved to: D:\SeleniumLearning\DemoQa/screenshots/accountRegistration_20251227151004.png
2025-12-27 15:10:04.413 [TestNG-tests-1] INFO  testCases.TC_002AccountRegistrationTestDDTxlsx - ===== Starting Registration DDT Test for: hafiz_ahsan =====
2025-12-27 15:10:04.414 [TestNG-tests-1] INFO  utilities.ExcelUtils - Opening Excel file: testData/register_user.xlsx
2025-12-27 15:10:04.503 [TestNG-tests-1] INFO  utilities.ExcelUtils - Loaded sheet: Sheet1
2025-12-27 15:10:04.608 [TestNG-tests-1] INFO  testCases.TC_002AccountRegistrationTestDDTxlsx - HomePage validation passed
2025-12-27 15:10:04.939 [TestNG-tests-1] INFO  testCases.TC_002AccountRegistrationTestDDTxlsx - BooksPage validation passed
2025-12-27 15:10:05.128 [TestNG-tests-1] INFO  testCases.TC_002AccountRegistrationTestDDTxlsx - LoginPage validation passed
2025-12-27 15:10:05.722 [TestNG-tests-1] INFO  testCases.TC_002AccountRegistrationTestDDTxlsx - RegisterPage validation passed
2025-12-27 15:10:17.832 [TestNG-tests-1] ERROR testCases.TC_002AccountRegistrationTestDDTxlsx - Exception for user: hafiz_ahsan | element click intercepted: Element <button id="register" type="button" class="btn btn-primary">...</button> is not clickable at point (797, 447). Other element would receive the click: <iframe title="recaptcha challenge expires in two minutes" name="c-786cttst38o6" frameborder="0" scrolling="no" sandbox="allow-forms allow-popups allow-same-origin allow-scripts allow-top-navigation allow-modals allow-popups-to-escape-sandbox allow-storage-access-by-user-activation" src="https://www.google.com/recaptcha/api2/bframe?hl=en&amp;v=7gg7H51Q-naNfhmCP3_R47ho&amp;k=6LdsKacZAAAAAIxY1X8GuHZljebmKWs8JGp97UK7&amp;bft=0dAFcWeA7hSRH0RLJk69d8r1BvCPsM7KgFDET5bqor2h-WcdGhGleIBs9Tjqk8qdDLPQht2BjmIrd_XfAVpfjXYALGh3mnIhj5bQ" style="width: 387px; height: 567px;"></iframe>
  (Session info: chrome=143.0.7499.111)
Build info: version: '4.38.0', revision: '6b412e825c*'
System info: os.name: 'Windows 11', os.arch: 'amd64', os.version: '10.0', java.version: '21.0.3'
Driver info: org.openqa.selenium.chrome.ChromeDriver
Command: [87fa7d43af46e95b510fc1f6136222e0, clickElement {id=f.FD6FA2168A07BFBA829A970B52C788C2.d.25398820901763D0F1C379BD2CF27CD3.e.372}]
Capabilities {acceptInsecureCerts: false, browserName: chrome, browserVersion: 143.0.7499.111, chrome: {chromedriverVersion: 143.0.7499.169 (164b20aab62..., userDataDir: C:\Users\HAFIZM~2\AppData\L...}, fedcm:accounts: true, goog:chromeOptions: {debuggerAddress: localhost:57762}, goog:processID: 15308, networkConnectionEnabled: false, pageLoadStrategy: normal, platformName: windows, proxy: Proxy(), se:cdp: ws://localhost:57762/devtoo..., se:cdpVersion: 143.0.7499.111, setWindowRect: true, strictFileInteractability: false, timeouts: {implicit: 0, pageLoad: 300000, script: 30000}, unhandledPromptBehavior: dismiss and notify, webauthn:extension:credBlob: true, webauthn:extension:largeBlob: true, webauthn:extension:minPinLength: true, webauthn:extension:prf: true, webauthn:virtualAuthenticators: true}
Element: [[ChromeDriver: chrome on windows (87fa7d43af46e95b510fc1f6136222e0)] -> xpath: //button[@id='register']]
Session ID: 87fa7d43af46e95b510fc1f6136222e0
2025-12-27 15:10:17.834 [TestNG-tests-1] ERROR utilities.ExcelUtils - Failed to write data to Excel file
java.io.FileNotFoundException: testData\register_user.xlsx (The process cannot access the file because it is being used by another process)
	at java.base/java.io.FileOutputStream.open0(Native Method)
	at java.base/java.io.FileOutputStream.open(FileOutputStream.java:289)
	at java.base/java.io.FileOutputStream.<init>(FileOutputStream.java:230)
	at java.base/java.io.FileOutputStream.<init>(FileOutputStream.java:118)
	at utilities.ExcelUtils.setCellData(ExcelUtils.java:132)
	at testCases.TC_002AccountRegistrationTestDDTxlsx.accountRegistration(TC_002AccountRegistrationTestDDTxlsx.java:86)
	at java.base/jdk.internal.reflect.DirectMethodHandleAccessor.invoke(DirectMethodHandleAccessor.java:103)
	at java.base/java.lang.reflect.Method.invoke(Method.java:580)
	at org.testng.internal.invokers.MethodInvocationHelper.invokeMethod(MethodInvocationHelper.java:141)
	at org.testng.internal.invokers.TestInvoker.invokeMethod(TestInvoker.java:687)
	at org.testng.internal.invokers.TestInvoker.invokeTestMethod(TestInvoker.java:230)
	at org.testng.internal.invokers.MethodRunner.runInSequence(MethodRunner.java:63)
	at org.testng.internal.invokers.TestInvoker$MethodInvocationAgent.invoke(TestInvoker.java:995)
	at org.testng.internal.invokers.TestInvoker.invokeTestMethods(TestInvoker.java:203)
	at org.testng.internal.invokers.TestMethodWorker.invokeTestMethods(TestMethodWorker.java:154)
	at org.testng.internal.invokers.TestMethodWorker.run(TestMethodWorker.java:134)
	at java.base/java.util.ArrayList.forEach(ArrayList.java:1596)
	at org.testng.TestRunner.privateRun(TestRunner.java:741)
	at org.testng.TestRunner.run(TestRunner.java:616)
	at org.testng.SuiteRunner.runTest(SuiteRunner.java:421)
	at org.testng.SuiteRunner$SuiteWorker.run(SuiteRunner.java:463)
	at org.testng.internal.thread.ThreadUtil.lambda$execute$0(ThreadUtil.java:64)
	at java.base/java.util.concurrent.FutureTask.run$$$capture(FutureTask.java:317)
	at java.base/java.util.concurrent.FutureTask.run(FutureTask.java)
	at java.base/java.util.concurrent.ThreadPoolExecutor.runWorker(ThreadPoolExecutor.java:1144)
	at java.base/java.util.concurrent.ThreadPoolExecutor$Worker.run(ThreadPoolExecutor.java:642)
	at java.base/java.lang.Thread.run(Thread.java:1583)
2025-12-27 15:10:17.834 [TestNG-tests-1] INFO  utilities.ExcelUtils - Workbook closed.
2025-12-27 15:10:24.237 [TestNG-tests-1] INFO  utilities.ScreenshotUtil - Screenshot saved to: D:\SeleniumLearning\DemoQa/screenshots/accountRegistration_20251227151024.png
2025-12-27 15:10:24.251 [TestNG-tests-1] INFO  testCases.TC_002AccountRegistrationTestDDTxlsx - ===== Starting Registration DDT Test for: hafiz@gmail.com =====
2025-12-27 15:10:24.253 [TestNG-tests-1] INFO  utilities.ExcelUtils - Opening Excel file: testData/register_user.xlsx
2025-12-27 15:10:24.347 [TestNG-tests-1] INFO  utilities.ExcelUtils - Loaded sheet: Sheet1
2025-12-27 15:10:24.455 [TestNG-tests-1] INFO  testCases.TC_002AccountRegistrationTestDDTxlsx - HomePage validation passed
2025-12-27 15:10:24.751 [TestNG-tests-1] INFO  testCases.TC_002AccountRegistrationTestDDTxlsx - BooksPage validation passed
2025-12-27 15:10:25.525 [TestNG-tests-1] INFO  testCases.TC_002AccountRegistrationTestDDTxlsx - LoginPage validation passed
2025-12-27 15:10:25.815 [TestNG-tests-1] INFO  testCases.TC_002AccountRegistrationTestDDTxlsx - RegisterPage validation passed
2025-12-27 15:10:37.846 [TestNG-tests-1] ERROR testCases.TC_002AccountRegistrationTestDDTxlsx - Exception for user: hafiz@gmail.com | element click intercepted: Element <button id="register" type="button" class="btn btn-primary">...</button> is not clickable at point (797, 481). Other element would receive the click: <iframe id="google_ads_iframe_/21849154601,22343295815/Ad.Plus-Anchor_0" name="google_ads_iframe_/21849154601,22343295815/Ad.Plus-Anchor_0" title="3rd party ad content" width="970" height="100" scrolling="no" marginwidth="0" marginheight="0" frameborder="0" aria-label="Advertisement" tabindex="0" allow="private-state-token-redemption;attribution-reporting" data-load-complete="true" style="border: 0px; vertical-align: bottom;" data-google-container-id="1"></iframe>
  (Session info: chrome=143.0.7499.111)
Build info: version: '4.38.0', revision: '6b412e825c*'
System info: os.name: 'Windows 11', os.arch: 'amd64', os.version: '10.0', java.version: '21.0.3'
Driver info: org.openqa.selenium.chrome.ChromeDriver
Command: [87fa7d43af46e95b510fc1f6136222e0, clickElement {id=f.FD6FA2168A07BFBA829A970B52C788C2.d.B5421AE4B9E0E0D2F7EC8E43B2472219.e.442}]
Capabilities {acceptInsecureCerts: false, browserName: chrome, browserVersion: 143.0.7499.111, chrome: {chromedriverVersion: 143.0.7499.169 (164b20aab62..., userDataDir: C:\Users\HAFIZM~2\AppData\L...}, fedcm:accounts: true, goog:chromeOptions: {debuggerAddress: localhost:57762}, goog:processID: 15308, networkConnectionEnabled: false, pageLoadStrategy: normal, platformName: windows, proxy: Proxy(), se:cdp: ws://localhost:57762/devtoo..., se:cdpVersion: 143.0.7499.111, setWindowRect: true, strictFileInteractability: false, timeouts: {implicit: 0, pageLoad: 300000, script: 30000}, unhandledPromptBehavior: dismiss and notify, webauthn:extension:credBlob: true, webauthn:extension:largeBlob: true, webauthn:extension:minPinLength: true, webauthn:extension:prf: true, webauthn:virtualAuthenticators: true}
Element: [[ChromeDriver: chrome on windows (87fa7d43af46e95b510fc1f6136222e0)] -> xpath: //button[@id='register']]
Session ID: 87fa7d43af46e95b510fc1f6136222e0
2025-12-27 15:10:37.854 [TestNG-tests-1] ERROR utilities.ExcelUtils - Failed to write data to Excel file
java.io.FileNotFoundException: testData\register_user.xlsx (The process cannot access the file because it is being used by another process)
	at java.base/java.io.FileOutputStream.open0(Native Method)
	at java.base/java.io.FileOutputStream.open(FileOutputStream.java:289)
	at java.base/java.io.FileOutputStream.<init>(FileOutputStream.java:230)
	at java.base/java.io.FileOutputStream.<init>(FileOutputStream.java:118)
	at utilities.ExcelUtils.setCellData(ExcelUtils.java:132)
	at testCases.TC_002AccountRegistrationTestDDTxlsx.accountRegistration(TC_002AccountRegistrationTestDDTxlsx.java:86)
	at java.base/jdk.internal.reflect.DirectMethodHandleAccessor.invoke(DirectMethodHandleAccessor.java:103)
	at java.base/java.lang.reflect.Method.invoke(Method.java:580)
	at org.testng.internal.invokers.MethodInvocationHelper.invokeMethod(MethodInvocationHelper.java:141)
	at org.testng.internal.invokers.TestInvoker.invokeMethod(TestInvoker.java:687)
	at org.testng.internal.invokers.TestInvoker.invokeTestMethod(TestInvoker.java:230)
	at org.testng.internal.invokers.MethodRunner.runInSequence(MethodRunner.java:63)
	at org.testng.internal.invokers.TestInvoker$MethodInvocationAgent.invoke(TestInvoker.java:995)
	at org.testng.internal.invokers.TestInvoker.invokeTestMethods(TestInvoker.java:203)
	at org.testng.internal.invokers.TestMethodWorker.invokeTestMethods(TestMethodWorker.java:154)
	at org.testng.internal.invokers.TestMethodWorker.run(TestMethodWorker.java:134)
	at java.base/java.util.ArrayList.forEach(ArrayList.java:1596)
	at org.testng.TestRunner.privateRun(TestRunner.java:741)
	at org.testng.TestRunner.run(TestRunner.java:616)
	at org.testng.SuiteRunner.runTest(SuiteRunner.java:421)
	at org.testng.SuiteRunner$SuiteWorker.run(SuiteRunner.java:463)
	at org.testng.internal.thread.ThreadUtil.lambda$execute$0(ThreadUtil.java:64)
	at java.base/java.util.concurrent.FutureTask.run$$$capture(FutureTask.java:317)
	at java.base/java.util.concurrent.FutureTask.run(FutureTask.java)
	at java.base/java.util.concurrent.ThreadPoolExecutor.runWorker(ThreadPoolExecutor.java:1144)
	at java.base/java.util.concurrent.ThreadPoolExecutor$Worker.run(ThreadPoolExecutor.java:642)
	at java.base/java.lang.Thread.run(Thread.java:1583)
2025-12-27 15:10:37.855 [TestNG-tests-1] INFO  utilities.ExcelUtils - Workbook closed.
2025-12-27 15:10:44.552 [TestNG-tests-1] INFO  utilities.ScreenshotUtil - Screenshot saved to: D:\SeleniumLearning\DemoQa/screenshots/accountRegistration_20251227151044.png
2025-12-27 15:10:44.961 [TestNG-tests-1] INFO  testCases.TC_002AccountRegistrationTestDDTxlsx - Browser closed successfully.
2025-12-27 15:10:45.633 [TestNG-tests-1] INFO  utilities.EmailReportSender - Sender email: ahsan.clariv@gmail.com
2025-12-27 15:10:45.633 [TestNG-tests-1] INFO  utilities.EmailReportSender - Sender password: mstv vggb nbmk kehz
2025-12-27 15:10:45.633 [TestNG-tests-1] INFO  utilities.EmailReportSender - SMTP properties: {mail.smtp.port=587, mail.smtp.auth=true, mail.smtp.starttls.enable=true, mail.smtp.host=smtp.gmail.com}
2025-12-27 15:10:50.831 [TestNG-tests-1] INFO  utilities.EmailReportSender - Report sent successfully to hafizgee07@gmail.com
2025-12-27 15:14:01.063 [TestNG-tests-1] INFO  testCases.TC_002AccountRegistrationTestDDTxlsx - Starting test...
2025-12-27 15:14:44.324 [TestNG-tests-1] INFO  testCases.TC_002AccountRegistrationTestDDTxlsx - Navigated to: https://demoqa.com/
2025-12-27 15:14:44.359 [TestNG-tests-1] INFO  utilities.RegisterDataProvider - Reading Register data from Excel: testData/register_user.xlsx, Sheet: Sheet1
2025-12-27 15:14:44.368 [TestNG-tests-1] INFO  utilities.ExcelUtils - Opening Excel file: testData/register_user.xlsx
2025-12-27 15:14:46.427 [TestNG-tests-1] INFO  utilities.ExcelUtils - Loaded sheet: Sheet1
2025-12-27 15:14:46.427 [TestNG-tests-1] INFO  utilities.ExcelUtils - Row count retrieved: 7
2025-12-27 15:14:46.452 [TestNG-tests-1] INFO  utilities.RegisterDataProvider - Loaded Row 1 -> UserName: hafiz_ahsan1, ExpectedResult: Fail
2025-12-27 15:14:46.455 [TestNG-tests-1] INFO  utilities.RegisterDataProvider - Loaded Row 2 -> UserName: hafiz_ahsan2, ExpectedResult: Fail
2025-12-27 15:14:46.456 [TestNG-tests-1] INFO  utilities.RegisterDataProvider - Loaded Row 3 -> UserName: hafiz_ahsan3, ExpectedResult: Fail
2025-12-27 15:14:46.456 [TestNG-tests-1] INFO  utilities.RegisterDataProvider - Loaded Row 4 -> UserName: hafiz_ahsan4, ExpectedResult: Fail
2025-12-27 15:14:46.458 [TestNG-tests-1] INFO  utilities.RegisterDataProvider - Loaded Row 5 -> UserName: hafiz_ahsan, ExpectedResult: Fail
2025-12-27 15:14:46.458 [TestNG-tests-1] INFO  utilities.RegisterDataProvider - Loaded Row 6 -> UserName: hafiz@gmail.com, ExpectedResult: Pass
2025-12-27 15:14:46.460 [TestNG-tests-1] INFO  utilities.ExcelUtils - Workbook closed.
2025-12-27 15:14:46.460 [TestNG-tests-1] INFO  utilities.RegisterDataProvider - Excel workbook closed.
2025-12-27 15:14:46.561 [TestNG-tests-1] INFO  testCases.TC_002AccountRegistrationTestDDTxlsx - ===== Starting Registration DDT Test for: hafiz_ahsan1 =====
2025-12-27 15:14:46.564 [TestNG-tests-1] INFO  utilities.ExcelUtils - Opening Excel file: testData/register_user.xlsx
2025-12-27 15:14:46.695 [TestNG-tests-1] INFO  utilities.ExcelUtils - Loaded sheet: Sheet1
2025-12-27 15:14:46.931 [TestNG-tests-1] INFO  testCases.TC_002AccountRegistrationTestDDTxlsx - HomePage validation passed
2025-12-27 15:14:47.324 [TestNG-tests-1] INFO  testCases.TC_002AccountRegistrationTestDDTxlsx - BooksPage validation passed
2025-12-27 15:14:47.633 [TestNG-tests-1] INFO  testCases.TC_002AccountRegistrationTestDDTxlsx - LoginPage validation passed
2025-12-27 15:14:47.958 [TestNG-tests-1] INFO  testCases.TC_002AccountRegistrationTestDDTxlsx - RegisterPage validation passed
2025-12-27 15:15:00.457 [TestNG-tests-1] ERROR testCases.TC_002AccountRegistrationTestDDTxlsx - Exception for user: hafiz_ahsan1 | element click intercepted: Element <button id="register" type="button" class="btn btn-primary">...</button> is not clickable at point (797, 539). Other element would receive the click: <iframe id="google_ads_iframe_/21849154601,22343295815/Ad.Plus-Anchor_0" name="google_ads_iframe_/21849154601,22343295815/Ad.Plus-Anchor_0" title="3rd party ad content" width="970" height="100" scrolling="no" marginwidth="0" marginheight="0" frameborder="0" aria-label="Advertisement" tabindex="0" allow="private-state-token-redemption;attribution-reporting" data-load-complete="true" style="border: 0px; vertical-align: bottom;" data-google-container-id="1"></iframe>
  (Session info: chrome=143.0.7499.111)
Build info: version: '4.38.0', revision: '6b412e825c*'
System info: os.name: 'Windows 11', os.arch: 'amd64', os.version: '10.0', java.version: '21.0.3'
Driver info: org.openqa.selenium.chrome.ChromeDriver
Command: [7291ea24791bb35778441b80df6932b2, clickElement {id=f.1D0149DF31BDD6D523FA7171ED494604.d.9CA19DAC710B01942D1B805865BF6CFA.e.55}]
Capabilities {acceptInsecureCerts: false, browserName: chrome, browserVersion: 143.0.7499.111, chrome: {chromedriverVersion: 143.0.7499.169 (164b20aab62..., userDataDir: C:\Users\HAFIZM~2\AppData\L...}, fedcm:accounts: true, goog:chromeOptions: {debuggerAddress: localhost:60028}, goog:processID: 7216, networkConnectionEnabled: false, pageLoadStrategy: normal, platformName: windows, proxy: Proxy(), se:cdp: ws://localhost:60028/devtoo..., se:cdpVersion: 143.0.7499.111, setWindowRect: true, strictFileInteractability: false, timeouts: {implicit: 0, pageLoad: 300000, script: 30000}, unhandledPromptBehavior: dismiss and notify, webauthn:extension:credBlob: true, webauthn:extension:largeBlob: true, webauthn:extension:minPinLength: true, webauthn:extension:prf: true, webauthn:virtualAuthenticators: true}
Element: [[ChromeDriver: chrome on windows (7291ea24791bb35778441b80df6932b2)] -> xpath: //button[@id='register']]
Session ID: 7291ea24791bb35778441b80df6932b2
2025-12-27 15:15:00.878 [TestNG-tests-1] INFO  utilities.ExcelUtils - Written data to Excel [1][5]: Fail
2025-12-27 15:15:00.931 [TestNG-tests-1] INFO  utilities.ExcelUtils - Written data to Excel [1][6]: Test Failed
2025-12-27 15:15:00.931 [TestNG-tests-1] INFO  utilities.ExcelUtils - Workbook closed.
2025-12-27 15:15:02.209 [TestNG-tests-1] INFO  testCases.TC_002AccountRegistrationTestDDTxlsx - ===== Finished Registration DDT Test for: hafiz_ahsan1 =====
2025-12-27 15:15:02.238 [TestNG-tests-1] INFO  testCases.TC_002AccountRegistrationTestDDTxlsx - ===== Starting Registration DDT Test for: hafiz_ahsan2 =====
2025-12-27 15:15:02.242 [TestNG-tests-1] INFO  utilities.ExcelUtils - Opening Excel file: testData/register_user.xlsx
2025-12-27 15:15:02.341 [TestNG-tests-1] INFO  utilities.ExcelUtils - Loaded sheet: Sheet1
2025-12-27 15:15:02.498 [TestNG-tests-1] INFO  testCases.TC_002AccountRegistrationTestDDTxlsx - HomePage validation passed
2025-12-27 15:15:02.831 [TestNG-tests-1] INFO  testCases.TC_002AccountRegistrationTestDDTxlsx - BooksPage validation passed
2025-12-27 15:15:03.122 [TestNG-tests-1] INFO  testCases.TC_002AccountRegistrationTestDDTxlsx - LoginPage validation passed
2025-12-27 15:15:03.587 [TestNG-tests-1] INFO  testCases.TC_002AccountRegistrationTestDDTxlsx - RegisterPage validation passed
2025-12-27 15:15:15.676 [TestNG-tests-1] ERROR testCases.TC_002AccountRegistrationTestDDTxlsx - Exception for user: hafiz_ahsan2 | element click intercepted: Element <button id="register" type="button" class="btn btn-primary">...</button> is not clickable at point (797, 546). Other element would receive the click: <iframe id="google_ads_iframe_/21849154601,22343295815/Ad.Plus-Anchor_0" name="google_ads_iframe_/21849154601,22343295815/Ad.Plus-Anchor_0" title="3rd party ad content" width="970" height="100" scrolling="no" marginwidth="0" marginheight="0" frameborder="0" aria-label="Advertisement" tabindex="0" allow="private-state-token-redemption;attribution-reporting" data-load-complete="true" style="border: 0px; vertical-align: bottom;" data-google-container-id="1"></iframe>
  (Session info: chrome=143.0.7499.111)
Build info: version: '4.38.0', revision: '6b412e825c*'
System info: os.name: 'Windows 11', os.arch: 'amd64', os.version: '10.0', java.version: '21.0.3'
Driver info: org.openqa.selenium.chrome.ChromeDriver
Command: [7291ea24791bb35778441b80df6932b2, clickElement {id=f.1D0149DF31BDD6D523FA7171ED494604.d.9437ED41CB11035A456062EEC1FED79F.e.162}]
Capabilities {acceptInsecureCerts: false, browserName: chrome, browserVersion: 143.0.7499.111, chrome: {chromedriverVersion: 143.0.7499.169 (164b20aab62..., userDataDir: C:\Users\HAFIZM~2\AppData\L...}, fedcm:accounts: true, goog:chromeOptions: {debuggerAddress: localhost:60028}, goog:processID: 7216, networkConnectionEnabled: false, pageLoadStrategy: normal, platformName: windows, proxy: Proxy(), se:cdp: ws://localhost:60028/devtoo..., se:cdpVersion: 143.0.7499.111, setWindowRect: true, strictFileInteractability: false, timeouts: {implicit: 0, pageLoad: 300000, script: 30000}, unhandledPromptBehavior: dismiss and notify, webauthn:extension:credBlob: true, webauthn:extension:largeBlob: true, webauthn:extension:minPinLength: true, webauthn:extension:prf: true, webauthn:virtualAuthenticators: true}
Element: [[ChromeDriver: chrome on windows (7291ea24791bb35778441b80df6932b2)] -> xpath: //button[@id='register']]
Session ID: 7291ea24791bb35778441b80df6932b2
2025-12-27 15:15:15.744 [TestNG-tests-1] INFO  utilities.ExcelUtils - Written data to Excel [2][5]: Fail
2025-12-27 15:15:15.798 [TestNG-tests-1] INFO  utilities.ExcelUtils - Written data to Excel [2][6]: Test Failed
2025-12-27 15:15:15.798 [TestNG-tests-1] INFO  utilities.ExcelUtils - Workbook closed.
2025-12-27 15:15:16.927 [TestNG-tests-1] INFO  testCases.TC_002AccountRegistrationTestDDTxlsx - ===== Finished Registration DDT Test for: hafiz_ahsan2 =====
2025-12-27 15:15:16.934 [TestNG-tests-1] INFO  testCases.TC_002AccountRegistrationTestDDTxlsx - ===== Starting Registration DDT Test for: hafiz_ahsan3 =====
2025-12-27 15:15:16.936 [TestNG-tests-1] INFO  utilities.ExcelUtils - Opening Excel file: testData/register_user.xlsx
2025-12-27 15:15:17.014 [TestNG-tests-1] INFO  utilities.ExcelUtils - Loaded sheet: Sheet1
2025-12-27 15:15:17.124 [TestNG-tests-1] INFO  testCases.TC_002AccountRegistrationTestDDTxlsx - HomePage validation passed
2025-12-27 15:15:17.473 [TestNG-tests-1] INFO  testCases.TC_002AccountRegistrationTestDDTxlsx - BooksPage validation passed
2025-12-27 15:15:17.753 [TestNG-tests-1] INFO  testCases.TC_002AccountRegistrationTestDDTxlsx - LoginPage validation passed
2025-12-27 15:15:18.191 [TestNG-tests-1] INFO  testCases.TC_002AccountRegistrationTestDDTxlsx - RegisterPage validation passed
2025-12-27 15:15:30.471 [TestNG-tests-1] ERROR testCases.TC_002AccountRegistrationTestDDTxlsx - Exception for user: hafiz_ahsan3 | element click intercepted: Element <button id="register" type="button" class="btn btn-primary">...</button> is not clickable at point (797, 546). Other element would receive the click: <iframe id="google_ads_iframe_/21849154601,22343295815/Ad.Plus-Anchor_0" name="google_ads_iframe_/21849154601,22343295815/Ad.Plus-Anchor_0" title="3rd party ad content" width="970" height="100" scrolling="no" marginwidth="0" marginheight="0" frameborder="0" aria-label="Advertisement" tabindex="0" allow="private-state-token-redemption;attribution-reporting" data-load-complete="true" style="border: 0px; vertical-align: bottom;" data-google-container-id="1"></iframe>
  (Session info: chrome=143.0.7499.111)
Build info: version: '4.38.0', revision: '6b412e825c*'
System info: os.name: 'Windows 11', os.arch: 'amd64', os.version: '10.0', java.version: '21.0.3'
Driver info: org.openqa.selenium.chrome.ChromeDriver
Command: [7291ea24791bb35778441b80df6932b2, clickElement {id=f.1D0149DF31BDD6D523FA7171ED494604.d.EBA66AAF260692E0B49C6BECD17B0DF7.e.243}]
Capabilities {acceptInsecureCerts: false, browserName: chrome, browserVersion: 143.0.7499.111, chrome: {chromedriverVersion: 143.0.7499.169 (164b20aab62..., userDataDir: C:\Users\HAFIZM~2\AppData\L...}, fedcm:accounts: true, goog:chromeOptions: {debuggerAddress: localhost:60028}, goog:processID: 7216, networkConnectionEnabled: false, pageLoadStrategy: normal, platformName: windows, proxy: Proxy(), se:cdp: ws://localhost:60028/devtoo..., se:cdpVersion: 143.0.7499.111, setWindowRect: true, strictFileInteractability: false, timeouts: {implicit: 0, pageLoad: 300000, script: 30000}, unhandledPromptBehavior: dismiss and notify, webauthn:extension:credBlob: true, webauthn:extension:largeBlob: true, webauthn:extension:minPinLength: true, webauthn:extension:prf: true, webauthn:virtualAuthenticators: true}
Element: [[ChromeDriver: chrome on windows (7291ea24791bb35778441b80df6932b2)] -> xpath: //button[@id='register']]
Session ID: 7291ea24791bb35778441b80df6932b2
2025-12-27 15:15:30.527 [TestNG-tests-1] INFO  utilities.ExcelUtils - Written data to Excel [3][5]: Fail
2025-12-27 15:15:30.576 [TestNG-tests-1] INFO  utilities.ExcelUtils - Written data to Excel [3][6]: Test Failed
2025-12-27 15:15:30.576 [TestNG-tests-1] INFO  utilities.ExcelUtils - Workbook closed.
2025-12-27 15:15:32.487 [TestNG-tests-1] INFO  testCases.TC_002AccountRegistrationTestDDTxlsx - ===== Finished Registration DDT Test for: hafiz_ahsan3 =====
2025-12-27 15:15:32.498 [TestNG-tests-1] INFO  testCases.TC_002AccountRegistrationTestDDTxlsx - ===== Starting Registration DDT Test for: hafiz_ahsan4 =====
2025-12-27 15:15:32.501 [TestNG-tests-1] INFO  utilities.ExcelUtils - Opening Excel file: testData/register_user.xlsx
2025-12-27 15:15:32.582 [TestNG-tests-1] INFO  utilities.ExcelUtils - Loaded sheet: Sheet1
2025-12-27 15:15:32.677 [TestNG-tests-1] INFO  testCases.TC_002AccountRegistrationTestDDTxlsx - HomePage validation passed
2025-12-27 15:15:33.041 [TestNG-tests-1] INFO  testCases.TC_002AccountRegistrationTestDDTxlsx - BooksPage validation passed
2025-12-27 15:15:33.255 [TestNG-tests-1] INFO  testCases.TC_002AccountRegistrationTestDDTxlsx - LoginPage validation passed
2025-12-27 15:15:33.972 [TestNG-tests-1] INFO  testCases.TC_002AccountRegistrationTestDDTxlsx - RegisterPage validation passed
2025-12-27 15:15:46.144 [TestNG-tests-1] ERROR testCases.TC_002AccountRegistrationTestDDTxlsx - Exception for user: hafiz_ahsan4 | element click intercepted: Element <button id="register" type="button" class="btn btn-primary">...</button> is not clickable at point (797, 447). Other element would receive the click: <div>...</div>
  (Session info: chrome=143.0.7499.111)
Build info: version: '4.38.0', revision: '6b412e825c*'
System info: os.name: 'Windows 11', os.arch: 'amd64', os.version: '10.0', java.version: '21.0.3'
Driver info: org.openqa.selenium.chrome.ChromeDriver
Command: [7291ea24791bb35778441b80df6932b2, clickElement {id=f.1D0149DF31BDD6D523FA7171ED494604.d.1EFDEA6C5FE80DE4BC4F384A4EDC0481.e.315}]
Capabilities {acceptInsecureCerts: false, browserName: chrome, browserVersion: 143.0.7499.111, chrome: {chromedriverVersion: 143.0.7499.169 (164b20aab62..., userDataDir: C:\Users\HAFIZM~2\AppData\L...}, fedcm:accounts: true, goog:chromeOptions: {debuggerAddress: localhost:60028}, goog:processID: 7216, networkConnectionEnabled: false, pageLoadStrategy: normal, platformName: windows, proxy: Proxy(), se:cdp: ws://localhost:60028/devtoo..., se:cdpVersion: 143.0.7499.111, setWindowRect: true, strictFileInteractability: false, timeouts: {implicit: 0, pageLoad: 300000, script: 30000}, unhandledPromptBehavior: dismiss and notify, webauthn:extension:credBlob: true, webauthn:extension:largeBlob: true, webauthn:extension:minPinLength: true, webauthn:extension:prf: true, webauthn:virtualAuthenticators: true}
Element: [[ChromeDriver: chrome on windows (7291ea24791bb35778441b80df6932b2)] -> xpath: //button[@id='register']]
Session ID: 7291ea24791bb35778441b80df6932b2
2025-12-27 15:15:46.206 [TestNG-tests-1] INFO  utilities.ExcelUtils - Written data to Excel [4][5]: Fail
2025-12-27 15:15:46.255 [TestNG-tests-1] INFO  utilities.ExcelUtils - Written data to Excel [4][6]: Test Failed
2025-12-27 15:15:46.255 [TestNG-tests-1] INFO  utilities.ExcelUtils - Workbook closed.
2025-12-27 15:15:48.331 [TestNG-tests-1] INFO  testCases.TC_002AccountRegistrationTestDDTxlsx - ===== Finished Registration DDT Test for: hafiz_ahsan4 =====
2025-12-27 15:15:48.339 [TestNG-tests-1] INFO  testCases.TC_002AccountRegistrationTestDDTxlsx - ===== Starting Registration DDT Test for: hafiz_ahsan =====
2025-12-27 15:15:48.339 [TestNG-tests-1] INFO  utilities.ExcelUtils - Opening Excel file: testData/register_user.xlsx
2025-12-27 15:15:48.421 [TestNG-tests-1] INFO  utilities.ExcelUtils - Loaded sheet: Sheet1
2025-12-27 15:15:48.539 [TestNG-tests-1] INFO  testCases.TC_002AccountRegistrationTestDDTxlsx - HomePage validation passed
2025-12-27 15:15:48.883 [TestNG-tests-1] INFO  testCases.TC_002AccountRegistrationTestDDTxlsx - BooksPage validation passed
2025-12-27 15:15:49.157 [TestNG-tests-1] INFO  testCases.TC_002AccountRegistrationTestDDTxlsx - LoginPage validation passed
2025-12-27 15:15:49.715 [TestNG-tests-1] INFO  testCases.TC_002AccountRegistrationTestDDTxlsx - RegisterPage validation passed
2025-12-27 15:16:01.820 [TestNG-tests-1] ERROR testCases.TC_002AccountRegistrationTestDDTxlsx - Exception for user: hafiz_ahsan | element click intercepted: Element <button id="register" type="button" class="btn btn-primary">...</button> is not clickable at point (797, 447). Other element would receive the click: <div>...</div>
  (Session info: chrome=143.0.7499.111)
Build info: version: '4.38.0', revision: '6b412e825c*'
System info: os.name: 'Windows 11', os.arch: 'amd64', os.version: '10.0', java.version: '21.0.3'
Driver info: org.openqa.selenium.chrome.ChromeDriver
Command: [7291ea24791bb35778441b80df6932b2, clickElement {id=f.1D0149DF31BDD6D523FA7171ED494604.d.6C03EF9C38BC29973EB4FDDCF8264C46.e.387}]
Capabilities {acceptInsecureCerts: false, browserName: chrome, browserVersion: 143.0.7499.111, chrome: {chromedriverVersion: 143.0.7499.169 (164b20aab62..., userDataDir: C:\Users\HAFIZM~2\AppData\L...}, fedcm:accounts: true, goog:chromeOptions: {debuggerAddress: localhost:60028}, goog:processID: 7216, networkConnectionEnabled: false, pageLoadStrategy: normal, platformName: windows, proxy: Proxy(), se:cdp: ws://localhost:60028/devtoo..., se:cdpVersion: 143.0.7499.111, setWindowRect: true, strictFileInteractability: false, timeouts: {implicit: 0, pageLoad: 300000, script: 30000}, unhandledPromptBehavior: dismiss and notify, webauthn:extension:credBlob: true, webauthn:extension:largeBlob: true, webauthn:extension:minPinLength: true, webauthn:extension:prf: true, webauthn:virtualAuthenticators: true}
Element: [[ChromeDriver: chrome on windows (7291ea24791bb35778441b80df6932b2)] -> xpath: //button[@id='register']]
Session ID: 7291ea24791bb35778441b80df6932b2
2025-12-27 15:16:01.891 [TestNG-tests-1] INFO  utilities.ExcelUtils - Written data to Excel [5][5]: Fail
2025-12-27 15:16:01.939 [TestNG-tests-1] INFO  utilities.ExcelUtils - Written data to Excel [5][6]: Test Failed
2025-12-27 15:16:01.939 [TestNG-tests-1] INFO  utilities.ExcelUtils - Workbook closed.
2025-12-27 15:16:03.055 [TestNG-tests-1] INFO  testCases.TC_002AccountRegistrationTestDDTxlsx - ===== Finished Registration DDT Test for: hafiz_ahsan =====
2025-12-27 15:16:03.065 [TestNG-tests-1] INFO  testCases.TC_002AccountRegistrationTestDDTxlsx - ===== Starting Registration DDT Test for: hafiz@gmail.com =====
2025-12-27 15:16:03.065 [TestNG-tests-1] INFO  utilities.ExcelUtils - Opening Excel file: testData/register_user.xlsx
2025-12-27 15:16:03.134 [TestNG-tests-1] INFO  utilities.ExcelUtils - Loaded sheet: Sheet1
2025-12-27 15:16:03.237 [TestNG-tests-1] INFO  testCases.TC_002AccountRegistrationTestDDTxlsx - HomePage validation passed
2025-12-27 15:16:03.558 [TestNG-tests-1] INFO  testCases.TC_002AccountRegistrationTestDDTxlsx - BooksPage validation passed
2025-12-27 15:16:03.782 [TestNG-tests-1] INFO  testCases.TC_002AccountRegistrationTestDDTxlsx - LoginPage validation passed
2025-12-27 15:16:04.082 [TestNG-tests-1] INFO  testCases.TC_002AccountRegistrationTestDDTxlsx - RegisterPage validation passed
2025-12-27 15:16:16.491 [TestNG-tests-1] ERROR testCases.TC_002AccountRegistrationTestDDTxlsx - Exception for user: hafiz@gmail.com | element click intercepted: Element <button id="register" type="button" class="btn btn-primary">...</button> is not clickable at point (797, 577). Other element would receive the click: <iframe id="google_ads_iframe_/21849154601,22343295815/Ad.Plus-Anchor_0" name="google_ads_iframe_/21849154601,22343295815/Ad.Plus-Anchor_0" title="3rd party ad content" width="970" height="100" scrolling="no" marginwidth="0" marginheight="0" frameborder="0" aria-label="Advertisement" tabindex="0" allow="private-state-token-redemption;attribution-reporting" data-load-complete="true" style="border: 0px; vertical-align: bottom;" data-google-container-id="1"></iframe>
  (Session info: chrome=143.0.7499.111)
Build info: version: '4.38.0', revision: '6b412e825c*'
System info: os.name: 'Windows 11', os.arch: 'amd64', os.version: '10.0', java.version: '21.0.3'
Driver info: org.openqa.selenium.chrome.ChromeDriver
Command: [7291ea24791bb35778441b80df6932b2, clickElement {id=f.1D0149DF31BDD6D523FA7171ED494604.d.0C1E8262496A8AB406C79D8FB5608343.e.445}]
Capabilities {acceptInsecureCerts: false, browserName: chrome, browserVersion: 143.0.7499.111, chrome: {chromedriverVersion: 143.0.7499.169 (164b20aab62..., userDataDir: C:\Users\HAFIZM~2\AppData\L...}, fedcm:accounts: true, goog:chromeOptions: {debuggerAddress: localhost:60028}, goog:processID: 7216, networkConnectionEnabled: false, pageLoadStrategy: normal, platformName: windows, proxy: Proxy(), se:cdp: ws://localhost:60028/devtoo..., se:cdpVersion: 143.0.7499.111, setWindowRect: true, strictFileInteractability: false, timeouts: {implicit: 0, pageLoad: 300000, script: 30000}, unhandledPromptBehavior: dismiss and notify, webauthn:extension:credBlob: true, webauthn:extension:largeBlob: true, webauthn:extension:minPinLength: true, webauthn:extension:prf: true, webauthn:virtualAuthenticators: true}
Element: [[ChromeDriver: chrome on windows (7291ea24791bb35778441b80df6932b2)] -> xpath: //button[@id='register']]
Session ID: 7291ea24791bb35778441b80df6932b2
2025-12-27 15:16:16.546 [TestNG-tests-1] INFO  utilities.ExcelUtils - Written data to Excel [6][5]: Fail
2025-12-27 15:16:16.589 [TestNG-tests-1] INFO  utilities.ExcelUtils - Written data to Excel [6][6]: Test Failed
2025-12-27 15:16:16.589 [TestNG-tests-1] INFO  utilities.ExcelUtils - Workbook closed.
2025-12-27 15:16:19.008 [TestNG-tests-1] INFO  testCases.TC_002AccountRegistrationTestDDTxlsx - ===== Finished Registration DDT Test for: hafiz@gmail.com =====
2025-12-27 15:16:19.354 [TestNG-tests-1] INFO  testCases.TC_002AccountRegistrationTestDDTxlsx - Browser closed successfully.
2025-12-27 15:16:19.838 [TestNG-tests-1] INFO  utilities.EmailReportSender - Sender email: ahsan.clariv@gmail.com
2025-12-27 15:16:19.838 [TestNG-tests-1] INFO  utilities.EmailReportSender - Sender password: mstv vggb nbmk kehz
2025-12-27 15:16:19.838 [TestNG-tests-1] INFO  utilities.EmailReportSender - SMTP properties: {mail.smtp.port=587, mail.smtp.auth=true, mail.smtp.starttls.enable=true, mail.smtp.host=smtp.gmail.com}
2025-12-27 15:16:23.890 [TestNG-tests-1] INFO  utilities.EmailReportSender - Report sent successfully to hafizgee07@gmail.com
2025-12-27 15:21:17.901 [TestNG-tests-1] INFO  testCases.TC_002AccountRegistrationTestDDTxlsx - Starting test...
2025-12-27 15:21:37.359 [TestNG-tests-1] INFO  testCases.TC_002AccountRegistrationTestDDTxlsx - Navigated to: https://demoqa.com/
2025-12-27 15:21:37.393 [TestNG-tests-1] INFO  utilities.RegisterDataProvider - Reading Register data from Excel: testData/register_user.xlsx, Sheet: Sheet1
2025-12-27 15:21:37.402 [TestNG-tests-1] INFO  utilities.ExcelUtils - Opening Excel file: testData/register_user.xlsx
2025-12-27 15:21:39.412 [TestNG-tests-1] INFO  utilities.ExcelUtils - Loaded sheet: Sheet1
2025-12-27 15:21:39.412 [TestNG-tests-1] INFO  utilities.ExcelUtils - Row count retrieved: 7
2025-12-27 15:21:39.443 [TestNG-tests-1] INFO  utilities.RegisterDataProvider - Loaded Row 1 -> UserName: hafiz_ahsan1, ExpectedResult: Fail
2025-12-27 15:21:39.445 [TestNG-tests-1] INFO  utilities.RegisterDataProvider - Loaded Row 2 -> UserName: hafiz_ahsan2, ExpectedResult: Fail
2025-12-27 15:21:39.447 [TestNG-tests-1] INFO  utilities.RegisterDataProvider - Loaded Row 3 -> UserName: hafiz_ahsan3, ExpectedResult: Fail
2025-12-27 15:21:39.449 [TestNG-tests-1] INFO  utilities.RegisterDataProvider - Loaded Row 4 -> UserName: hafiz_ahsan4, ExpectedResult: Fail
2025-12-27 15:21:39.449 [TestNG-tests-1] INFO  utilities.RegisterDataProvider - Loaded Row 5 -> UserName: hafiz_ahsan, ExpectedResult: Fail
2025-12-27 15:21:39.451 [TestNG-tests-1] INFO  utilities.RegisterDataProvider - Loaded Row 6 -> UserName: hafiz@gmail.com, ExpectedResult: Pass
2025-12-27 15:21:39.452 [TestNG-tests-1] INFO  utilities.ExcelUtils - Workbook closed.
2025-12-27 15:21:39.452 [TestNG-tests-1] INFO  utilities.RegisterDataProvider - Excel workbook closed.
2025-12-27 15:21:39.533 [TestNG-tests-1] INFO  testCases.TC_002AccountRegistrationTestDDTxlsx - ===== Starting Registration DDT Test for: hafiz_ahsan1 =====
2025-12-27 15:21:39.533 [TestNG-tests-1] INFO  utilities.ExcelUtils - Opening Excel file: testData/register_user.xlsx
2025-12-27 15:21:39.682 [TestNG-tests-1] INFO  utilities.ExcelUtils - Loaded sheet: Sheet1
2025-12-27 15:21:53.044 [TestNG-tests-1] ERROR testCases.TC_002AccountRegistrationTestDDTxlsx - Exception for user: hafiz_ahsan1 | element click intercepted: Element <button id="register" type="button" class="btn btn-primary">...</button> is not clickable at point (797, 546). Other element would receive the click: <iframe id="google_ads_iframe_/21849154601,22343295815/Ad.Plus-Anchor_0" name="google_ads_iframe_/21849154601,22343295815/Ad.Plus-Anchor_0" title="3rd party ad content" width="970" height="100" scrolling="no" marginwidth="0" marginheight="0" frameborder="0" aria-label="Advertisement" tabindex="0" allow="private-state-token-redemption;attribution-reporting" data-load-complete="true" style="border: 0px; vertical-align: bottom;" data-google-container-id="1"></iframe>
  (Session info: chrome=143.0.7499.111)
Build info: version: '4.38.0', revision: '6b412e825c*'
System info: os.name: 'Windows 11', os.arch: 'amd64', os.version: '10.0', java.version: '21.0.3'
Driver info: org.openqa.selenium.chrome.ChromeDriver
Command: [3202a90ad3838943d697ef5d15c7501c, clickElement {id=f.C8B48BD278A97F219436C237BE25B17D.d.54E194F15E6D09C4D8CA690B6FBA30B7.e.50}]
Capabilities {acceptInsecureCerts: false, browserName: chrome, browserVersion: 143.0.7499.111, chrome: {chromedriverVersion: 143.0.7499.169 (164b20aab62..., userDataDir: C:\Users\HAFIZM~2\AppData\L...}, fedcm:accounts: true, goog:chromeOptions: {debuggerAddress: localhost:52967}, goog:processID: 8816, networkConnectionEnabled: false, pageLoadStrategy: normal, platformName: windows, proxy: Proxy(), se:cdp: ws://localhost:52967/devtoo..., se:cdpVersion: 143.0.7499.111, setWindowRect: true, strictFileInteractability: false, timeouts: {implicit: 0, pageLoad: 300000, script: 30000}, unhandledPromptBehavior: dismiss and notify, webauthn:extension:credBlob: true, webauthn:extension:largeBlob: true, webauthn:extension:minPinLength: true, webauthn:extension:prf: true, webauthn:virtualAuthenticators: true}
Element: [[ChromeDriver: chrome on windows (3202a90ad3838943d697ef5d15c7501c)] -> xpath: //button[@id='register']]
Session ID: 3202a90ad3838943d697ef5d15c7501c
2025-12-27 15:21:53.048 [TestNG-tests-1] ERROR utilities.ExcelUtils - Failed to write data to Excel file
java.io.FileNotFoundException: testData\register_user.xlsx (The process cannot access the file because it is being used by another process)
	at java.base/java.io.FileOutputStream.open0(Native Method)
	at java.base/java.io.FileOutputStream.open(FileOutputStream.java:289)
	at java.base/java.io.FileOutputStream.<init>(FileOutputStream.java:230)
	at java.base/java.io.FileOutputStream.<init>(FileOutputStream.java:118)
	at utilities.ExcelUtils.setCellData(ExcelUtils.java:132)
	at testCases.TC_002AccountRegistrationTestDDTxlsx.accountRegistration(TC_002AccountRegistrationTestDDTxlsx.java:80)
	at java.base/jdk.internal.reflect.DirectMethodHandleAccessor.invoke(DirectMethodHandleAccessor.java:103)
	at java.base/java.lang.reflect.Method.invoke(Method.java:580)
	at org.testng.internal.invokers.MethodInvocationHelper.invokeMethod(MethodInvocationHelper.java:141)
	at org.testng.internal.invokers.TestInvoker.invokeMethod(TestInvoker.java:687)
	at org.testng.internal.invokers.TestInvoker.invokeTestMethod(TestInvoker.java:230)
	at org.testng.internal.invokers.MethodRunner.runInSequence(MethodRunner.java:63)
	at org.testng.internal.invokers.TestInvoker$MethodInvocationAgent.invoke(TestInvoker.java:995)
	at org.testng.internal.invokers.TestInvoker.invokeTestMethods(TestInvoker.java:203)
	at org.testng.internal.invokers.TestMethodWorker.invokeTestMethods(TestMethodWorker.java:154)
	at org.testng.internal.invokers.TestMethodWorker.run(TestMethodWorker.java:134)
	at java.base/java.util.ArrayList.forEach(ArrayList.java:1596)
	at org.testng.TestRunner.privateRun(TestRunner.java:741)
	at org.testng.TestRunner.run(TestRunner.java:616)
	at org.testng.SuiteRunner.runTest(SuiteRunner.java:421)
	at org.testng.SuiteRunner$SuiteWorker.run(SuiteRunner.java:463)
	at org.testng.internal.thread.ThreadUtil.lambda$execute$0(ThreadUtil.java:64)
	at java.base/java.util.concurrent.FutureTask.run$$$capture(FutureTask.java:317)
	at java.base/java.util.concurrent.FutureTask.run(FutureTask.java)
	at java.base/java.util.concurrent.ThreadPoolExecutor.runWorker(ThreadPoolExecutor.java:1144)
	at java.base/java.util.concurrent.ThreadPoolExecutor$Worker.run(ThreadPoolExecutor.java:642)
	at java.base/java.lang.Thread.run(Thread.java:1583)
2025-12-27 15:21:53.053 [TestNG-tests-1] INFO  utilities.ExcelUtils - Workbook closed.
2025-12-27 15:21:55.058 [TestNG-tests-1] INFO  utilities.ScreenshotUtil - Screenshot saved to: D:\SeleniumLearning\DemoQa/screenshots/accountRegistration_20251227152155.png
2025-12-27 15:21:55.094 [TestNG-tests-1] INFO  testCases.TC_002AccountRegistrationTestDDTxlsx - ===== Starting Registration DDT Test for: hafiz_ahsan2 =====
2025-12-27 15:21:55.094 [TestNG-tests-1] INFO  utilities.ExcelUtils - Opening Excel file: testData/register_user.xlsx
2025-12-27 15:21:55.192 [TestNG-tests-1] INFO  utilities.ExcelUtils - Loaded sheet: Sheet1
2025-12-27 15:22:08.447 [TestNG-tests-1] ERROR testCases.TC_002AccountRegistrationTestDDTxlsx - Exception for user: hafiz_ahsan2 | element click intercepted: Element <button id="register" type="button" class="btn btn-primary">...</button> is not clickable at point (797, 547). Other element would receive the click: <iframe id="google_ads_iframe_/21849154601,22343295815/Ad.Plus-Anchor_0" name="google_ads_iframe_/21849154601,22343295815/Ad.Plus-Anchor_0" title="3rd party ad content" width="970" height="100" scrolling="no" marginwidth="0" marginheight="0" frameborder="0" aria-label="Advertisement" tabindex="0" allow="private-state-token-redemption;attribution-reporting" data-load-complete="true" style="border: 0px; vertical-align: bottom;" data-google-container-id="1"></iframe>
  (Session info: chrome=143.0.7499.111)
Build info: version: '4.38.0', revision: '6b412e825c*'
System info: os.name: 'Windows 11', os.arch: 'amd64', os.version: '10.0', java.version: '21.0.3'
Driver info: org.openqa.selenium.chrome.ChromeDriver
Command: [3202a90ad3838943d697ef5d15c7501c, clickElement {id=f.C8B48BD278A97F219436C237BE25B17D.d.AFA408AC038C77524580A717475CCEC8.e.143}]
Capabilities {acceptInsecureCerts: false, browserName: chrome, browserVersion: 143.0.7499.111, chrome: {chromedriverVersion: 143.0.7499.169 (164b20aab62..., userDataDir: C:\Users\HAFIZM~2\AppData\L...}, fedcm:accounts: true, goog:chromeOptions: {debuggerAddress: localhost:52967}, goog:processID: 8816, networkConnectionEnabled: false, pageLoadStrategy: normal, platformName: windows, proxy: Proxy(), se:cdp: ws://localhost:52967/devtoo..., se:cdpVersion: 143.0.7499.111, setWindowRect: true, strictFileInteractability: false, timeouts: {implicit: 0, pageLoad: 300000, script: 30000}, unhandledPromptBehavior: dismiss and notify, webauthn:extension:credBlob: true, webauthn:extension:largeBlob: true, webauthn:extension:minPinLength: true, webauthn:extension:prf: true, webauthn:virtualAuthenticators: true}
Element: [[ChromeDriver: chrome on windows (3202a90ad3838943d697ef5d15c7501c)] -> xpath: //button[@id='register']]
Session ID: 3202a90ad3838943d697ef5d15c7501c
2025-12-27 15:22:08.455 [TestNG-tests-1] ERROR utilities.ExcelUtils - Failed to write data to Excel file
java.io.FileNotFoundException: testData\register_user.xlsx (The process cannot access the file because it is being used by another process)
	at java.base/java.io.FileOutputStream.open0(Native Method)
	at java.base/java.io.FileOutputStream.open(FileOutputStream.java:289)
	at java.base/java.io.FileOutputStream.<init>(FileOutputStream.java:230)
	at java.base/java.io.FileOutputStream.<init>(FileOutputStream.java:118)
	at utilities.ExcelUtils.setCellData(ExcelUtils.java:132)
	at testCases.TC_002AccountRegistrationTestDDTxlsx.accountRegistration(TC_002AccountRegistrationTestDDTxlsx.java:80)
	at java.base/jdk.internal.reflect.DirectMethodHandleAccessor.invoke(DirectMethodHandleAccessor.java:103)
	at java.base/java.lang.reflect.Method.invoke(Method.java:580)
	at org.testng.internal.invokers.MethodInvocationHelper.invokeMethod(MethodInvocationHelper.java:141)
	at org.testng.internal.invokers.TestInvoker.invokeMethod(TestInvoker.java:687)
	at org.testng.internal.invokers.TestInvoker.invokeTestMethod(TestInvoker.java:230)
	at org.testng.internal.invokers.MethodRunner.runInSequence(MethodRunner.java:63)
	at org.testng.internal.invokers.TestInvoker$MethodInvocationAgent.invoke(TestInvoker.java:995)
	at org.testng.internal.invokers.TestInvoker.invokeTestMethods(TestInvoker.java:203)
	at org.testng.internal.invokers.TestMethodWorker.invokeTestMethods(TestMethodWorker.java:154)
	at org.testng.internal.invokers.TestMethodWorker.run(TestMethodWorker.java:134)
	at java.base/java.util.ArrayList.forEach(ArrayList.java:1596)
	at org.testng.TestRunner.privateRun(TestRunner.java:741)
	at org.testng.TestRunner.run(TestRunner.java:616)
	at org.testng.SuiteRunner.runTest(SuiteRunner.java:421)
	at org.testng.SuiteRunner$SuiteWorker.run(SuiteRunner.java:463)
	at org.testng.internal.thread.ThreadUtil.lambda$execute$0(ThreadUtil.java:64)
	at java.base/java.util.concurrent.FutureTask.run$$$capture(FutureTask.java:317)
	at java.base/java.util.concurrent.FutureTask.run(FutureTask.java)
	at java.base/java.util.concurrent.ThreadPoolExecutor.runWorker(ThreadPoolExecutor.java:1144)
	at java.base/java.util.concurrent.ThreadPoolExecutor$Worker.run(ThreadPoolExecutor.java:642)
	at java.base/java.lang.Thread.run(Thread.java:1583)
2025-12-27 15:22:08.455 [TestNG-tests-1] INFO  utilities.ExcelUtils - Workbook closed.
2025-12-27 15:22:09.854 [TestNG-tests-1] INFO  utilities.ScreenshotUtil - Screenshot saved to: D:\SeleniumLearning\DemoQa/screenshots/accountRegistration_20251227152209.png
2025-12-27 15:22:09.874 [TestNG-tests-1] INFO  testCases.TC_002AccountRegistrationTestDDTxlsx - ===== Starting Registration DDT Test for: hafiz_ahsan3 =====
2025-12-27 15:22:09.874 [TestNG-tests-1] INFO  utilities.ExcelUtils - Opening Excel file: testData/register_user.xlsx
2025-12-27 15:22:09.962 [TestNG-tests-1] INFO  utilities.ExcelUtils - Loaded sheet: Sheet1
2025-12-27 15:22:22.890 [TestNG-tests-1] ERROR testCases.TC_002AccountRegistrationTestDDTxlsx - Exception for user: hafiz_ahsan3 | element click intercepted: Element <button id="register" type="button" class="btn btn-primary">...</button> is not clickable at point (797, 539). Other element would receive the click: <iframe id="google_ads_iframe_/21849154601,22343295815/Ad.Plus-Anchor_0" name="google_ads_iframe_/21849154601,22343295815/Ad.Plus-Anchor_0" title="3rd party ad content" width="970" height="100" scrolling="no" marginwidth="0" marginheight="0" frameborder="0" aria-label="Advertisement" tabindex="0" allow="private-state-token-redemption;attribution-reporting" data-load-complete="true" style="border: 0px; vertical-align: bottom;" data-google-container-id="1"></iframe>
  (Session info: chrome=143.0.7499.111)
Build info: version: '4.38.0', revision: '6b412e825c*'
System info: os.name: 'Windows 11', os.arch: 'amd64', os.version: '10.0', java.version: '21.0.3'
Driver info: org.openqa.selenium.chrome.ChromeDriver
Command: [3202a90ad3838943d697ef5d15c7501c, clickElement {id=f.C8B48BD278A97F219436C237BE25B17D.d.D2772C81AFBBD99DEF15EDEBA9694DB2.e.237}]
Capabilities {acceptInsecureCerts: false, browserName: chrome, browserVersion: 143.0.7499.111, chrome: {chromedriverVersion: 143.0.7499.169 (164b20aab62..., userDataDir: C:\Users\HAFIZM~2\AppData\L...}, fedcm:accounts: true, goog:chromeOptions: {debuggerAddress: localhost:52967}, goog:processID: 8816, networkConnectionEnabled: false, pageLoadStrategy: normal, platformName: windows, proxy: Proxy(), se:cdp: ws://localhost:52967/devtoo..., se:cdpVersion: 143.0.7499.111, setWindowRect: true, strictFileInteractability: false, timeouts: {implicit: 0, pageLoad: 300000, script: 30000}, unhandledPromptBehavior: dismiss and notify, webauthn:extension:credBlob: true, webauthn:extension:largeBlob: true, webauthn:extension:minPinLength: true, webauthn:extension:prf: true, webauthn:virtualAuthenticators: true}
Element: [[ChromeDriver: chrome on windows (3202a90ad3838943d697ef5d15c7501c)] -> xpath: //button[@id='register']]
Session ID: 3202a90ad3838943d697ef5d15c7501c
2025-12-27 15:22:22.897 [TestNG-tests-1] ERROR utilities.ExcelUtils - Failed to write data to Excel file
java.io.FileNotFoundException: testData\register_user.xlsx (The process cannot access the file because it is being used by another process)
	at java.base/java.io.FileOutputStream.open0(Native Method)
	at java.base/java.io.FileOutputStream.open(FileOutputStream.java:289)
	at java.base/java.io.FileOutputStream.<init>(FileOutputStream.java:230)
	at java.base/java.io.FileOutputStream.<init>(FileOutputStream.java:118)
	at utilities.ExcelUtils.setCellData(ExcelUtils.java:132)
	at testCases.TC_002AccountRegistrationTestDDTxlsx.accountRegistration(TC_002AccountRegistrationTestDDTxlsx.java:80)
	at java.base/jdk.internal.reflect.DirectMethodHandleAccessor.invoke(DirectMethodHandleAccessor.java:103)
	at java.base/java.lang.reflect.Method.invoke(Method.java:580)
	at org.testng.internal.invokers.MethodInvocationHelper.invokeMethod(MethodInvocationHelper.java:141)
	at org.testng.internal.invokers.TestInvoker.invokeMethod(TestInvoker.java:687)
	at org.testng.internal.invokers.TestInvoker.invokeTestMethod(TestInvoker.java:230)
	at org.testng.internal.invokers.MethodRunner.runInSequence(MethodRunner.java:63)
	at org.testng.internal.invokers.TestInvoker$MethodInvocationAgent.invoke(TestInvoker.java:995)
	at org.testng.internal.invokers.TestInvoker.invokeTestMethods(TestInvoker.java:203)
	at org.testng.internal.invokers.TestMethodWorker.invokeTestMethods(TestMethodWorker.java:154)
	at org.testng.internal.invokers.TestMethodWorker.run(TestMethodWorker.java:134)
	at java.base/java.util.ArrayList.forEach(ArrayList.java:1596)
	at org.testng.TestRunner.privateRun(TestRunner.java:741)
	at org.testng.TestRunner.run(TestRunner.java:616)
	at org.testng.SuiteRunner.runTest(SuiteRunner.java:421)
	at org.testng.SuiteRunner$SuiteWorker.run(SuiteRunner.java:463)
	at org.testng.internal.thread.ThreadUtil.lambda$execute$0(ThreadUtil.java:64)
	at java.base/java.util.concurrent.FutureTask.run$$$capture(FutureTask.java:317)
	at java.base/java.util.concurrent.FutureTask.run(FutureTask.java)
	at java.base/java.util.concurrent.ThreadPoolExecutor.runWorker(ThreadPoolExecutor.java:1144)
	at java.base/java.util.concurrent.ThreadPoolExecutor$Worker.run(ThreadPoolExecutor.java:642)
	at java.base/java.lang.Thread.run(Thread.java:1583)
2025-12-27 15:22:22.897 [TestNG-tests-1] INFO  utilities.ExcelUtils - Workbook closed.
2025-12-27 15:22:24.766 [TestNG-tests-1] INFO  utilities.ScreenshotUtil - Screenshot saved to: D:\SeleniumLearning\DemoQa/screenshots/accountRegistration_20251227152224.png
2025-12-27 15:22:24.774 [TestNG-tests-1] INFO  testCases.TC_002AccountRegistrationTestDDTxlsx - ===== Starting Registration DDT Test for: hafiz_ahsan4 =====
2025-12-27 15:22:24.776 [TestNG-tests-1] INFO  utilities.ExcelUtils - Opening Excel file: testData/register_user.xlsx
2025-12-27 15:22:24.859 [TestNG-tests-1] INFO  utilities.ExcelUtils - Loaded sheet: Sheet1
2025-12-27 15:22:37.774 [TestNG-tests-1] ERROR testCases.TC_002AccountRegistrationTestDDTxlsx - Exception for user: hafiz_ahsan4 | element click intercepted: Element <button id="register" type="button" class="btn btn-primary">...</button> is not clickable at point (797, 547). Other element would receive the click: <iframe id="google_ads_iframe_/21849154601,22343295815/Ad.Plus-Anchor_0" name="google_ads_iframe_/21849154601,22343295815/Ad.Plus-Anchor_0" title="3rd party ad content" width="970" height="100" scrolling="no" marginwidth="0" marginheight="0" frameborder="0" aria-label="Advertisement" tabindex="0" allow="private-state-token-redemption;attribution-reporting" data-load-complete="true" style="border: 0px; vertical-align: bottom;" data-google-container-id="1"></iframe>
  (Session info: chrome=143.0.7499.111)
Build info: version: '4.38.0', revision: '6b412e825c*'
System info: os.name: 'Windows 11', os.arch: 'amd64', os.version: '10.0', java.version: '21.0.3'
Driver info: org.openqa.selenium.chrome.ChromeDriver
Command: [3202a90ad3838943d697ef5d15c7501c, clickElement {id=f.C8B48BD278A97F219436C237BE25B17D.d.272CE041CE1162AE44F3EA26E5D5DD14.e.331}]
Capabilities {acceptInsecureCerts: false, browserName: chrome, browserVersion: 143.0.7499.111, chrome: {chromedriverVersion: 143.0.7499.169 (164b20aab62..., userDataDir: C:\Users\HAFIZM~2\AppData\L...}, fedcm:accounts: true, goog:chromeOptions: {debuggerAddress: localhost:52967}, goog:processID: 8816, networkConnectionEnabled: false, pageLoadStrategy: normal, platformName: windows, proxy: Proxy(), se:cdp: ws://localhost:52967/devtoo..., se:cdpVersion: 143.0.7499.111, setWindowRect: true, strictFileInteractability: false, timeouts: {implicit: 0, pageLoad: 300000, script: 30000}, unhandledPromptBehavior: dismiss and notify, webauthn:extension:credBlob: true, webauthn:extension:largeBlob: true, webauthn:extension:minPinLength: true, webauthn:extension:prf: true, webauthn:virtualAuthenticators: true}
Element: [[ChromeDriver: chrome on windows (3202a90ad3838943d697ef5d15c7501c)] -> xpath: //button[@id='register']]
Session ID: 3202a90ad3838943d697ef5d15c7501c
2025-12-27 15:22:37.778 [TestNG-tests-1] ERROR utilities.ExcelUtils - Failed to write data to Excel file
java.io.FileNotFoundException: testData\register_user.xlsx (The process cannot access the file because it is being used by another process)
	at java.base/java.io.FileOutputStream.open0(Native Method)
	at java.base/java.io.FileOutputStream.open(FileOutputStream.java:289)
	at java.base/java.io.FileOutputStream.<init>(FileOutputStream.java:230)
	at java.base/java.io.FileOutputStream.<init>(FileOutputStream.java:118)
	at utilities.ExcelUtils.setCellData(ExcelUtils.java:132)
	at testCases.TC_002AccountRegistrationTestDDTxlsx.accountRegistration(TC_002AccountRegistrationTestDDTxlsx.java:80)
	at java.base/jdk.internal.reflect.DirectMethodHandleAccessor.invoke(DirectMethodHandleAccessor.java:103)
	at java.base/java.lang.reflect.Method.invoke(Method.java:580)
	at org.testng.internal.invokers.MethodInvocationHelper.invokeMethod(MethodInvocationHelper.java:141)
	at org.testng.internal.invokers.TestInvoker.invokeMethod(TestInvoker.java:687)
	at org.testng.internal.invokers.TestInvoker.invokeTestMethod(TestInvoker.java:230)
	at org.testng.internal.invokers.MethodRunner.runInSequence(MethodRunner.java:63)
	at org.testng.internal.invokers.TestInvoker$MethodInvocationAgent.invoke(TestInvoker.java:995)
	at org.testng.internal.invokers.TestInvoker.invokeTestMethods(TestInvoker.java:203)
	at org.testng.internal.invokers.TestMethodWorker.invokeTestMethods(TestMethodWorker.java:154)
	at org.testng.internal.invokers.TestMethodWorker.run(TestMethodWorker.java:134)
	at java.base/java.util.ArrayList.forEach(ArrayList.java:1596)
	at org.testng.TestRunner.privateRun(TestRunner.java:741)
	at org.testng.TestRunner.run(TestRunner.java:616)
	at org.testng.SuiteRunner.runTest(SuiteRunner.java:421)
	at org.testng.SuiteRunner$SuiteWorker.run(SuiteRunner.java:463)
	at org.testng.internal.thread.ThreadUtil.lambda$execute$0(ThreadUtil.java:64)
	at java.base/java.util.concurrent.FutureTask.run$$$capture(FutureTask.java:317)
	at java.base/java.util.concurrent.FutureTask.run(FutureTask.java)
	at java.base/java.util.concurrent.ThreadPoolExecutor.runWorker(ThreadPoolExecutor.java:1144)
	at java.base/java.util.concurrent.ThreadPoolExecutor$Worker.run(ThreadPoolExecutor.java:642)
	at java.base/java.lang.Thread.run(Thread.java:1583)
2025-12-27 15:22:37.778 [TestNG-tests-1] INFO  utilities.ExcelUtils - Workbook closed.
2025-12-27 15:22:40.351 [TestNG-tests-1] INFO  utilities.ScreenshotUtil - Screenshot saved to: D:\SeleniumLearning\DemoQa/screenshots/accountRegistration_20251227152240.png
2025-12-27 15:22:40.365 [TestNG-tests-1] INFO  testCases.TC_002AccountRegistrationTestDDTxlsx - ===== Starting Registration DDT Test for: hafiz_ahsan =====
2025-12-27 15:22:40.365 [TestNG-tests-1] INFO  utilities.ExcelUtils - Opening Excel file: testData/register_user.xlsx
2025-12-27 15:22:40.479 [TestNG-tests-1] INFO  utilities.ExcelUtils - Loaded sheet: Sheet1
2025-12-27 15:22:53.771 [TestNG-tests-1] ERROR testCases.TC_002AccountRegistrationTestDDTxlsx - Exception for user: hafiz_ahsan | element click intercepted: Element <button id="register" type="button" class="btn btn-primary">...</button> is not clickable at point (797, 546). Other element would receive the click: <iframe id="google_ads_iframe_/21849154601,22343295815/Ad.Plus-Anchor_0" name="google_ads_iframe_/21849154601,22343295815/Ad.Plus-Anchor_0" title="3rd party ad content" width="970" height="100" scrolling="no" marginwidth="0" marginheight="0" frameborder="0" aria-label="Advertisement" tabindex="0" allow="private-state-token-redemption;attribution-reporting" data-load-complete="true" style="border: 0px; vertical-align: bottom;" data-google-container-id="1"></iframe>
  (Session info: chrome=143.0.7499.111)
Build info: version: '4.38.0', revision: '6b412e825c*'
System info: os.name: 'Windows 11', os.arch: 'amd64', os.version: '10.0', java.version: '21.0.3'
Driver info: org.openqa.selenium.chrome.ChromeDriver
Command: [3202a90ad3838943d697ef5d15c7501c, clickElement {id=f.C8B48BD278A97F219436C237BE25B17D.d.C790D77B72C6000431A53A14F8CABB45.e.423}]
Capabilities {acceptInsecureCerts: false, browserName: chrome, browserVersion: 143.0.7499.111, chrome: {chromedriverVersion: 143.0.7499.169 (164b20aab62..., userDataDir: C:\Users\HAFIZM~2\AppData\L...}, fedcm:accounts: true, goog:chromeOptions: {debuggerAddress: localhost:52967}, goog:processID: 8816, networkConnectionEnabled: false, pageLoadStrategy: normal, platformName: windows, proxy: Proxy(), se:cdp: ws://localhost:52967/devtoo..., se:cdpVersion: 143.0.7499.111, setWindowRect: true, strictFileInteractability: false, timeouts: {implicit: 0, pageLoad: 300000, script: 30000}, unhandledPromptBehavior: dismiss and notify, webauthn:extension:credBlob: true, webauthn:extension:largeBlob: true, webauthn:extension:minPinLength: true, webauthn:extension:prf: true, webauthn:virtualAuthenticators: true}
Element: [[ChromeDriver: chrome on windows (3202a90ad3838943d697ef5d15c7501c)] -> xpath: //button[@id='register']]
Session ID: 3202a90ad3838943d697ef5d15c7501c
2025-12-27 15:22:53.771 [TestNG-tests-1] ERROR utilities.ExcelUtils - Failed to write data to Excel file
java.io.FileNotFoundException: testData\register_user.xlsx (The process cannot access the file because it is being used by another process)
	at java.base/java.io.FileOutputStream.open0(Native Method)
	at java.base/java.io.FileOutputStream.open(FileOutputStream.java:289)
	at java.base/java.io.FileOutputStream.<init>(FileOutputStream.java:230)
	at java.base/java.io.FileOutputStream.<init>(FileOutputStream.java:118)
	at utilities.ExcelUtils.setCellData(ExcelUtils.java:132)
	at testCases.TC_002AccountRegistrationTestDDTxlsx.accountRegistration(TC_002AccountRegistrationTestDDTxlsx.java:80)
	at java.base/jdk.internal.reflect.DirectMethodHandleAccessor.invoke(DirectMethodHandleAccessor.java:103)
	at java.base/java.lang.reflect.Method.invoke(Method.java:580)
	at org.testng.internal.invokers.MethodInvocationHelper.invokeMethod(MethodInvocationHelper.java:141)
	at org.testng.internal.invokers.TestInvoker.invokeMethod(TestInvoker.java:687)
	at org.testng.internal.invokers.TestInvoker.invokeTestMethod(TestInvoker.java:230)
	at org.testng.internal.invokers.MethodRunner.runInSequence(MethodRunner.java:63)
	at org.testng.internal.invokers.TestInvoker$MethodInvocationAgent.invoke(TestInvoker.java:995)
	at org.testng.internal.invokers.TestInvoker.invokeTestMethods(TestInvoker.java:203)
	at org.testng.internal.invokers.TestMethodWorker.invokeTestMethods(TestMethodWorker.java:154)
	at org.testng.internal.invokers.TestMethodWorker.run(TestMethodWorker.java:134)
	at java.base/java.util.ArrayList.forEach(ArrayList.java:1596)
	at org.testng.TestRunner.privateRun(TestRunner.java:741)
	at org.testng.TestRunner.run(TestRunner.java:616)
	at org.testng.SuiteRunner.runTest(SuiteRunner.java:421)
	at org.testng.SuiteRunner$SuiteWorker.run(SuiteRunner.java:463)
	at org.testng.internal.thread.ThreadUtil.lambda$execute$0(ThreadUtil.java:64)
	at java.base/java.util.concurrent.FutureTask.run$$$capture(FutureTask.java:317)
	at java.base/java.util.concurrent.FutureTask.run(FutureTask.java)
	at java.base/java.util.concurrent.ThreadPoolExecutor.runWorker(ThreadPoolExecutor.java:1144)
	at java.base/java.util.concurrent.ThreadPoolExecutor$Worker.run(ThreadPoolExecutor.java:642)
	at java.base/java.lang.Thread.run(Thread.java:1583)
2025-12-27 15:22:53.771 [TestNG-tests-1] INFO  utilities.ExcelUtils - Workbook closed.
2025-12-27 15:22:55.571 [TestNG-tests-1] INFO  utilities.ScreenshotUtil - Screenshot saved to: D:\SeleniumLearning\DemoQa/screenshots/accountRegistration_20251227152255.png
2025-12-27 15:22:55.581 [TestNG-tests-1] INFO  testCases.TC_002AccountRegistrationTestDDTxlsx - ===== Starting Registration DDT Test for: hafiz@gmail.com =====
2025-12-27 15:22:55.581 [TestNG-tests-1] INFO  utilities.ExcelUtils - Opening Excel file: testData/register_user.xlsx
2025-12-27 15:22:55.679 [TestNG-tests-1] INFO  utilities.ExcelUtils - Loaded sheet: Sheet1
2025-12-27 15:23:08.662 [TestNG-tests-1] ERROR testCases.TC_002AccountRegistrationTestDDTxlsx - Exception for user: hafiz@gmail.com | element click intercepted: Element <button id="register" type="button" class="btn btn-primary">...</button> is not clickable at point (797, 539). Other element would receive the click: <iframe id="google_ads_iframe_/21849154601,22343295815/Ad.Plus-Anchor_0" name="google_ads_iframe_/21849154601,22343295815/Ad.Plus-Anchor_0" title="3rd party ad content" width="970" height="100" scrolling="no" marginwidth="0" marginheight="0" frameborder="0" aria-label="Advertisement" tabindex="0" allow="private-state-token-redemption;attribution-reporting" data-load-complete="true" style="border: 0px; vertical-align: bottom;" data-google-container-id="1"></iframe>
  (Session info: chrome=143.0.7499.111)
Build info: version: '4.38.0', revision: '6b412e825c*'
System info: os.name: 'Windows 11', os.arch: 'amd64', os.version: '10.0', java.version: '21.0.3'
Driver info: org.openqa.selenium.chrome.ChromeDriver
Command: [3202a90ad3838943d697ef5d15c7501c, clickElement {id=f.C8B48BD278A97F219436C237BE25B17D.d.89794DF9EF825F60C9AB4A3052EA73D7.e.517}]
Capabilities {acceptInsecureCerts: false, browserName: chrome, browserVersion: 143.0.7499.111, chrome: {chromedriverVersion: 143.0.7499.169 (164b20aab62..., userDataDir: C:\Users\HAFIZM~2\AppData\L...}, fedcm:accounts: true, goog:chromeOptions: {debuggerAddress: localhost:52967}, goog:processID: 8816, networkConnectionEnabled: false, pageLoadStrategy: normal, platformName: windows, proxy: Proxy(), se:cdp: ws://localhost:52967/devtoo..., se:cdpVersion: 143.0.7499.111, setWindowRect: true, strictFileInteractability: false, timeouts: {implicit: 0, pageLoad: 300000, script: 30000}, unhandledPromptBehavior: dismiss and notify, webauthn:extension:credBlob: true, webauthn:extension:largeBlob: true, webauthn:extension:minPinLength: true, webauthn:extension:prf: true, webauthn:virtualAuthenticators: true}
Element: [[ChromeDriver: chrome on windows (3202a90ad3838943d697ef5d15c7501c)] -> xpath: //button[@id='register']]
Session ID: 3202a90ad3838943d697ef5d15c7501c
2025-12-27 15:23:08.674 [TestNG-tests-1] ERROR utilities.ExcelUtils - Failed to write data to Excel file
java.io.FileNotFoundException: testData\register_user.xlsx (The process cannot access the file because it is being used by another process)
	at java.base/java.io.FileOutputStream.open0(Native Method)
	at java.base/java.io.FileOutputStream.open(FileOutputStream.java:289)
	at java.base/java.io.FileOutputStream.<init>(FileOutputStream.java:230)
	at java.base/java.io.FileOutputStream.<init>(FileOutputStream.java:118)
	at utilities.ExcelUtils.setCellData(ExcelUtils.java:132)
	at testCases.TC_002AccountRegistrationTestDDTxlsx.accountRegistration(TC_002AccountRegistrationTestDDTxlsx.java:80)
	at java.base/jdk.internal.reflect.DirectMethodHandleAccessor.invoke(DirectMethodHandleAccessor.java:103)
	at java.base/java.lang.reflect.Method.invoke(Method.java:580)
	at org.testng.internal.invokers.MethodInvocationHelper.invokeMethod(MethodInvocationHelper.java:141)
	at org.testng.internal.invokers.TestInvoker.invokeMethod(TestInvoker.java:687)
	at org.testng.internal.invokers.TestInvoker.invokeTestMethod(TestInvoker.java:230)
	at org.testng.internal.invokers.MethodRunner.runInSequence(MethodRunner.java:63)
	at org.testng.internal.invokers.TestInvoker$MethodInvocationAgent.invoke(TestInvoker.java:995)
	at org.testng.internal.invokers.TestInvoker.invokeTestMethods(TestInvoker.java:203)
	at org.testng.internal.invokers.TestMethodWorker.invokeTestMethods(TestMethodWorker.java:154)
	at org.testng.internal.invokers.TestMethodWorker.run(TestMethodWorker.java:134)
	at java.base/java.util.ArrayList.forEach(ArrayList.java:1596)
	at org.testng.TestRunner.privateRun(TestRunner.java:741)
	at org.testng.TestRunner.run(TestRunner.java:616)
	at org.testng.SuiteRunner.runTest(SuiteRunner.java:421)
	at org.testng.SuiteRunner$SuiteWorker.run(SuiteRunner.java:463)
	at org.testng.internal.thread.ThreadUtil.lambda$execute$0(ThreadUtil.java:64)
	at java.base/java.util.concurrent.FutureTask.run$$$capture(FutureTask.java:317)
	at java.base/java.util.concurrent.FutureTask.run(FutureTask.java)
	at java.base/java.util.concurrent.ThreadPoolExecutor.runWorker(ThreadPoolExecutor.java:1144)
	at java.base/java.util.concurrent.ThreadPoolExecutor$Worker.run(ThreadPoolExecutor.java:642)
	at java.base/java.lang.Thread.run(Thread.java:1583)
2025-12-27 15:23:08.674 [TestNG-tests-1] INFO  utilities.ExcelUtils - Workbook closed.
2025-12-27 15:23:10.880 [TestNG-tests-1] INFO  utilities.ScreenshotUtil - Screenshot saved to: D:\SeleniumLearning\DemoQa/screenshots/accountRegistration_20251227152310.png
2025-12-27 15:23:11.259 [TestNG-tests-1] INFO  testCases.TC_002AccountRegistrationTestDDTxlsx - Browser closed successfully.
2025-12-27 15:23:11.863 [TestNG-tests-1] INFO  utilities.EmailReportSender - Sender email: ahsan.clariv@gmail.com
2025-12-27 15:23:11.863 [TestNG-tests-1] INFO  utilities.EmailReportSender - Sender password: mstv vggb nbmk kehz
2025-12-27 15:23:11.863 [TestNG-tests-1] INFO  utilities.EmailReportSender - SMTP properties: {mail.smtp.port=587, mail.smtp.auth=true, mail.smtp.starttls.enable=true, mail.smtp.host=smtp.gmail.com}
2025-12-27 15:23:15.844 [TestNG-tests-1] INFO  utilities.EmailReportSender - Report sent successfully to hafizgee07@gmail.com
2025-12-27 15:26:44.995 [TestNG-tests-1] INFO  testCases.TC_002AccountRegistrationTestDDTxlsx - Starting test...
2025-12-27 15:27:14.730 [TestNG-tests-1] INFO  testCases.TC_002AccountRegistrationTestDDTxlsx - Navigated to: https://demoqa.com/
2025-12-27 15:27:14.772 [TestNG-tests-1] INFO  utilities.RegisterDataProvider - Reading Register data from Excel: testData/register_user.xlsx, Sheet: Sheet1
2025-12-27 15:27:14.772 [TestNG-tests-1] INFO  utilities.ExcelUtils - Opening Excel file: testData/register_user.xlsx
2025-12-27 15:27:16.791 [TestNG-tests-1] INFO  utilities.ExcelUtils - Loaded sheet: Sheet1
2025-12-27 15:27:16.793 [TestNG-tests-1] INFO  utilities.ExcelUtils - Row count retrieved: 7
2025-12-27 15:27:16.813 [TestNG-tests-1] INFO  utilities.RegisterDataProvider - Loaded Row 1 -> UserName: hafiz_ahsan1, ExpectedResult: Fail
2025-12-27 15:27:16.815 [TestNG-tests-1] INFO  utilities.RegisterDataProvider - Loaded Row 2 -> UserName: hafiz_ahsan2, ExpectedResult: Fail
2025-12-27 15:27:16.817 [TestNG-tests-1] INFO  utilities.RegisterDataProvider - Loaded Row 3 -> UserName: hafiz_ahsan3, ExpectedResult: Fail
2025-12-27 15:27:16.817 [TestNG-tests-1] INFO  utilities.RegisterDataProvider - Loaded Row 4 -> UserName: hafiz_ahsan4, ExpectedResult: Fail
2025-12-27 15:27:16.819 [TestNG-tests-1] INFO  utilities.RegisterDataProvider - Loaded Row 5 -> UserName: hafiz_ahsan, ExpectedResult: Fail
2025-12-27 15:27:16.821 [TestNG-tests-1] INFO  utilities.RegisterDataProvider - Loaded Row 6 -> UserName: hafiz@gmail.com, ExpectedResult: Pass
2025-12-27 15:27:16.822 [TestNG-tests-1] INFO  utilities.ExcelUtils - Workbook closed.
2025-12-27 15:27:16.822 [TestNG-tests-1] INFO  utilities.RegisterDataProvider - Excel workbook closed.
2025-12-27 15:27:16.900 [TestNG-tests-1] INFO  testCases.TC_002AccountRegistrationTestDDTxlsx - ===== Starting Registration DDT Test for: hafiz_ahsan1 =====
2025-12-27 15:27:16.902 [TestNG-tests-1] INFO  utilities.ExcelUtils - Opening Excel file: testData/register_user.xlsx
2025-12-27 15:27:16.959 [TestNG-tests-1] INFO  utilities.ExcelUtils - Loaded sheet: Sheet1
2025-12-27 15:27:29.997 [TestNG-tests-1] ERROR testCases.TC_002AccountRegistrationTestDDTxlsx - Exception for user: hafiz_ahsan1 | element click intercepted: Element <button id="register" type="button" class="btn btn-primary">...</button> is not clickable at point (797, 547). Other element would receive the click: <iframe id="google_ads_iframe_/21849154601,22343295815/Ad.Plus-Anchor_0" name="google_ads_iframe_/21849154601,22343295815/Ad.Plus-Anchor_0" title="3rd party ad content" width="970" height="100" scrolling="no" marginwidth="0" marginheight="0" frameborder="0" aria-label="Advertisement" tabindex="0" allow="private-state-token-redemption;attribution-reporting" data-load-complete="true" style="border: 0px; vertical-align: bottom;" data-google-container-id="1"></iframe>
  (Session info: chrome=143.0.7499.111)
Build info: version: '4.38.0', revision: '6b412e825c*'
System info: os.name: 'Windows 11', os.arch: 'amd64', os.version: '10.0', java.version: '21.0.3'
Driver info: org.openqa.selenium.chrome.ChromeDriver
Command: [cb54f934c256b6f818fade17893d1845, clickElement {id=f.07017319C12BF2F39786E375444DC516.d.9140F9D70BF3DA34246006261C79F944.e.50}]
Capabilities {acceptInsecureCerts: false, browserName: chrome, browserVersion: 143.0.7499.111, chrome: {chromedriverVersion: 143.0.7499.169 (164b20aab62..., userDataDir: C:\Users\HAFIZM~2\AppData\L...}, fedcm:accounts: true, goog:chromeOptions: {debuggerAddress: localhost:62036}, goog:processID: 13968, networkConnectionEnabled: false, pageLoadStrategy: normal, platformName: windows, proxy: Proxy(), se:cdp: ws://localhost:62036/devtoo..., se:cdpVersion: 143.0.7499.111, setWindowRect: true, strictFileInteractability: false, timeouts: {implicit: 0, pageLoad: 300000, script: 30000}, unhandledPromptBehavior: dismiss and notify, webauthn:extension:credBlob: true, webauthn:extension:largeBlob: true, webauthn:extension:minPinLength: true, webauthn:extension:prf: true, webauthn:virtualAuthenticators: true}
Element: [[ChromeDriver: chrome on windows (cb54f934c256b6f818fade17893d1845)] -> xpath: //button[@id='register']]
Session ID: cb54f934c256b6f818fade17893d1845
2025-12-27 15:27:30.410 [TestNG-tests-1] INFO  utilities.ExcelUtils - Written data to Excel [1][5]: Fail
2025-12-27 15:27:30.481 [TestNG-tests-1] INFO  utilities.ExcelUtils - Written data to Excel [1][6]: Test Failed
2025-12-27 15:27:30.497 [TestNG-tests-1] INFO  utilities.ExcelUtils - Workbook closed.
2025-12-27 15:27:32.016 [TestNG-tests-1] INFO  utilities.ScreenshotUtil - Screenshot saved to: D:\SeleniumLearning\DemoQa/screenshots/accountRegistration_20251227152732.png
2025-12-27 15:27:32.050 [TestNG-tests-1] INFO  testCases.TC_002AccountRegistrationTestDDTxlsx - ===== Starting Registration DDT Test for: hafiz_ahsan2 =====
2025-12-27 15:27:32.050 [TestNG-tests-1] INFO  utilities.ExcelUtils - Opening Excel file: testData/register_user.xlsx
2025-12-27 15:27:32.195 [TestNG-tests-1] INFO  utilities.ExcelUtils - Loaded sheet: Sheet1
2025-12-27 15:27:45.211 [TestNG-tests-1] ERROR testCases.TC_002AccountRegistrationTestDDTxlsx - Exception for user: hafiz_ahsan2 | element click intercepted: Element <button id="register" type="button" class="btn btn-primary">...</button> is not clickable at point (797, 546). Other element would receive the click: <iframe id="google_ads_iframe_/21849154601,22343295815/Ad.Plus-Anchor_0" name="google_ads_iframe_/21849154601,22343295815/Ad.Plus-Anchor_0" title="3rd party ad content" width="970" height="100" scrolling="no" marginwidth="0" marginheight="0" frameborder="0" aria-label="Advertisement" tabindex="0" allow="private-state-token-redemption;attribution-reporting" data-load-complete="true" style="border: 0px; vertical-align: bottom;" data-google-container-id="1"></iframe>
  (Session info: chrome=143.0.7499.111)
Build info: version: '4.38.0', revision: '6b412e825c*'
System info: os.name: 'Windows 11', os.arch: 'amd64', os.version: '10.0', java.version: '21.0.3'
Driver info: org.openqa.selenium.chrome.ChromeDriver
Command: [cb54f934c256b6f818fade17893d1845, clickElement {id=f.07017319C12BF2F39786E375444DC516.d.42F7E7CFD32901BCAB724D0E992C38E6.e.132}]
Capabilities {acceptInsecureCerts: false, browserName: chrome, browserVersion: 143.0.7499.111, chrome: {chromedriverVersion: 143.0.7499.169 (164b20aab62..., userDataDir: C:\Users\HAFIZM~2\AppData\L...}, fedcm:accounts: true, goog:chromeOptions: {debuggerAddress: localhost:62036}, goog:processID: 13968, networkConnectionEnabled: false, pageLoadStrategy: normal, platformName: windows, proxy: Proxy(), se:cdp: ws://localhost:62036/devtoo..., se:cdpVersion: 143.0.7499.111, setWindowRect: true, strictFileInteractability: false, timeouts: {implicit: 0, pageLoad: 300000, script: 30000}, unhandledPromptBehavior: dismiss and notify, webauthn:extension:credBlob: true, webauthn:extension:largeBlob: true, webauthn:extension:minPinLength: true, webauthn:extension:prf: true, webauthn:virtualAuthenticators: true}
Element: [[ChromeDriver: chrome on windows (cb54f934c256b6f818fade17893d1845)] -> xpath: //button[@id='register']]
Session ID: cb54f934c256b6f818fade17893d1845
2025-12-27 15:27:45.283 [TestNG-tests-1] INFO  utilities.ExcelUtils - Written data to Excel [2][5]: Fail
2025-12-27 15:27:45.342 [TestNG-tests-1] INFO  utilities.ExcelUtils - Written data to Excel [2][6]: Test Failed
2025-12-27 15:27:45.342 [TestNG-tests-1] INFO  utilities.ExcelUtils - Workbook closed.
2025-12-27 15:27:46.973 [TestNG-tests-1] INFO  utilities.ScreenshotUtil - Screenshot saved to: D:\SeleniumLearning\DemoQa/screenshots/accountRegistration_20251227152746.png
2025-12-27 15:27:46.988 [TestNG-tests-1] INFO  testCases.TC_002AccountRegistrationTestDDTxlsx - ===== Starting Registration DDT Test for: hafiz_ahsan3 =====
2025-12-27 15:27:46.990 [TestNG-tests-1] INFO  utilities.ExcelUtils - Opening Excel file: testData/register_user.xlsx
2025-12-27 15:27:47.117 [TestNG-tests-1] INFO  utilities.ExcelUtils - Loaded sheet: Sheet1
2025-12-27 15:28:00.105 [TestNG-tests-1] ERROR testCases.TC_002AccountRegistrationTestDDTxlsx - Exception for user: hafiz_ahsan3 | element click intercepted: Element <button id="register" type="button" class="btn btn-primary">...</button> is not clickable at point (797, 547). Other element would receive the click: <iframe id="google_ads_iframe_/21849154601,22343295815/Ad.Plus-Anchor_0" name="google_ads_iframe_/21849154601,22343295815/Ad.Plus-Anchor_0" title="3rd party ad content" width="970" height="100" scrolling="no" marginwidth="0" marginheight="0" frameborder="0" aria-label="Advertisement" tabindex="0" allow="private-state-token-redemption;attribution-reporting" data-load-complete="true" style="border: 0px; vertical-align: bottom;" data-google-container-id="1"></iframe>
  (Session info: chrome=143.0.7499.111)
Build info: version: '4.38.0', revision: '6b412e825c*'
System info: os.name: 'Windows 11', os.arch: 'amd64', os.version: '10.0', java.version: '21.0.3'
Driver info: org.openqa.selenium.chrome.ChromeDriver
Command: [cb54f934c256b6f818fade17893d1845, clickElement {id=f.07017319C12BF2F39786E375444DC516.d.345DA975811A5F01D9D8B93F8DB05412.e.206}]
Capabilities {acceptInsecureCerts: false, browserName: chrome, browserVersion: 143.0.7499.111, chrome: {chromedriverVersion: 143.0.7499.169 (164b20aab62..., userDataDir: C:\Users\HAFIZM~2\AppData\L...}, fedcm:accounts: true, goog:chromeOptions: {debuggerAddress: localhost:62036}, goog:processID: 13968, networkConnectionEnabled: false, pageLoadStrategy: normal, platformName: windows, proxy: Proxy(), se:cdp: ws://localhost:62036/devtoo..., se:cdpVersion: 143.0.7499.111, setWindowRect: true, strictFileInteractability: false, timeouts: {implicit: 0, pageLoad: 300000, script: 30000}, unhandledPromptBehavior: dismiss and notify, webauthn:extension:credBlob: true, webauthn:extension:largeBlob: true, webauthn:extension:minPinLength: true, webauthn:extension:prf: true, webauthn:virtualAuthenticators: true}
Element: [[ChromeDriver: chrome on windows (cb54f934c256b6f818fade17893d1845)] -> xpath: //button[@id='register']]
Session ID: cb54f934c256b6f818fade17893d1845
2025-12-27 15:28:00.171 [TestNG-tests-1] INFO  utilities.ExcelUtils - Written data to Excel [3][5]: Fail
2025-12-27 15:28:00.217 [TestNG-tests-1] INFO  utilities.ExcelUtils - Written data to Excel [3][6]: Test Failed
2025-12-27 15:28:00.217 [TestNG-tests-1] INFO  utilities.ExcelUtils - Workbook closed.
2025-12-27 15:28:01.805 [TestNG-tests-1] INFO  utilities.ScreenshotUtil - Screenshot saved to: D:\SeleniumLearning\DemoQa/screenshots/accountRegistration_20251227152801.png
2025-12-27 15:28:01.817 [TestNG-tests-1] INFO  testCases.TC_002AccountRegistrationTestDDTxlsx - ===== Starting Registration DDT Test for: hafiz_ahsan4 =====
2025-12-27 15:28:01.817 [TestNG-tests-1] INFO  utilities.ExcelUtils - Opening Excel file: testData/register_user.xlsx
2025-12-27 15:28:01.943 [TestNG-tests-1] INFO  utilities.ExcelUtils - Loaded sheet: Sheet1
2025-12-27 15:28:14.941 [TestNG-tests-1] ERROR testCases.TC_002AccountRegistrationTestDDTxlsx - Exception for user: hafiz_ahsan4 | element click intercepted: Element <button id="register" type="button" class="btn btn-primary">...</button> is not clickable at point (797, 447). Other element would receive the click: <div>...</div>
  (Session info: chrome=143.0.7499.111)
Build info: version: '4.38.0', revision: '6b412e825c*'
System info: os.name: 'Windows 11', os.arch: 'amd64', os.version: '10.0', java.version: '21.0.3'
Driver info: org.openqa.selenium.chrome.ChromeDriver
Command: [cb54f934c256b6f818fade17893d1845, clickElement {id=f.07017319C12BF2F39786E375444DC516.d.D513A8E5BF35B568B63623EB3B205508.e.294}]
Capabilities {acceptInsecureCerts: false, browserName: chrome, browserVersion: 143.0.7499.111, chrome: {chromedriverVersion: 143.0.7499.169 (164b20aab62..., userDataDir: C:\Users\HAFIZM~2\AppData\L...}, fedcm:accounts: true, goog:chromeOptions: {debuggerAddress: localhost:62036}, goog:processID: 13968, networkConnectionEnabled: false, pageLoadStrategy: normal, platformName: windows, proxy: Proxy(), se:cdp: ws://localhost:62036/devtoo..., se:cdpVersion: 143.0.7499.111, setWindowRect: true, strictFileInteractability: false, timeouts: {implicit: 0, pageLoad: 300000, script: 30000}, unhandledPromptBehavior: dismiss and notify, webauthn:extension:credBlob: true, webauthn:extension:largeBlob: true, webauthn:extension:minPinLength: true, webauthn:extension:prf: true, webauthn:virtualAuthenticators: true}
Element: [[ChromeDriver: chrome on windows (cb54f934c256b6f818fade17893d1845)] -> xpath: //button[@id='register']]
Session ID: cb54f934c256b6f818fade17893d1845
2025-12-27 15:28:14.997 [TestNG-tests-1] INFO  utilities.ExcelUtils - Written data to Excel [4][5]: Fail
2025-12-27 15:28:15.045 [TestNG-tests-1] INFO  utilities.ExcelUtils - Written data to Excel [4][6]: Test Failed
2025-12-27 15:28:15.045 [TestNG-tests-1] INFO  utilities.ExcelUtils - Workbook closed.
2025-12-27 15:28:16.483 [TestNG-tests-1] INFO  utilities.ScreenshotUtil - Screenshot saved to: D:\SeleniumLearning\DemoQa/screenshots/accountRegistration_20251227152816.png
2025-12-27 15:28:16.497 [TestNG-tests-1] INFO  testCases.TC_002AccountRegistrationTestDDTxlsx - ===== Starting Registration DDT Test for: hafiz_ahsan =====
2025-12-27 15:28:16.499 [TestNG-tests-1] INFO  utilities.ExcelUtils - Opening Excel file: testData/register_user.xlsx
2025-12-27 15:28:16.562 [TestNG-tests-1] INFO  utilities.ExcelUtils - Loaded sheet: Sheet1
2025-12-27 15:28:29.717 [TestNG-tests-1] ERROR testCases.TC_002AccountRegistrationTestDDTxlsx - Exception for user: hafiz_ahsan | element click intercepted: Element <button id="register" type="button" class="btn btn-primary">...</button> is not clickable at point (797, 577). Other element would receive the click: <iframe id="google_ads_iframe_/21849154601,22343295815/Ad.Plus-Anchor_0" name="google_ads_iframe_/21849154601,22343295815/Ad.Plus-Anchor_0" title="3rd party ad content" width="970" height="100" scrolling="no" marginwidth="0" marginheight="0" frameborder="0" aria-label="Advertisement" tabindex="0" allow="private-state-token-redemption;attribution-reporting" data-load-complete="true" style="border: 0px; vertical-align: bottom;" data-google-container-id="1"></iframe>
  (Session info: chrome=143.0.7499.111)
Build info: version: '4.38.0', revision: '6b412e825c*'
System info: os.name: 'Windows 11', os.arch: 'amd64', os.version: '10.0', java.version: '21.0.3'
Driver info: org.openqa.selenium.chrome.ChromeDriver
Command: [cb54f934c256b6f818fade17893d1845, clickElement {id=f.07017319C12BF2F39786E375444DC516.d.87DE1796B3E180E0C91435CD21F1D4C6.e.351}]
Capabilities {acceptInsecureCerts: false, browserName: chrome, browserVersion: 143.0.7499.111, chrome: {chromedriverVersion: 143.0.7499.169 (164b20aab62..., userDataDir: C:\Users\HAFIZM~2\AppData\L...}, fedcm:accounts: true, goog:chromeOptions: {debuggerAddress: localhost:62036}, goog:processID: 13968, networkConnectionEnabled: false, pageLoadStrategy: normal, platformName: windows, proxy: Proxy(), se:cdp: ws://localhost:62036/devtoo..., se:cdpVersion: 143.0.7499.111, setWindowRect: true, strictFileInteractability: false, timeouts: {implicit: 0, pageLoad: 300000, script: 30000}, unhandledPromptBehavior: dismiss and notify, webauthn:extension:credBlob: true, webauthn:extension:largeBlob: true, webauthn:extension:minPinLength: true, webauthn:extension:prf: true, webauthn:virtualAuthenticators: true}
Element: [[ChromeDriver: chrome on windows (cb54f934c256b6f818fade17893d1845)] -> xpath: //button[@id='register']]
Session ID: cb54f934c256b6f818fade17893d1845
2025-12-27 15:28:29.778 [TestNG-tests-1] INFO  utilities.ExcelUtils - Written data to Excel [5][5]: Fail
2025-12-27 15:28:29.819 [TestNG-tests-1] INFO  utilities.ExcelUtils - Written data to Excel [5][6]: Test Failed
2025-12-27 15:28:29.821 [TestNG-tests-1] INFO  utilities.ExcelUtils - Workbook closed.
2025-12-27 15:28:31.285 [TestNG-tests-1] INFO  utilities.ScreenshotUtil - Screenshot saved to: D:\SeleniumLearning\DemoQa/screenshots/accountRegistration_20251227152831.png
2025-12-27 15:28:31.302 [TestNG-tests-1] INFO  testCases.TC_002AccountRegistrationTestDDTxlsx - ===== Starting Registration DDT Test for: hafiz@gmail.com =====
2025-12-27 15:28:31.302 [TestNG-tests-1] INFO  utilities.ExcelUtils - Opening Excel file: testData/register_user.xlsx
2025-12-27 15:28:31.376 [TestNG-tests-1] INFO  utilities.ExcelUtils - Loaded sheet: Sheet1
2025-12-27 15:28:44.424 [TestNG-tests-1] ERROR testCases.TC_002AccountRegistrationTestDDTxlsx - Exception for user: hafiz@gmail.com | element click intercepted: Element <button id="register" type="button" class="btn btn-primary">...</button> is not clickable at point (797, 577). Other element would receive the click: <iframe id="google_ads_iframe_/21849154601,22343295815/Ad.Plus-Anchor_0" name="google_ads_iframe_/21849154601,22343295815/Ad.Plus-Anchor_0" title="3rd party ad content" width="970" height="100" scrolling="no" marginwidth="0" marginheight="0" frameborder="0" aria-label="Advertisement" tabindex="0" allow="private-state-token-redemption;attribution-reporting" data-load-complete="true" style="border: 0px; vertical-align: bottom;" data-google-container-id="1"></iframe>
  (Session info: chrome=143.0.7499.111)
Build info: version: '4.38.0', revision: '6b412e825c*'
System info: os.name: 'Windows 11', os.arch: 'amd64', os.version: '10.0', java.version: '21.0.3'
Driver info: org.openqa.selenium.chrome.ChromeDriver
Command: [cb54f934c256b6f818fade17893d1845, clickElement {id=f.07017319C12BF2F39786E375444DC516.d.1306C79A6C85CD620821799BCA7540A5.e.416}]
Capabilities {acceptInsecureCerts: false, browserName: chrome, browserVersion: 143.0.7499.111, chrome: {chromedriverVersion: 143.0.7499.169 (164b20aab62..., userDataDir: C:\Users\HAFIZM~2\AppData\L...}, fedcm:accounts: true, goog:chromeOptions: {debuggerAddress: localhost:62036}, goog:processID: 13968, networkConnectionEnabled: false, pageLoadStrategy: normal, platformName: windows, proxy: Proxy(), se:cdp: ws://localhost:62036/devtoo..., se:cdpVersion: 143.0.7499.111, setWindowRect: true, strictFileInteractability: false, timeouts: {implicit: 0, pageLoad: 300000, script: 30000}, unhandledPromptBehavior: dismiss and notify, webauthn:extension:credBlob: true, webauthn:extension:largeBlob: true, webauthn:extension:minPinLength: true, webauthn:extension:prf: true, webauthn:virtualAuthenticators: true}
Element: [[ChromeDriver: chrome on windows (cb54f934c256b6f818fade17893d1845)] -> xpath: //button[@id='register']]
Session ID: cb54f934c256b6f818fade17893d1845
2025-12-27 15:28:44.471 [TestNG-tests-1] INFO  utilities.ExcelUtils - Written data to Excel [6][5]: Fail
2025-12-27 15:28:44.503 [TestNG-tests-1] INFO  utilities.ExcelUtils - Written data to Excel [6][6]: Test Failed
2025-12-27 15:28:44.503 [TestNG-tests-1] INFO  utilities.ExcelUtils - Workbook closed.
2025-12-27 15:28:46.079 [TestNG-tests-1] INFO  utilities.ScreenshotUtil - Screenshot saved to: D:\SeleniumLearning\DemoQa/screenshots/accountRegistration_20251227152846.png
2025-12-27 15:28:46.417 [TestNG-tests-1] INFO  testCases.TC_002AccountRegistrationTestDDTxlsx - Browser closed successfully.
2025-12-27 15:28:47.025 [TestNG-tests-1] INFO  utilities.EmailReportSender - Sender email: ahsan.clariv@gmail.com
2025-12-27 15:28:47.025 [TestNG-tests-1] INFO  utilities.EmailReportSender - Sender password: mstv vggb nbmk kehz
2025-12-27 15:28:47.025 [TestNG-tests-1] INFO  utilities.EmailReportSender - SMTP properties: {mail.smtp.port=587, mail.smtp.auth=true, mail.smtp.starttls.enable=true, mail.smtp.host=smtp.gmail.com}
2025-12-27 15:28:52.860 [TestNG-tests-1] INFO  utilities.EmailReportSender - Report sent successfully to hafizgee07@gmail.com
2025-12-27 15:43:31.030 [TestNG-tests-1] INFO  testCases.TC_001AccountRegistrationTest - Starting test...
2025-12-27 15:43:49.163 [TestNG-tests-1] INFO  testCases.TC_001AccountRegistrationTest - Navigated to: https://demoqa.com/
2025-12-27 15:43:49.254 [TestNG-tests-1] INFO  testCases.TC_001AccountRegistrationTest - ===== Starting Account Registration Test =====
2025-12-27 15:43:49.473 [TestNG-tests-1] INFO  testCases.TC_001AccountRegistrationTest - HomePage validation passed
2025-12-27 15:43:49.837 [TestNG-tests-1] INFO  testCases.TC_001AccountRegistrationTest - BooksPage validation passed
2025-12-27 15:43:50.212 [TestNG-tests-1] INFO  testCases.TC_001AccountRegistrationTest - LoginPage validation passed
2025-12-27 15:43:50.538 [TestNG-tests-1] INFO  testCases.TC_001AccountRegistrationTest - RegisterPage validation passed
2025-12-27 15:44:03.101 [TestNG-tests-1] INFO  utilities.ScreenshotUtil - Screenshot saved to: D:\SeleniumLearning\DemoQa/screenshots/accountRegistration_20251227154403.png
2025-12-27 15:44:03.457 [TestNG-tests-1] INFO  testCases.TC_001AccountRegistrationTest - Browser closed successfully.
2025-12-27 15:44:03.969 [TestNG-tests-1] INFO  utilities.EmailReportSender - Sender email: ahsan.clariv@gmail.com
2025-12-27 15:44:03.969 [TestNG-tests-1] INFO  utilities.EmailReportSender - Sender password: mstv vggb nbmk kehz
2025-12-27 15:44:03.969 [TestNG-tests-1] INFO  utilities.EmailReportSender - SMTP properties: {mail.smtp.port=587, mail.smtp.auth=true, mail.smtp.starttls.enable=true, mail.smtp.host=smtp.gmail.com}
2025-12-27 15:44:10.023 [TestNG-tests-1] INFO  utilities.EmailReportSender - Report sent successfully to hafizgee07@gmail.com
2025-12-27 15:49:08.933 [TestNG-tests-1] INFO  testCases.TC_001AccountRegistrationTest - Starting test...
2025-12-27 15:49:31.083 [TestNG-tests-1] INFO  testCases.TC_001AccountRegistrationTest - Navigated to: https://demoqa.com/
2025-12-27 15:49:31.168 [TestNG-tests-1] INFO  testCases.TC_001AccountRegistrationTest - ===== Starting Account Registration Test =====
2025-12-27 15:49:31.410 [TestNG-tests-1] INFO  testCases.TC_001AccountRegistrationTest - HomePage validation passed
2025-12-27 15:49:31.776 [TestNG-tests-1] INFO  testCases.TC_001AccountRegistrationTest - BooksPage validation passed
2025-12-27 15:49:32.120 [TestNG-tests-1] INFO  testCases.TC_001AccountRegistrationTest - LoginPage validation passed
2025-12-27 15:49:32.579 [TestNG-tests-1] INFO  testCases.TC_001AccountRegistrationTest - RegisterPage validation passed
2025-12-27 15:49:45.347 [TestNG-tests-1] ERROR utilities.ScreenshotUtil - Failed to capture screenshot
org.openqa.selenium.UnhandledAlertException: unexpected alert open: {Alert text : User Register Successfully.}
  (Session info: chrome=143.0.7499.111): User Register Successfully.
Build info: version: '4.38.0', revision: '6b412e825c*'
System info: os.name: 'Windows 11', os.arch: 'amd64', os.version: '10.0', java.version: '21.0.3'
Driver info: org.openqa.selenium.chrome.ChromeDriver
Command: [3e6110e818e554005add70faaa60db01, screenshot {}]
Capabilities {acceptInsecureCerts: false, browserName: chrome, browserVersion: 143.0.7499.111, chrome: {chromedriverVersion: 143.0.7499.169 (164b20aab62..., userDataDir: C:\Users\HAFIZM~2\AppData\L...}, fedcm:accounts: true, goog:chromeOptions: {debuggerAddress: localhost:60396}, goog:processID: 29436, networkConnectionEnabled: false, pageLoadStrategy: normal, platformName: windows, proxy: Proxy(), se:cdp: ws://localhost:60396/devtoo..., se:cdpVersion: 143.0.7499.111, setWindowRect: true, strictFileInteractability: false, timeouts: {implicit: 0, pageLoad: 300000, script: 30000}, unhandledPromptBehavior: dismiss and notify, webauthn:extension:credBlob: true, webauthn:extension:largeBlob: true, webauthn:extension:minPinLength: true, webauthn:extension:prf: true, webauthn:virtualAuthenticators: true}
Session ID: 3e6110e818e554005add70faaa60db01
	at org.openqa.selenium.remote.codec.w3c.W3CHttpResponseCodec.decode(W3CHttpResponseCodec.java:136)
	at org.openqa.selenium.remote.codec.w3c.W3CHttpResponseCodec.decode(W3CHttpResponseCodec.java:50)
	at org.openqa.selenium.remote.HttpCommandExecutor.execute(HttpCommandExecutor.java:215)
	at org.openqa.selenium.remote.service.DriverCommandExecutor.invokeExecute(DriverCommandExecutor.java:216)
	at org.openqa.selenium.remote.service.DriverCommandExecutor.execute(DriverCommandExecutor.java:174)
	at org.openqa.selenium.remote.RemoteWebDriver.execute(RemoteWebDriver.java:557)
	at org.openqa.selenium.remote.RemoteWebDriver.execute(RemoteWebDriver.java:634)
	at org.openqa.selenium.remote.RemoteWebDriver.execute(RemoteWebDriver.java:638)
	at org.openqa.selenium.remote.RemoteWebDriver.getScreenshotAs(RemoteWebDriver.java:346)
	at utilities.ScreenshotUtil.captureScreenshot(ScreenshotUtil.java:33)
	at utilities.ExtentReportListener.onTestFailure(ExtentReportListener.java:97)
	at org.testng.internal.TestListenerHelper.runTestListeners(TestListenerHelper.java:115)
	at org.testng.internal.invokers.TestInvoker.runTestResultListener(TestInvoker.java:285)
	at org.testng.internal.invokers.TestInvoker.invokeMethod(TestInvoker.java:777)
	at org.testng.internal.invokers.TestInvoker.invokeTestMethod(TestInvoker.java:230)
	at org.testng.internal.invokers.MethodRunner.runInSequence(MethodRunner.java:63)
	at org.testng.internal.invokers.TestInvoker$MethodInvocationAgent.invoke(TestInvoker.java:995)
	at org.testng.internal.invokers.TestInvoker.invokeTestMethods(TestInvoker.java:203)
	at org.testng.internal.invokers.TestMethodWorker.invokeTestMethods(TestMethodWorker.java:154)
	at org.testng.internal.invokers.TestMethodWorker.run(TestMethodWorker.java:134)
	at java.base/java.util.ArrayList.forEach(ArrayList.java:1596)
	at org.testng.TestRunner.privateRun(TestRunner.java:741)
	at org.testng.TestRunner.run(TestRunner.java:616)
	at org.testng.SuiteRunner.runTest(SuiteRunner.java:421)
	at org.testng.SuiteRunner$SuiteWorker.run(SuiteRunner.java:463)
	at org.testng.internal.thread.ThreadUtil.lambda$execute$0(ThreadUtil.java:64)
	at java.base/java.util.concurrent.FutureTask.run$$$capture(FutureTask.java:317)
	at java.base/java.util.concurrent.FutureTask.run(FutureTask.java)
	at java.base/java.util.concurrent.ThreadPoolExecutor.runWorker(ThreadPoolExecutor.java:1144)
	at java.base/java.util.concurrent.ThreadPoolExecutor$Worker.run(ThreadPoolExecutor.java:642)
	at java.base/java.lang.Thread.run(Thread.java:1583)
2025-12-27 15:49:45.773 [TestNG-tests-1] INFO  testCases.TC_001AccountRegistrationTest - Browser closed successfully.
2025-12-27 15:49:46.254 [TestNG-tests-1] INFO  utilities.EmailReportSender - Sender email: ahsan.clariv@gmail.com
2025-12-27 15:49:46.254 [TestNG-tests-1] INFO  utilities.EmailReportSender - Sender password: mstv vggb nbmk kehz
2025-12-27 15:49:46.254 [TestNG-tests-1] INFO  utilities.EmailReportSender - SMTP properties: {mail.smtp.port=587, mail.smtp.auth=true, mail.smtp.starttls.enable=true, mail.smtp.host=smtp.gmail.com}
2025-12-27 15:49:50.509 [TestNG-tests-1] INFO  utilities.EmailReportSender - Report sent successfully to hafizgee07@gmail.com
2025-12-27 15:51:26.086 [TestNG-tests-1] INFO  testCases.TC_001AccountRegistrationTest - Starting test...
2025-12-27 15:51:40.623 [TestNG-tests-1] INFO  testCases.TC_001AccountRegistrationTest - Navigated to: https://demoqa.com/
2025-12-27 15:51:40.720 [TestNG-tests-1] INFO  testCases.TC_001AccountRegistrationTest - ===== Starting Account Registration Test =====
2025-12-27 15:51:40.947 [TestNG-tests-1] INFO  testCases.TC_001AccountRegistrationTest - HomePage validation passed
2025-12-27 15:51:41.365 [TestNG-tests-1] INFO  testCases.TC_001AccountRegistrationTest - BooksPage validation passed
2025-12-27 15:51:41.693 [TestNG-tests-1] INFO  testCases.TC_001AccountRegistrationTest - LoginPage validation passed
2025-12-27 15:51:42.123 [TestNG-tests-1] INFO  testCases.TC_001AccountRegistrationTest - RegisterPage validation passed
2025-12-27 15:51:54.707 [TestNG-tests-1] INFO  testCases.TC_001AccountRegistrationTest - Registration Alert validation passed
2025-12-27 15:51:54.732 [TestNG-tests-1] INFO  testCases.TC_001AccountRegistrationTest - Registration completed successfully
2025-12-27 15:51:55.134 [TestNG-tests-1] INFO  testCases.TC_001AccountRegistrationTest - Browser closed successfully.
2025-12-27 15:51:55.559 [TestNG-tests-1] INFO  utilities.EmailReportSender - Sender email: ahsan.clariv@gmail.com
2025-12-27 15:51:55.559 [TestNG-tests-1] INFO  utilities.EmailReportSender - Sender password: mstv vggb nbmk kehz
2025-12-27 15:51:55.559 [TestNG-tests-1] INFO  utilities.EmailReportSender - SMTP properties: {mail.smtp.port=587, mail.smtp.auth=true, mail.smtp.starttls.enable=true, mail.smtp.host=smtp.gmail.com}
2025-12-27 15:52:02.411 [TestNG-tests-1] INFO  utilities.EmailReportSender - Report sent successfully to hafizgee07@gmail.com
2025-12-27 16:26:43.682 [TestNG-tests-1] INFO  testCases.TC_001AccountRegistrationTest - Starting test...
2025-12-27 16:26:52.236 [TestNG-tests-1] INFO  testCases.TC_001AccountRegistrationTest - Navigated to: https://demoqa.com/
2025-12-27 16:26:52.288 [TestNG-tests-1] INFO  testCases.TC_001AccountRegistrationTest - ===== Starting Account Registration Test =====
2025-12-27 16:26:52.405 [TestNG-tests-1] INFO  testCases.TC_001AccountRegistrationTest - HomePage validation passed
2025-12-27 16:26:52.852 [TestNG-tests-1] INFO  testCases.TC_001AccountRegistrationTest - BooksPage validation passed
2025-12-27 16:26:53.037 [TestNG-tests-1] INFO  testCases.TC_001AccountRegistrationTest - LoginPage validation passed
2025-12-27 16:26:53.319 [TestNG-tests-1] INFO  testCases.TC_001AccountRegistrationTest - RegisterPage validation passed
2025-12-27 16:27:05.740 [TestNG-tests-1] INFO  testCases.TC_001AccountRegistrationTest - Registration Alert validation passed
2025-12-27 16:27:05.751 [TestNG-tests-1] INFO  testCases.TC_001AccountRegistrationTest - Registration completed successfully
2025-12-27 16:27:05.967 [TestNG-tests-1] INFO  testCases.TC_001AccountRegistrationTest - Browser closed successfully.
2025-12-27 16:27:06.307 [TestNG-tests-1] INFO  utilities.EmailReportSender - Sender email: ahsan.clariv@gmail.com
2025-12-27 16:27:06.307 [TestNG-tests-1] INFO  utilities.EmailReportSender - Sender password: mstv vggb nbmk kehz
2025-12-27 16:27:06.307 [TestNG-tests-1] INFO  utilities.EmailReportSender - SMTP properties: {mail.smtp.port=587, mail.smtp.auth=true, mail.smtp.starttls.enable=true, mail.smtp.host=smtp.gmail.com}
2025-12-27 16:27:09.989 [TestNG-tests-1] INFO  utilities.EmailReportSender - Report sent successfully to hafizgee07@gmail.com
2025-12-27 16:27:27.002 [TestNG-tests-1] INFO  testCases.TC_002AccountRegistrationTestDDTxlsx - Starting test...
2025-12-27 16:27:53.736 [TestNG-tests-1] INFO  testCases.TC_002AccountRegistrationTestDDTxlsx - Navigated to: https://demoqa.com/
2025-12-27 16:27:53.755 [TestNG-tests-1] INFO  utilities.RegisterDataProvider - Reading Register data from Excel: testData/register_user.xlsx, Sheet: Sheet1
2025-12-27 16:27:53.757 [TestNG-tests-1] INFO  utilities.ExcelUtils - Opening Excel file: testData/register_user.xlsx
2025-12-27 16:27:54.752 [TestNG-tests-1] INFO  utilities.ExcelUtils - Loaded sheet: Sheet1
2025-12-27 16:27:54.752 [TestNG-tests-1] INFO  utilities.ExcelUtils - Row count retrieved: 7
2025-12-27 16:27:54.780 [TestNG-tests-1] INFO  utilities.RegisterDataProvider - Loaded Row 1 -> UserName: hafiz_ahsan1, ExpectedResult: Fail
2025-12-27 16:27:54.780 [TestNG-tests-1] INFO  utilities.RegisterDataProvider - Loaded Row 2 -> UserName: hafiz_ahsan2, ExpectedResult: Fail
2025-12-27 16:27:54.780 [TestNG-tests-1] INFO  utilities.RegisterDataProvider - Loaded Row 3 -> UserName: hafiz_ahsan3, ExpectedResult: Fail
2025-12-27 16:27:54.784 [TestNG-tests-1] INFO  utilities.RegisterDataProvider - Loaded Row 4 -> UserName: hafiz_ahsan4, ExpectedResult: Fail
2025-12-27 16:27:54.784 [TestNG-tests-1] INFO  utilities.RegisterDataProvider - Loaded Row 5 -> UserName: hafiz_ahsan, ExpectedResult: Fail
2025-12-27 16:27:54.784 [TestNG-tests-1] INFO  utilities.RegisterDataProvider - Loaded Row 6 -> UserName: hafiz@gmail.com, ExpectedResult: Pass
2025-12-27 16:27:54.784 [TestNG-tests-1] INFO  utilities.ExcelUtils - Workbook closed.
2025-12-27 16:27:54.784 [TestNG-tests-1] INFO  utilities.RegisterDataProvider - Excel workbook closed.
2025-12-27 16:27:54.868 [TestNG-tests-1] INFO  testCases.TC_002AccountRegistrationTestDDTxlsx - ===== Starting Registration DDT Test for: hafiz_ahsan1 =====
2025-12-27 16:27:54.868 [TestNG-tests-1] INFO  utilities.ExcelUtils - Opening Excel file: testData/register_user.xlsx
2025-12-27 16:27:54.927 [TestNG-tests-1] INFO  utilities.ExcelUtils - Loaded sheet: Sheet1
2025-12-27 16:27:55.085 [TestNG-tests-1] INFO  testCases.TC_002AccountRegistrationTestDDTxlsx - HomePage validation passed
2025-12-27 16:27:55.324 [TestNG-tests-1] INFO  testCases.TC_002AccountRegistrationTestDDTxlsx - BooksPage validation passed
2025-12-27 16:27:55.461 [TestNG-tests-1] INFO  testCases.TC_002AccountRegistrationTestDDTxlsx - LoginPage validation passed
2025-12-27 16:28:11.585 [TestNG-tests-1] ERROR testCases.TC_002AccountRegistrationTestDDTxlsx - Exception for user: hafiz_ahsan1 | Expected condition failed: waiting for alert to be present (tried for 5 second(s) with 500 milliseconds interval)
Build info: version: '4.38.0', revision: '6b412e825c*'
System info: os.name: 'Windows 11', os.arch: 'amd64', os.version: '10.0', java.version: '21.0.3'
Driver info: org.openqa.selenium.chrome.ChromeDriver
Capabilities {acceptInsecureCerts: false, browserName: chrome, browserVersion: 143.0.7499.111, chrome: {chromedriverVersion: 143.0.7499.169 (164b20aab62..., userDataDir: C:\Users\HAFIZM~2\AppData\L...}, fedcm:accounts: true, goog:chromeOptions: {debuggerAddress: localhost:65389}, goog:processID: 8980, networkConnectionEnabled: false, pageLoadStrategy: normal, platformName: windows, proxy: Proxy(), se:cdp: ws://localhost:65389/devtoo..., se:cdpVersion: 143.0.7499.111, setWindowRect: true, strictFileInteractability: false, timeouts: {implicit: 0, pageLoad: 300000, script: 30000}, unhandledPromptBehavior: dismiss and notify, webauthn:extension:credBlob: true, webauthn:extension:largeBlob: true, webauthn:extension:minPinLength: true, webauthn:extension:prf: true, webauthn:virtualAuthenticators: true}
Session ID: bab1acbfcad32fd1187824f8f80294d2
2025-12-27 16:28:11.791 [TestNG-tests-1] INFO  utilities.ExcelUtils - Written data to Excel [1][5]: Fail
2025-12-27 16:28:11.826 [TestNG-tests-1] INFO  utilities.ExcelUtils - Written data to Excel [1][6]: Test Failed
2025-12-27 16:28:11.826 [TestNG-tests-1] INFO  utilities.ExcelUtils - Workbook closed.
2025-12-27 16:28:12.846 [TestNG-tests-1] INFO  utilities.ScreenshotUtil - Screenshot saved to: D:\SeleniumLearning\DemoQa/screenshots/accountRegistration_20251227162812.png
2025-12-27 16:28:12.865 [TestNG-tests-1] INFO  testCases.TC_002AccountRegistrationTestDDTxlsx - ===== Starting Registration DDT Test for: hafiz_ahsan2 =====
2025-12-27 16:28:12.866 [TestNG-tests-1] INFO  utilities.ExcelUtils - Opening Excel file: testData/register_user.xlsx
2025-12-27 16:28:12.928 [TestNG-tests-1] INFO  utilities.ExcelUtils - Loaded sheet: Sheet1
2025-12-27 16:28:12.995 [TestNG-tests-1] INFO  testCases.TC_002AccountRegistrationTestDDTxlsx - HomePage validation passed
2025-12-27 16:28:13.212 [TestNG-tests-1] INFO  testCases.TC_002AccountRegistrationTestDDTxlsx - BooksPage validation passed
2025-12-27 16:28:13.350 [TestNG-tests-1] INFO  testCases.TC_002AccountRegistrationTestDDTxlsx - LoginPage validation passed
2025-12-27 16:28:29.468 [TestNG-tests-1] ERROR testCases.TC_002AccountRegistrationTestDDTxlsx - Exception for user: hafiz_ahsan2 | Expected condition failed: waiting for alert to be present (tried for 5 second(s) with 500 milliseconds interval)
Build info: version: '4.38.0', revision: '6b412e825c*'
System info: os.name: 'Windows 11', os.arch: 'amd64', os.version: '10.0', java.version: '21.0.3'
Driver info: org.openqa.selenium.chrome.ChromeDriver
Capabilities {acceptInsecureCerts: false, browserName: chrome, browserVersion: 143.0.7499.111, chrome: {chromedriverVersion: 143.0.7499.169 (164b20aab62..., userDataDir: C:\Users\HAFIZM~2\AppData\L...}, fedcm:accounts: true, goog:chromeOptions: {debuggerAddress: localhost:65389}, goog:processID: 8980, networkConnectionEnabled: false, pageLoadStrategy: normal, platformName: windows, proxy: Proxy(), se:cdp: ws://localhost:65389/devtoo..., se:cdpVersion: 143.0.7499.111, setWindowRect: true, strictFileInteractability: false, timeouts: {implicit: 0, pageLoad: 300000, script: 30000}, unhandledPromptBehavior: dismiss and notify, webauthn:extension:credBlob: true, webauthn:extension:largeBlob: true, webauthn:extension:minPinLength: true, webauthn:extension:prf: true, webauthn:virtualAuthenticators: true}
Session ID: bab1acbfcad32fd1187824f8f80294d2
2025-12-27 16:28:29.499 [TestNG-tests-1] INFO  utilities.ExcelUtils - Written data to Excel [2][5]: Fail
2025-12-27 16:28:29.532 [TestNG-tests-1] INFO  utilities.ExcelUtils - Written data to Excel [2][6]: Test Failed
2025-12-27 16:28:29.547 [TestNG-tests-1] INFO  utilities.ExcelUtils - Workbook closed.
2025-12-27 16:28:30.708 [TestNG-tests-1] INFO  utilities.ScreenshotUtil - Screenshot saved to: D:\SeleniumLearning\DemoQa/screenshots/accountRegistration_20251227162830.png
2025-12-27 16:28:30.709 [TestNG-tests-1] INFO  testCases.TC_002AccountRegistrationTestDDTxlsx - ===== Starting Registration DDT Test for: hafiz_ahsan3 =====
2025-12-27 16:28:30.709 [TestNG-tests-1] INFO  utilities.ExcelUtils - Opening Excel file: testData/register_user.xlsx
2025-12-27 16:28:30.750 [TestNG-tests-1] INFO  utilities.ExcelUtils - Loaded sheet: Sheet1
2025-12-27 16:28:30.842 [TestNG-tests-1] INFO  testCases.TC_002AccountRegistrationTestDDTxlsx - HomePage validation passed
2025-12-27 16:28:31.031 [TestNG-tests-1] INFO  testCases.TC_002AccountRegistrationTestDDTxlsx - BooksPage validation passed
2025-12-27 16:28:31.177 [TestNG-tests-1] INFO  testCases.TC_002AccountRegistrationTestDDTxlsx - LoginPage validation passed
2025-12-27 16:28:47.039 [TestNG-tests-1] ERROR testCases.TC_002AccountRegistrationTestDDTxlsx - Exception for user: hafiz_ahsan3 | Expected condition failed: waiting for alert to be present (tried for 5 second(s) with 500 milliseconds interval)
Build info: version: '4.38.0', revision: '6b412e825c*'
System info: os.name: 'Windows 11', os.arch: 'amd64', os.version: '10.0', java.version: '21.0.3'
Driver info: org.openqa.selenium.chrome.ChromeDriver
Capabilities {acceptInsecureCerts: false, browserName: chrome, browserVersion: 143.0.7499.111, chrome: {chromedriverVersion: 143.0.7499.169 (164b20aab62..., userDataDir: C:\Users\HAFIZM~2\AppData\L...}, fedcm:accounts: true, goog:chromeOptions: {debuggerAddress: localhost:65389}, goog:processID: 8980, networkConnectionEnabled: false, pageLoadStrategy: normal, platformName: windows, proxy: Proxy(), se:cdp: ws://localhost:65389/devtoo..., se:cdpVersion: 143.0.7499.111, setWindowRect: true, strictFileInteractability: false, timeouts: {implicit: 0, pageLoad: 300000, script: 30000}, unhandledPromptBehavior: dismiss and notify, webauthn:extension:credBlob: true, webauthn:extension:largeBlob: true, webauthn:extension:minPinLength: true, webauthn:extension:prf: true, webauthn:virtualAuthenticators: true}
Session ID: bab1acbfcad32fd1187824f8f80294d2
2025-12-27 16:28:47.086 [TestNG-tests-1] INFO  utilities.ExcelUtils - Written data to Excel [3][5]: Fail
2025-12-27 16:28:47.106 [TestNG-tests-1] INFO  utilities.ExcelUtils - Written data to Excel [3][6]: Test Failed
2025-12-27 16:28:47.106 [TestNG-tests-1] INFO  utilities.ExcelUtils - Workbook closed.
2025-12-27 16:28:48.562 [TestNG-tests-1] INFO  utilities.ScreenshotUtil - Screenshot saved to: D:\SeleniumLearning\DemoQa/screenshots/accountRegistration_20251227162848.png
2025-12-27 16:28:48.562 [TestNG-tests-1] INFO  testCases.TC_002AccountRegistrationTestDDTxlsx - ===== Starting Registration DDT Test for: hafiz_ahsan4 =====
2025-12-27 16:28:48.562 [TestNG-tests-1] INFO  utilities.ExcelUtils - Opening Excel file: testData/register_user.xlsx
2025-12-27 16:28:48.610 [TestNG-tests-1] INFO  utilities.ExcelUtils - Loaded sheet: Sheet1
2025-12-27 16:28:48.698 [TestNG-tests-1] INFO  testCases.TC_002AccountRegistrationTestDDTxlsx - HomePage validation passed
2025-12-27 16:28:48.866 [TestNG-tests-1] INFO  testCases.TC_002AccountRegistrationTestDDTxlsx - BooksPage validation passed
2025-12-27 16:28:48.991 [TestNG-tests-1] INFO  testCases.TC_002AccountRegistrationTestDDTxlsx - LoginPage validation passed
2025-12-27 16:29:04.962 [TestNG-tests-1] ERROR testCases.TC_002AccountRegistrationTestDDTxlsx - Exception for user: hafiz_ahsan4 | Expected condition failed: waiting for alert to be present (tried for 5 second(s) with 500 milliseconds interval)
Build info: version: '4.38.0', revision: '6b412e825c*'
System info: os.name: 'Windows 11', os.arch: 'amd64', os.version: '10.0', java.version: '21.0.3'
Driver info: org.openqa.selenium.chrome.ChromeDriver
Capabilities {acceptInsecureCerts: false, browserName: chrome, browserVersion: 143.0.7499.111, chrome: {chromedriverVersion: 143.0.7499.169 (164b20aab62..., userDataDir: C:\Users\HAFIZM~2\AppData\L...}, fedcm:accounts: true, goog:chromeOptions: {debuggerAddress: localhost:65389}, goog:processID: 8980, networkConnectionEnabled: false, pageLoadStrategy: normal, platformName: windows, proxy: Proxy(), se:cdp: ws://localhost:65389/devtoo..., se:cdpVersion: 143.0.7499.111, setWindowRect: true, strictFileInteractability: false, timeouts: {implicit: 0, pageLoad: 300000, script: 30000}, unhandledPromptBehavior: dismiss and notify, webauthn:extension:credBlob: true, webauthn:extension:largeBlob: true, webauthn:extension:minPinLength: true, webauthn:extension:prf: true, webauthn:virtualAuthenticators: true}
Session ID: bab1acbfcad32fd1187824f8f80294d2
2025-12-27 16:29:04.994 [TestNG-tests-1] INFO  utilities.ExcelUtils - Written data to Excel [4][5]: Fail
2025-12-27 16:29:05.026 [TestNG-tests-1] INFO  utilities.ExcelUtils - Written data to Excel [4][6]: Test Failed
2025-12-27 16:29:05.026 [TestNG-tests-1] INFO  utilities.ExcelUtils - Workbook closed.
2025-12-27 16:29:06.177 [TestNG-tests-1] INFO  utilities.ScreenshotUtil - Screenshot saved to: D:\SeleniumLearning\DemoQa/screenshots/accountRegistration_20251227162906.png
2025-12-27 16:29:06.184 [TestNG-tests-1] INFO  testCases.TC_002AccountRegistrationTestDDTxlsx - ===== Starting Registration DDT Test for: hafiz_ahsan =====
2025-12-27 16:29:06.184 [TestNG-tests-1] INFO  utilities.ExcelUtils - Opening Excel file: testData/register_user.xlsx
2025-12-27 16:29:06.210 [TestNG-tests-1] INFO  utilities.ExcelUtils - Loaded sheet: Sheet1
2025-12-27 16:29:06.327 [TestNG-tests-1] INFO  testCases.TC_002AccountRegistrationTestDDTxlsx - HomePage validation passed
2025-12-27 16:29:06.456 [TestNG-tests-1] INFO  testCases.TC_002AccountRegistrationTestDDTxlsx - BooksPage validation passed
2025-12-27 16:29:06.614 [TestNG-tests-1] INFO  testCases.TC_002AccountRegistrationTestDDTxlsx - LoginPage validation passed
2025-12-27 16:29:22.744 [TestNG-tests-1] ERROR testCases.TC_002AccountRegistrationTestDDTxlsx - Exception for user: hafiz_ahsan | Expected condition failed: waiting for alert to be present (tried for 5 second(s) with 500 milliseconds interval)
Build info: version: '4.38.0', revision: '6b412e825c*'
System info: os.name: 'Windows 11', os.arch: 'amd64', os.version: '10.0', java.version: '21.0.3'
Driver info: org.openqa.selenium.chrome.ChromeDriver
Capabilities {acceptInsecureCerts: false, browserName: chrome, browserVersion: 143.0.7499.111, chrome: {chromedriverVersion: 143.0.7499.169 (164b20aab62..., userDataDir: C:\Users\HAFIZM~2\AppData\L...}, fedcm:accounts: true, goog:chromeOptions: {debuggerAddress: localhost:65389}, goog:processID: 8980, networkConnectionEnabled: false, pageLoadStrategy: normal, platformName: windows, proxy: Proxy(), se:cdp: ws://localhost:65389/devtoo..., se:cdpVersion: 143.0.7499.111, setWindowRect: true, strictFileInteractability: false, timeouts: {implicit: 0, pageLoad: 300000, script: 30000}, unhandledPromptBehavior: dismiss and notify, webauthn:extension:credBlob: true, webauthn:extension:largeBlob: true, webauthn:extension:minPinLength: true, webauthn:extension:prf: true, webauthn:virtualAuthenticators: true}
Session ID: bab1acbfcad32fd1187824f8f80294d2
2025-12-27 16:29:22.776 [TestNG-tests-1] INFO  utilities.ExcelUtils - Written data to Excel [5][5]: Fail
2025-12-27 16:29:22.792 [TestNG-tests-1] INFO  utilities.ExcelUtils - Written data to Excel [5][6]: Test Failed
2025-12-27 16:29:22.792 [TestNG-tests-1] INFO  utilities.ExcelUtils - Workbook closed.
2025-12-27 16:29:23.986 [TestNG-tests-1] INFO  utilities.ScreenshotUtil - Screenshot saved to: D:\SeleniumLearning\DemoQa/screenshots/accountRegistration_20251227162923.png
2025-12-27 16:29:23.992 [TestNG-tests-1] INFO  testCases.TC_002AccountRegistrationTestDDTxlsx - ===== Starting Registration DDT Test for: hafiz@gmail.com =====
2025-12-27 16:29:23.992 [TestNG-tests-1] INFO  utilities.ExcelUtils - Opening Excel file: testData/register_user.xlsx
2025-12-27 16:29:24.020 [TestNG-tests-1] INFO  utilities.ExcelUtils - Loaded sheet: Sheet1
2025-12-27 16:29:24.107 [TestNG-tests-1] INFO  testCases.TC_002AccountRegistrationTestDDTxlsx - HomePage validation passed
2025-12-27 16:29:24.239 [TestNG-tests-1] INFO  testCases.TC_002AccountRegistrationTestDDTxlsx - BooksPage validation passed
2025-12-27 16:29:24.342 [TestNG-tests-1] INFO  testCases.TC_002AccountRegistrationTestDDTxlsx - LoginPage validation passed
2025-12-27 16:29:40.414 [TestNG-tests-1] ERROR testCases.TC_002AccountRegistrationTestDDTxlsx - Exception for user: hafiz@gmail.com | Expected condition failed: waiting for alert to be present (tried for 5 second(s) with 500 milliseconds interval)
Build info: version: '4.38.0', revision: '6b412e825c*'
System info: os.name: 'Windows 11', os.arch: 'amd64', os.version: '10.0', java.version: '21.0.3'
Driver info: org.openqa.selenium.chrome.ChromeDriver
Capabilities {acceptInsecureCerts: false, browserName: chrome, browserVersion: 143.0.7499.111, chrome: {chromedriverVersion: 143.0.7499.169 (164b20aab62..., userDataDir: C:\Users\HAFIZM~2\AppData\L...}, fedcm:accounts: true, goog:chromeOptions: {debuggerAddress: localhost:65389}, goog:processID: 8980, networkConnectionEnabled: false, pageLoadStrategy: normal, platformName: windows, proxy: Proxy(), se:cdp: ws://localhost:65389/devtoo..., se:cdpVersion: 143.0.7499.111, setWindowRect: true, strictFileInteractability: false, timeouts: {implicit: 0, pageLoad: 300000, script: 30000}, unhandledPromptBehavior: dismiss and notify, webauthn:extension:credBlob: true, webauthn:extension:largeBlob: true, webauthn:extension:minPinLength: true, webauthn:extension:prf: true, webauthn:virtualAuthenticators: true}
Session ID: bab1acbfcad32fd1187824f8f80294d2
2025-12-27 16:29:40.445 [TestNG-tests-1] INFO  utilities.ExcelUtils - Written data to Excel [6][5]: Fail
2025-12-27 16:29:40.462 [TestNG-tests-1] INFO  utilities.ExcelUtils - Written data to Excel [6][6]: Test Failed
2025-12-27 16:29:40.462 [TestNG-tests-1] INFO  utilities.ExcelUtils - Workbook closed.
2025-12-27 16:29:41.636 [TestNG-tests-1] INFO  utilities.ScreenshotUtil - Screenshot saved to: D:\SeleniumLearning\DemoQa/screenshots/accountRegistration_20251227162941.png
2025-12-27 16:29:41.890 [TestNG-tests-1] INFO  testCases.TC_002AccountRegistrationTestDDTxlsx - Browser closed successfully.
2025-12-27 16:29:42.193 [TestNG-tests-1] INFO  utilities.EmailReportSender - Sender email: ahsan.clariv@gmail.com
2025-12-27 16:29:42.193 [TestNG-tests-1] INFO  utilities.EmailReportSender - Sender password: mstv vggb nbmk kehz
2025-12-27 16:29:42.193 [TestNG-tests-1] INFO  utilities.EmailReportSender - SMTP properties: {mail.smtp.port=587, mail.smtp.auth=true, mail.smtp.starttls.enable=true, mail.smtp.host=smtp.gmail.com}
2025-12-27 16:29:47.233 [TestNG-tests-1] INFO  utilities.EmailReportSender - Report sent successfully to hafizgee07@gmail.com
